Log file open, 04/26/19 22:51:08
LogWindows: Failed to load 'aqProf.dll' (GetLastError=126)
LogWindows: File 'aqProf.dll' does not exist
LogWindows: Failed to load 'VtuneApi.dll' (GetLastError=126)
LogWindows: File 'VtuneApi.dll' does not exist
LogWindows: Failed to load 'VtuneApi32e.dll' (GetLastError=126)
LogWindows: File 'VtuneApi32e.dll' does not exist
LogInit: Display: Running engine for game: PawnTrials
LogPlatformFile: Not using cached read wrapper
LogTaskGraph: Started task graph with 5 named threads and 14 total threads with 3 sets of task threads.
LogStats: Stats thread started at 0.206241
LogD3D11RHI: Loaded GFSDK_Aftermath_Lib.x64.dll
LogICUInternationalization: Display: ICU TimeZone Detection - Raw Offset: +0:00, Platform Override: ''
LogPluginManager: Mounting plugin Paper2D
LogPluginManager: Mounting plugin AISupport
LogPluginManager: Mounting plugin LightPropagationVolume
LogPluginManager: Mounting plugin CLionSourceCodeAccess
LogPluginManager: Mounting plugin CodeLiteSourceCodeAccess
LogPluginManager: Mounting plugin GitSourceControl
LogPluginManager: Mounting plugin KDevelopSourceCodeAccess
LogPluginManager: Mounting plugin NullSourceCodeAccess
LogPluginManager: Mounting plugin PerforceSourceControl
LogPluginManager: Mounting plugin SubversionSourceControl
LogPluginManager: Mounting plugin UObjectPlugin
LogPluginManager: Mounting plugin VisualStudioCodeSourceCodeAccess
LogPluginManager: Mounting plugin VisualStudioSourceCodeAccess
LogPluginManager: Mounting plugin XCodeSourceCodeAccess
LogPluginManager: Mounting plugin AssetManagerEditor
LogPluginManager: Mounting plugin CryptoKeys
LogPluginManager: Mounting plugin DataValidation
LogPluginManager: Mounting plugin FacialAnimation
LogPluginManager: Mounting plugin GameplayTagsEditor
LogPluginManager: Mounting plugin MacGraphicsSwitching
LogPluginManager: Mounting plugin MeshEditor
LogPluginManager: Mounting plugin MobileLauncherProfileWizard
LogPluginManager: Mounting plugin PluginBrowser
LogPluginManager: Mounting plugin SpeedTreeImporter
LogPluginManager: Mounting plugin DatasmithContent
LogPluginManager: Mounting plugin AlembicImporter
LogPluginManager: Mounting plugin AppleImageUtils
LogPluginManager: Mounting plugin AppleVision
LogPluginManager: Mounting plugin BackChannel
LogPluginManager: Mounting plugin CharacterAI
LogPluginManager: Mounting plugin GeometryCache
LogPluginManager: Mounting plugin HTML5Networking
LogPluginManager: Mounting plugin ProxyLODPlugin
LogPluginManager: Mounting plugin MagicLeap
LogPluginManager: Mounting plugin MagicLeapEmulator
LogPluginManager: Mounting plugin MagicLeapMedia
LogPluginManager: Mounting plugin AndroidMedia
LogPluginManager: Mounting plugin AvfMedia
LogPluginManager: Mounting plugin ImgMedia
LogPluginManager: Mounting plugin LinearTimecode
LogPluginManager: Mounting plugin MediaCompositing
LogPluginManager: Mounting plugin MediaPlayerEditor
LogPluginManager: Mounting plugin WmfMedia
LogPluginManager: Mounting plugin TcpMessaging
LogPluginManager: Mounting plugin UdpMessaging
LogPluginManager: Mounting plugin ActorSequence
LogPluginManager: Mounting plugin LevelSequenceEditor
LogPluginManager: Mounting plugin MatineeToLevelSequence
LogPluginManager: Mounting plugin NetcodeUnitTest
LogPluginManager: Mounting plugin NUTUnrealEngine4
LogPluginManager: Mounting plugin OnlineSubsystemGooglePlay
LogPluginManager: Mounting plugin OnlineSubsystemIOS
LogPluginManager: Mounting plugin OnlineSubsystem
LogPluginManager: Mounting plugin OnlineSubsystemNull
LogPluginManager: Mounting plugin OnlineSubsystemUtils
LogPluginManager: Mounting plugin LauncherChunkInstaller
LogPluginManager: Mounting plugin AndroidDeviceProfileSelector
LogPluginManager: Mounting plugin AndroidMoviePlayer
LogPluginManager: Mounting plugin AndroidPermission
LogPluginManager: Mounting plugin AppleMoviePlayer
LogPluginManager: Mounting plugin ArchVisCharacter
LogPluginManager: Mounting plugin AudioCapture
LogPluginManager: Mounting plugin CableComponent
LogPluginManager: Mounting plugin CustomMeshComponent
LogPluginManager: Mounting plugin EditableMesh
LogPluginManager: Mounting plugin ExampleDeviceProfileSelector
LogPluginManager: Mounting plugin GoogleCloudMessaging
LogPluginManager: Mounting plugin ImmediatePhysics
LogPluginManager: Mounting plugin IOSDeviceProfileSelector
LogPluginManager: Mounting plugin LinuxDeviceProfileSelector
LogPluginManager: Mounting plugin LocationServicesBPLibrary
LogPluginManager: Mounting plugin MobilePatchingUtils
LogPluginManager: Mounting plugin OculusVR
LogPluginManager: Plugin shader directory ../../../Engine/Plugins/Runtime/Oculus/OculusVR/Shaders found
LogPluginManager: Mapping shader source directory ../../../Engine/Plugins/Runtime/Oculus/OculusVR/Shaders to virtual directory /Plugin/OculusVR
LogPluginManager: Mounting plugin PhysXVehicles
LogPluginManager: Mounting plugin ProceduralMeshComponent
LogPluginManager: Mounting plugin RuntimePhysXCooking
LogPluginManager: Mounting plugin SteamVR
LogPluginManager: Mounting plugin WindowsMoviePlayer
LogStreaming: Display: Took  0.084s to configure plugins.
LogInit: Using libcurl 7.55.1-DEV
LogInit:  - built for x86_64-pc-win32
LogInit:  - supports SSL with OpenSSL/1.0.2h
LogInit:  - supports HTTP deflate (compression) using libz 1.2.8
LogInit:  - other features:
LogInit:      CURL_VERSION_SSL
LogInit:      CURL_VERSION_LIBZ
LogInit:      CURL_VERSION_IPV6
LogInit:      CURL_VERSION_ASYNCHDNS
LogInit:      CURL_VERSION_LARGEFILE
LogInit:      CURL_VERSION_IDN
LogInit:  CurlRequestOptions (configurable via config and command line):
LogInit:  - bVerifyPeer = false  - Libcurl will NOT verify peer certificate
LogInit:  - bUseHttpProxy = false  - Libcurl will NOT use HTTP proxy
LogInit:  - bDontReuseConnections = false  - Libcurl will reuse connections
LogInit:  - CertBundlePath = nullptr  - Libcurl will use whatever was configured at build time.
LogInit:  - MaxHostConnections = 16  - Libcurl will limit the number of connections to a host
LogInit:  - LocalHostAddr = Default
LogInit:  - BufferSize = 65536
LogInit: WinSock: version 1.1 (2.2), MaxSocks=32767, MaxUdp=65467
LogInit: Build: ++UE4+Release-4.20-CL-4369336
LogInit: Engine Version: 4.20.3-4369336+++UE4+Release-4.20
LogInit: Compatible Engine Version: 4.20.0-4212847+++UE4+Release-4.20
LogInit: Net CL: 4212847
LogInit: OS: Windows 10 (), CPU:        Intel(R) Core(TM) i5-2500K CPU @ 3.30GHz, GPU: AMD Radeon (TM) R9 390 Series
LogInit: Compiled (64-bit): Sep 17 2018 12:26:19
LogInit: Compiled with Visual C++: 19.13.26129.00
LogInit: Build Configuration: Development
LogInit: Branch Name: ++UE4+Release-4.20
LogInit: Command Line: -EpicPortal  -epicusername="darkrapture" -epicuserid=e78b915f4f364be3a84927dec349c220 -epiclocale=en-GB
LogInit: Base Directory: E:/Epic Games/UE_4.20/Engine/Binaries/Win64/
LogInit: Installed Engine Build: 1
LogDevObjectVersion: Number of dev versions registered: 20
LogDevObjectVersion:   Dev-Blueprints (B0D832E4-1F89-4F0D-ACCF-7EB736FD4AA2): 10
LogDevObjectVersion:   Dev-Build (E1C64328-A22C-4D53-A36C-8E866417BD8C): 0
LogDevObjectVersion:   Dev-Core (375EC13C-06E4-48FB-B500-84F0262A717E): 2
LogDevObjectVersion:   Dev-Editor (E4B068ED-F494-42E9-A231-DA0B2E46BB41): 24
LogDevObjectVersion:   Dev-Framework (CFFC743F-43B0-4480-9391-14DF171D2073): 34
LogDevObjectVersion:   Dev-Mobile (B02B49B5-BB20-44E9-A304-32B752E40360): 2
LogDevObjectVersion:   Dev-Networking (A4E4105C-59A1-49B5-A7C5-40C4547EDFEE): 0
LogDevObjectVersion:   Dev-Online (39C831C9-5AE6-47DC-9A44-9C173E1C8E7C): 0
LogDevObjectVersion:   Dev-Physics (78F01B33-EBEA-4F98-B9B4-84EACCB95AA2): 0
LogDevObjectVersion:   Dev-Platform (6631380F-2D4D-43E0-8009-CF276956A95A): 0
LogDevObjectVersion:   Dev-Rendering (12F88B9F-8875-4AFC-A67C-D90C383ABD29): 26
LogDevObjectVersion:   Dev-Sequencer (7B5AE74C-D270-4C10-A958-57980B212A5A): 9
LogDevObjectVersion:   Dev-VR (D7296918-1DD6-4BDD-9DE2-64A83CC13884): 2
LogDevObjectVersion:   Dev-LoadTimes (C2A15278-BFE7-4AFE-6C17-90FF531DF755): 1
LogDevObjectVersion:   Private-Geometry (6EACA3D4-40EC-4CC1-B786-8BED09428FC5): 3
LogDevObjectVersion:   Dev-AnimPhys (29E575DD-E0A3-4627-9D10-D276232CDCEA): 17
LogDevObjectVersion:   Dev-ReflectionCapture (6B266CEC-1EC7-4B8F-A30B-E4D90942FC07): 1
LogDevObjectVersion:   Dev-Automation (0DF73D61-A23F-47EA-B727-89E90C41499A): 1
LogDevObjectVersion:   FortniteMain (601D1886-AC64-4F84-AA16-D3DE0DEAC7D6): 12
LogDevObjectVersion:   Dev-Enterprise (9DFFBCD6-494F-0158-E221-12823C92A888): 1
LogStreaming: Display: Took  0.001s to delete old logs.
LogInit: Presizing for max 8388607 objects, including 0 objects not considered by GC, pre-allocating 0 bytes for permanent pool.
LogInit: Object subsystem initialized
[2019.04.26-21.51.08:598][  0]LogInit: Selected Device Profile: [Windows]
[2019.04.26-21.51.08:598][  0]LogInit: Applying CVar settings loaded from the selected device profile: [Windows]
[2019.04.26-21.51.08:610][  0]LogHAL: Display: Platform has ~ 16 GB [17162162176 / 17179869184 / 16], which maps to Larger [LargestMinGB=32, LargerMinGB=12, DefaultMinGB=8, SmallerMinGB=6, SmallestMinGB=0)
[2019.04.26-21.51.08:610][  0]LogInit: Setting Device Profile CVar: [[r.Vulkan.UseRealUBs:1]]
[2019.04.26-21.51.08:610][  0]LogInit: Going up to parent DeviceProfile []
[2019.04.26-21.51.08:610][  0]LogInit: Computer: DESKTOP-O7A90MJ
[2019.04.26-21.51.08:610][  0]LogInit: User: leere
[2019.04.26-21.51.08:610][  0]LogInit: CPU Page size=4096, Cores=4
[2019.04.26-21.51.08:610][  0]LogInit: High frequency timer resolution =3.215352 MHz
[2019.04.26-21.51.08:610][  0]LogMemory: Memory total: Physical=16.0GB (16GB approx)
[2019.04.26-21.51.08:610][  0]LogMemory: Platform Memory Stats for Windows
[2019.04.26-21.51.08:610][  0]LogMemory: Process Physical Memory: 100.68 MB used, 100.68 MB peak
[2019.04.26-21.51.08:610][  0]LogMemory: Process Virtual Memory: 84.21 MB used, 84.21 MB peak
[2019.04.26-21.51.08:610][  0]LogMemory: Physical Memory: 6817.43 MB used,  9549.68 MB free, 16367.11 MB total
[2019.04.26-21.51.08:610][  0]LogMemory: Virtual Memory: 4620.80 MB used,  9549.68 MB free, 134217728.00 MB total
[2019.04.26-21.51.08:630][  0]LogInit: Using OS detected language (en-GB).
[2019.04.26-21.51.08:630][  0]LogInit: Using OS detected locale (en-GB).
[2019.04.26-21.51.08:630][  0]LogTextLocalizationManager: No specific localization for 'en-GB' exists, so the 'en' localization will be used.
[2019.04.26-21.51.09:002][  0]LogStreaming: Display: Took  0.374s to InitEngineTextLocalization.
[2019.04.26-21.51.09:003][  0]LogInit: Setting process to per monitor DPI aware
[2019.04.26-21.51.09:033][  0]LogSlate: New Slate User Created.  User Index 0, Is Virtual User: 0
[2019.04.26-21.51.09:033][  0]LogSlate: Slate User Registered.  User Index 0, Is Virtual User: 0
[2019.04.26-21.51.09:245][  0]LogHMD: Failed to initialize OpenVR with code 110
[2019.04.26-21.51.09:245][  0]LogD3D11RHI: D3D11 adapters:
[2019.04.26-21.51.09:268][  0]LogD3D11RHI:    0. 'AMD Radeon (TM) R9 390 Series' (Feature Level 11_0)
[2019.04.26-21.51.09:268][  0]LogD3D11RHI:       8168/0/8183 MB DedicatedVideo/DedicatedSystem/SharedSystem, Outputs:2, VendorId:0x1002
[2019.04.26-21.51.09:270][  0]LogD3D11RHI:    1. 'Microsoft Basic Render Driver' (Feature Level 11_0)
[2019.04.26-21.51.09:270][  0]LogD3D11RHI:       0/0/8183 MB DedicatedVideo/DedicatedSystem/SharedSystem, Outputs:0, VendorId:0x1414
[2019.04.26-21.51.09:270][  0]LogD3D11RHI: Chosen D3D11 Adapter: 0
[2019.04.26-21.51.09:277][  0]LogD3D11RHI: Creating new Direct3DDevice
[2019.04.26-21.51.09:277][  0]LogD3D11RHI:     GPU DeviceId: 0x67b1 (for the marketing name, search the web for "GPU Device Id")
[2019.04.26-21.51.09:277][  0]LogWindows: EnumDisplayDevices:
[2019.04.26-21.51.09:277][  0]LogWindows:    0. 'AMD Radeon (TM) R9 390 Series' (P:0 D:1)
[2019.04.26-21.51.09:278][  0]LogWindows:    1. 'AMD Radeon (TM) R9 390 Series' (P:1 D:1)
[2019.04.26-21.51.09:278][  0]LogWindows:    2. 'AMD Radeon (TM) R9 390 Series' (P:0 D:0)
[2019.04.26-21.51.09:279][  0]LogWindows:    3. 'AMD Radeon (TM) R9 390 Series' (P:0 D:0)
[2019.04.26-21.51.09:279][  0]LogWindows:    4. 'AMD Radeon (TM) R9 390 Series' (P:0 D:0)
[2019.04.26-21.51.09:280][  0]LogWindows:    5. 'AMD Radeon (TM) R9 390 Series' (P:0 D:0)
[2019.04.26-21.51.09:280][  0]LogWindows: DebugString: FoundDriverCount:6 
[2019.04.26-21.51.09:280][  0]LogD3D11RHI:     Adapter Name: AMD Radeon (TM) R9 390 Series
[2019.04.26-21.51.09:280][  0]LogD3D11RHI:   Driver Version: Crimson ReLive 17.7 (internal:22.19.677.257, unified:22.19.677.257)
[2019.04.26-21.51.09:280][  0]LogD3D11RHI:      Driver Date: 9-22-2017
[2019.04.26-21.51.09:281][  0]LogRHI: Texture pool is 5717 MB (70% of 8168 MB)
[2019.04.26-21.51.09:318][  0]LogD3D11RHI: Async texture creation enabled
[2019.04.26-21.51.09:330][  0]LogD3D11RHI: GPU Timing Frequency: 27.000000 (Debug: 2 1)
[2019.04.26-21.51.09:332][  0]LogShaderCompilers: Guid format shader working directory is 17 characters bigger than the processId version (G:/unreal projects/PawnTrials/Intermediate/Shaders/WorkingDirectory/6396/).
[2019.04.26-21.51.09:332][  0]LogShaderCompilers: Cleaned the shader compiler working directory 'C:/Users/leere/AppData/Local/Temp/UnrealShaderWorkingDir/6BECD2C64ED82E3C3F17F3B401C4C002/'.
[2019.04.26-21.51.09:633][  0]LogTemp: Display: Loaded TP AllDesktopTargetPlatform
[2019.04.26-21.51.09:647][  0]LogTemp: Display: Loaded TP MacClientTargetPlatform
[2019.04.26-21.51.09:661][  0]LogTemp: Display: Loaded TP MacNoEditorTargetPlatform
[2019.04.26-21.51.09:676][  0]LogTemp: Display: Loaded TP MacServerTargetPlatform
[2019.04.26-21.51.09:690][  0]LogTemp: Display: Loaded TP MacTargetPlatform
[2019.04.26-21.51.09:705][  0]LogTemp: Display: Loaded TP WindowsClientTargetPlatform
[2019.04.26-21.51.09:719][  0]LogTemp: Display: Loaded TP WindowsNoEditorTargetPlatform
[2019.04.26-21.51.09:733][  0]LogTemp: Display: Loaded TP WindowsServerTargetPlatform
[2019.04.26-21.51.09:740][  0]LogTemp: Display: Loaded TP WindowsTargetPlatform
[2019.04.26-21.51.09:818][  0]LogTemp: Display: Loaded TP AndroidTargetPlatform
[2019.04.26-21.51.09:818][  0]LogTemp: Display: Loaded TP AndroidTargetPlatform
[2019.04.26-21.51.09:818][  0]LogTemp: Display: Loaded TP AndroidTargetPlatform
[2019.04.26-21.51.09:818][  0]LogTemp: Display: Loaded TP AndroidTargetPlatform
[2019.04.26-21.51.09:818][  0]LogTemp: Display: Loaded TP AndroidTargetPlatform
[2019.04.26-21.51.09:818][  0]LogTemp: Display: Loaded TP AndroidTargetPlatform
[2019.04.26-21.51.09:818][  0]LogTemp: Display: Loaded TP AndroidTargetPlatform
[2019.04.26-21.51.09:819][  0]LogTemp: Display: Loaded TP AndroidTargetPlatform
[2019.04.26-21.51.09:819][  0]LogTemp: Display: Loaded TP AndroidTargetPlatform
[2019.04.26-21.51.09:819][  0]LogTemp: Display: Loaded TP AndroidTargetPlatform
[2019.04.26-21.51.09:819][  0]LogTemp: Display: Loaded TP AndroidTargetPlatform
[2019.04.26-21.51.09:819][  0]LogTemp: Display: Loaded TP AndroidTargetPlatform
[2019.04.26-21.51.09:819][  0]LogTemp: Display: Loaded TP AndroidTargetPlatform
[2019.04.26-21.51.09:819][  0]LogTemp: Display: Loaded TP AndroidTargetPlatform
[2019.04.26-21.51.09:819][  0]LogTemp: Display: Loaded TP AndroidTargetPlatform
[2019.04.26-21.51.09:819][  0]LogTemp: Display: Loaded TP AndroidTargetPlatform
[2019.04.26-21.51.09:819][  0]LogTemp: Display: Loaded TP AndroidTargetPlatform
[2019.04.26-21.51.09:819][  0]LogTemp: Display: Loaded TP AndroidTargetPlatform
[2019.04.26-21.51.09:820][  0]LogTemp: Display: Loaded TP HTML5TargetPlatform
[2019.04.26-21.51.09:881][  0]LogTemp: Display: Loaded TP IOSTargetPlatform
[2019.04.26-21.51.09:881][  0]LogTemp: Display: Loaded TP IOSTargetPlatform
[2019.04.26-21.51.09:905][  0]LogTemp: Display: Loaded TP TVOSTargetPlatform
[2019.04.26-21.51.09:905][  0]LogTemp: Display: Loaded TP TVOSTargetPlatform
[2019.04.26-21.51.09:918][  0]LogTemp: Display: Loaded TP LinuxClientTargetPlatform
[2019.04.26-21.51.09:931][  0]LogTemp: Display: Loaded TP LinuxNoEditorTargetPlatform
[2019.04.26-21.51.09:944][  0]LogTemp: Display: Loaded TP LinuxServerTargetPlatform
[2019.04.26-21.51.09:958][  0]LogTemp: Display: Loaded TP LinuxTargetPlatform
[2019.04.26-21.51.09:967][  0]LogTemp: Display: Loaded TP LuminTargetPlatform
[2019.04.26-21.51.09:967][  0]LogTargetPlatformManager: Display: Building Assets For Windows
[2019.04.26-21.51.10:037][  0]LogXGEController: Cannot use XGE Controller as Incredibuild is not installed on this machine.
[2019.04.26-21.51.10:037][  0]LogShaderCompilers: Cannot use XGE Shader Compiler as Incredibuild is not installed on this machine.
[2019.04.26-21.51.10:037][  0]LogShaderCompilers: Display: Using Local Shader Compiler.
[2019.04.26-21.51.10:817][  0]LogDerivedDataCache: Display: Max Cache Size: 512 MB
[2019.04.26-21.51.10:899][  0]LogDerivedDataCache: Loaded boot cache 0.08s 71MB C:/Users/leere/AppData/Local/UnrealEngine/4.20/DerivedDataCache/Boot.ddc.
[2019.04.26-21.51.10:899][  0]LogDerivedDataCache: Display: Loaded Boot cache: C:/Users/leere/AppData/Local/UnrealEngine/4.20/DerivedDataCache/Boot.ddc
[2019.04.26-21.51.10:900][  0]LogDerivedDataCache: FDerivedDataBackendGraph:  Pak pak cache file G:/unreal projects/PawnTrials/DerivedDataCache/DDC.ddp not found, will not use a pak cache.
[2019.04.26-21.51.10:900][  0]LogDerivedDataCache: Unable to find inner node Pak for hierarchical cache Hierarchy.
[2019.04.26-21.51.10:900][  0]LogDerivedDataCache: FDerivedDataBackendGraph:  CompressedPak pak cache file G:/unreal projects/PawnTrials/DerivedDataCache/Compressed.ddp not found, will not use a pak cache.
[2019.04.26-21.51.10:900][  0]LogDerivedDataCache: Unable to find inner node CompressedPak for hierarchical cache Hierarchy.
[2019.04.26-21.51.10:916][  0]LogDerivedDataCache: Display: Pak cache opened for reading ../../../Engine/DerivedDataCache/Compressed.ddp.
[2019.04.26-21.51.10:928][  0]LogDerivedDataCache: Using Local data cache path C:/Users/leere/AppData/Local/UnrealEngine/Common/DerivedDataCache: Writable
[2019.04.26-21.51.10:928][  0]LogDerivedDataCache: Shared data cache path not found in *engine.ini, will not use an Shared cache.
[2019.04.26-21.51.10:928][  0]LogDerivedDataCache: Unable to find inner node Shared for hierarchical cache Hierarchy.
[2019.04.26-21.51.10:949][  0]LogMaterial: Verifying Global Shaders for PCD3D_SM5
[2019.04.26-21.51.10:950][  0]LogSlate: Using FreeType 2.6.0
[2019.04.26-21.51.10:951][  0]LogSlate: SlateFontServices - WITH_FREETYPE: 1, WITH_HARFBUZZ: 1
[2019.04.26-21.51.11:027][  0]LogAssetRegistry: FAssetRegistry took 0.0261 seconds to start up
[2019.04.26-21.51.11:388][  0]LogInit: Selected Device Profile: [Windows]
[2019.04.26-21.51.11:531][  0]LogSimplygon: Simplygon DLL not present - disabling.
[2019.04.26-21.51.11:536][  0]LogMeshReduction: Using SimplygonSwarm for distributed automatic mesh merging
[2019.04.26-21.51.11:536][  0]LogMeshReduction: Using ProxyLODMeshReduction for automatic mesh merging
[2019.04.26-21.51.11:536][  0]LogMeshReduction: Using QuadricMeshReduction for automatic static mesh reduction
[2019.04.26-21.51.11:536][  0]LogMeshReduction: No automatic skeletal mesh reduction module available
[2019.04.26-21.51.11:555][  0]LogNetVersion: PawnTrials 1.0.0, NetCL: 4212847, EngineNetVer: 5, GameNetVer: 0 (Checksum: 3048135899)
[2019.04.26-21.51.12:076][  0]LogPackageLocalizationCache: Processed 11 localized package path(s) for 2 prioritized culture(s) in 0.092581 seconds
[2019.04.26-21.51.12:082][  0]LogUObjectArray: 38425 objects as part of root set at end of initial load.
[2019.04.26-21.51.12:082][  0]LogUObjectAllocator: 6690864 out of 0 bytes used by permanent object pool.
[2019.04.26-21.51.12:082][  0]LogUObjectArray: CloseDisregardForGC: 0/0 objects in disregard for GC pool
[2019.04.26-21.51.12:960][  0]LogTcpMessaging: Initializing TcpMessaging bridge
[2019.04.26-21.51.12:973][  0]LogUdpMessaging: Initializing bridge on interface 0.0.0.0:0 to multicast group 230.0.0.1:6666.
[2019.04.26-21.51.13:120][  0]SourceControl: Source control is disabled
[2019.04.26-21.51.13:120][  0]SourceControl: Source control is disabled
[2019.04.26-21.51.13:122][  0]SourceControl: Source control is disabled
[2019.04.26-21.51.13:123][  0]SourceControl: Source control is disabled
[2019.04.26-21.51.13:292][  0]LogAndroidPermission: UAndroidPermissionCallbackProxy::GetInstance
[2019.04.26-21.51.13:426][  0]LogOcInput: OculusInput pre-init called
[2019.04.26-21.51.13:488][  0]LogEngine: Initializing Engine...
[2019.04.26-21.51.13:488][  0]LogHMD: Failed to initialize OpenVR with code 110
[2019.04.26-21.51.13:490][  0]LogStats: UGameplayTagsManager::ConstructGameplayTagTree: ImportINI prefixes -  0.000 s
[2019.04.26-21.51.13:490][  0]LogStats: UGameplayTagsManager::ConstructGameplayTagTree: Construct from data asset -  0.000 s
[2019.04.26-21.51.13:490][  0]LogStats: UGameplayTagsManager::ConstructGameplayTagTree: ImportINI -  0.000 s
[2019.04.26-21.51.13:490][  0]LogStats: UGameplayTagsManager::ConstructGameplayTagTree: GameplayTagTreeChangedEvent.Broadcast -  0.000 s
[2019.04.26-21.51.13:711][  0]LogInit: Initializing FReadOnlyCVARCache
[2019.04.26-21.51.13:727][  0]LogAIModule: Creating AISystem for world Untitled
[2019.04.26-21.51.13:768][  0]LogInit: XAudio2 using 'Speakers (USB Audio Device)' : 2 channels at 48 kHz using 16 bits per sample (channel mask 0x3)
[2019.04.26-21.51.13:802][  0]LogInit: FAudioDevice initialized.
[2019.04.26-21.51.13:802][  0]LogNetVersion: Set ProjectVersion to 1.0.0.0. Version Checksum will be recalculated on next use.
[2019.04.26-21.51.13:968][  0]LogDerivedDataCache: Saved boot cache 0.17s 71MB C:/Users/leere/AppData/Local/UnrealEngine/4.20/DerivedDataCache/Boot.ddc.
[2019.04.26-21.51.13:972][  0]LogInit: Texture streaming: Enabled
[2019.04.26-21.51.13:992][  0]LogEngineSessionManager: EngineSessionManager initialized
[2019.04.26-21.51.14:009][  0]LogInit: Transaction tracking system initialized
[2019.04.26-21.51.14:037][  0]BlueprintLog: New page: Editor Load
[2019.04.26-21.51.14:130][  0]LocalizationService: Localization service is disabled
[2019.04.26-21.51.14:390][  0]LogCook: Display: Max memory allowance for cook 16384mb min free memory 0mb
[2019.04.26-21.51.14:390][  0]LogCook: Display: Mobile HDR setting 1
[2019.04.26-21.51.14:390][  0]LogGameplayTags: Display: UGameplayTagsManager::DoneAddingNativeTags. DelegateIsBound: 0
[2019.04.26-21.51.14:390][  0]LogStats: UGameplayTagsManager::ConstructGameplayTagTree: ImportINI prefixes -  0.000 s
[2019.04.26-21.51.14:390][  0]LogStats: UGameplayTagsManager::ConstructGameplayTagTree: Construct from data asset -  0.000 s
[2019.04.26-21.51.14:390][  0]LogStats: UGameplayTagsManager::ConstructGameplayTagTree: ImportINI -  0.000 s
[2019.04.26-21.51.14:390][  0]LogStats: UGameplayTagsManager::ConstructGameplayTagTree: GameplayTagTreeChangedEvent.Broadcast -  0.000 s
[2019.04.26-21.51.14:515][  0]LogFileCache: Scanning file cache for directory 'G:/unreal projects/PawnTrials/Content/' took 0.02s
[2019.04.26-21.51.14:515][  0]SourceControl: Source control is disabled
[2019.04.26-21.51.14:515][  0]Cmd: MAP LOAD FILE="G:/unreal projects/PawnTrials/Content/Levels/mainmenu.umap" TEMPLATE=0 SHOWPROGRESS=1 FEATURELEVEL=3
[2019.04.26-21.51.14:516][  0]LightingResults: New page: Lighting Build
[2019.04.26-21.51.14:519][  0]MapCheck: New page: Map Check
[2019.04.26-21.51.14:519][  0]LightingResults: New page: Lighting Build
[2019.04.26-21.51.14:695][  0]LogAIModule: Creating AISystem for world mainmenu
[2019.04.26-21.51.14:696][  0]LogEditorServer: Finished looking for orphan Actors (0.000 secs)
[2019.04.26-21.51.14:716][  0]Cmd: MAP CHECKDEP NOCLEARLOG
[2019.04.26-21.51.14:782][  0]MapCheck: Map check complete: 0 Error(s), 0 Warning(s), took 65.565ms to complete.
[2019.04.26-21.51.14:782][  0]LogFileHelpers: Loading map 'mainmenu' took 0.267
[2019.04.26-21.51.14:894][  0]LogSlate: Updating window title bar state: overlay mode, drag disabled, window buttons hidden, title bar hidden
[2019.04.26-21.51.14:903][  0]LogSlate: Updating window title bar state: overlay mode, drag disabled, window buttons hidden, title bar hidden
[2019.04.26-21.51.14:912][  0]LogSlate: Updating window title bar state: overlay mode, drag disabled, window buttons hidden, title bar hidden
[2019.04.26-21.51.14:921][  0]LogSlate: Updating window title bar state: overlay mode, drag disabled, window buttons hidden, title bar hidden
[2019.04.26-21.51.14:928][  0]LogCollectionManager: Loaded 0 collections in 0.002192 seconds
[2019.04.26-21.51.14:975][  0]LogFileCache: Scanning file cache for directory 'G:/unreal projects/PawnTrials/Saved/Collections/' took 0.01s
[2019.04.26-21.51.14:975][  0]LogFileCache: Scanning file cache for directory 'G:/unreal projects/PawnTrials/Content/Developers/leere/Collections/' took 0.01s
[2019.04.26-21.51.14:975][  0]LogFileCache: Scanning file cache for directory 'G:/unreal projects/PawnTrials/Content/Collections/' took 0.01s
[2019.04.26-21.51.14:975][  0]LogCollectionManager: Rebuilt the GUID cache for 0 collections in 0.000000 seconds
[2019.04.26-21.51.14:985][  0]LogContentBrowser: Native class hierarchy populated in 0.0098 seconds. Added 2572 classes and 603 folders.
[2019.04.26-21.51.14:993][  0]LogContentBrowser: Native class hierarchy updated for 'WidgetCarousel' in 0.0003 seconds. Added 0 classes and 0 folders.
[2019.04.26-21.51.15:047][  0]LogContentBrowser: Native class hierarchy updated for 'AddContentDialog' in 0.0002 seconds. Added 0 classes and 0 folders.
[2019.04.26-21.51.15:053][  0]LogContentBrowser: Native class hierarchy updated for 'SceneOutliner' in 0.0003 seconds. Added 1 classes and 2 folders.
[2019.04.26-21.51.15:117][  0]LogSlate: Took 0.000234 seconds to synchronously load lazily loaded font '../../../Engine/Content/Slate/Fonts/Roboto-Regular.ttf' (155K)
[2019.04.26-21.51.15:119][  0]LogSlate: Took 0.000221 seconds to synchronously load lazily loaded font '../../../Engine/Content/Slate/Fonts/Roboto-Bold.ttf' (160K)
[2019.04.26-21.51.15:125][  0]LogSlate: Took 0.000271 seconds to synchronously load lazily loaded font '../../../Engine/Content/Editor/Slate/Fonts/FontAwesome.ttf' (139K)
[2019.04.26-21.51.15:207][  0]LogRenderer: Reallocating scene render targets to support 1096x572 Format 10 NumSamples 1 (Frame:1).
[2019.04.26-21.51.15:347][  0]LogContentBrowser: Native class hierarchy updated for 'HierarchicalLODOutliner' in 0.0003 seconds. Added 0 classes and 0 folders.
[2019.04.26-21.51.15:347][  0]LogLoad: (Engine Initialization) Total time: 8.50 seconds
[2019.04.26-21.51.15:347][  0]LogLoad: (Engine Initialization) Total Blueprint compile time: 0.00 seconds
[2019.04.26-21.51.15:358][  0]LogWindowsTextInputMethodSystem: Display: IME system now deactivated.
[2019.04.26-21.51.15:377][  0]LogContentStreaming: Texture pool size now 1000 MB
[2019.04.26-21.51.15:426][  0]LogSlate: Took 0.000230 seconds to synchronously load lazily loaded font '../../../Engine/Content/Slate/Fonts/Roboto-Light.ttf' (167K)
[2019.04.26-21.51.19:578][497]LogAssetRegistry: Asset discovery search completed in 8.5732 seconds
[2019.04.26-21.51.19:580][497]LogCollectionManager: Rebuilt the object cache for 0 collections in 0.000001 seconds (found 0 objects)
[2019.04.26-21.51.19:580][497]LogCollectionManager: Fixed up redirectors for 0 collections in 0.000056 seconds (updated 0 objects)
[2019.04.26-21.51.24:395][ 71]LogSlate: FSceneViewport::OnFocusLost() reason 2
[2019.04.26-21.51.28:573][570]LogBlueprintUserMessages: Early PlayInEditor Detection: Level '/Game/Levels/mainmenu.mainmenu:PersistentLevel' has LevelScriptBlueprint '/Game/Levels/mainmenu.mainmenu:PersistentLevel.mainmenu' with GeneratedClass '/Game/Levels/mainmenu.mainmenu_C' with ClassGeneratedBy '/Game/Levels/mainmenu.mainmenu:PersistentLevel.mainmenu'
[2019.04.26-21.51.28:573][570]LogPlayLevel: PlayLevel: No blueprints needed recompiling
[2019.04.26-21.51.28:585][570]PIE: New page: PIE session: mainmenu (26 Apr 2019 23:51:28)
[2019.04.26-21.51.28:585][570]LogPlayLevel: Creating play world package: /Game/Levels/UEDPIE_0_mainmenu
[2019.04.26-21.51.28:587][570]LogPlayLevel: PIE: StaticDuplicateObject took: (0.001221s)
[2019.04.26-21.51.28:587][570]LogAIModule: Creating AISystem for world mainmenu
[2019.04.26-21.51.28:587][570]LogPlayLevel: PIE: World Init took: (0.000662s)
[2019.04.26-21.51.28:588][570]LogPlayLevel: PIE: Created PIE world by copying editor world from /Game/Levels/mainmenu.mainmenu to /Game/Levels/UEDPIE_0_mainmenu.mainmenu (0.002091s)
[2019.04.26-21.51.28:627][570]LogInit: XAudio2 using 'Speakers (USB Audio Device)' : 2 channels at 48 kHz using 16 bits per sample (channel mask 0x3)
[2019.04.26-21.51.28:639][570]LogInit: FAudioDevice initialized.
[2019.04.26-21.51.28:648][570]LogSlate: FSceneViewport::OnFocusLost() reason 2
[2019.04.26-21.51.28:651][570]LogSlate: Updating window title bar state: overlay mode, drag disabled, window buttons hidden, title bar hidden
[2019.04.26-21.51.28:715][570]LogLoad: Game class is 'GameMode'
[2019.04.26-21.51.28:717][570]LogWorld: Bringing World /Game/Levels/UEDPIE_0_mainmenu.mainmenu up for play (max tick rate 0) at 2019.04.26-22.51.28
[2019.04.26-21.51.28:717][570]LogWorld: Bringing up level for play took: 0.000557
[2019.04.26-21.51.28:736][570]LogContentBrowser: Native class hierarchy updated for 'MovieSceneCapture' in 0.0003 seconds. Added 10 classes and 0 folders.
[2019.04.26-21.51.28:736][570]LogGameMode: Display: Match State Changed from EnteringMap to WaitingToStart
[2019.04.26-21.51.28:736][570]LogGameState: Match State Changed from EnteringMap to WaitingToStart
[2019.04.26-21.51.28:736][570]LogGameMode: Display: Match State Changed from WaitingToStart to InProgress
[2019.04.26-21.51.28:740][570]LogGameState: Match State Changed from WaitingToStart to InProgress
[2019.04.26-21.51.28:744][570]PIE: Play in editor start time for /Game/Levels/UEDPIE_0_mainmenu 1.061
[2019.04.26-21.51.28:744][570]LogBlueprintUserMessages: Late PlayInEditor Detection: Level '/Game/Levels/mainmenu.mainmenu:PersistentLevel' has LevelScriptBlueprint '/Game/Levels/mainmenu.mainmenu:PersistentLevel.mainmenu' with GeneratedClass '/Game/Levels/mainmenu.mainmenu_C' with ClassGeneratedBy '/Game/Levels/mainmenu.mainmenu:PersistentLevel.mainmenu'
[2019.04.26-21.51.28:751][570]LogRenderer: Reallocating scene render targets to support 1932x1116 Format 10 NumSamples 1 (Frame:1).
[2019.04.26-21.51.28:751][570]LogAudio: Warning: Detected orphaned looping sound 'Starter_Music_Cue'.
[2019.04.26-21.51.30:665][788]LogSlate: FSceneViewport::OnFocusLost() reason 0
[2019.04.26-21.51.30:745][796]LogSlate: Window 'PawnTrials Game Preview Standalone (64-bit/PCD3D_SM5)' being destroyed
[2019.04.26-21.51.30:748][796]LogBlueprintUserMessages: Early EndPlayMap Detection: Level '/Game/Levels/mainmenu.mainmenu:PersistentLevel' has LevelScriptBlueprint '/Game/Levels/mainmenu.mainmenu:PersistentLevel.mainmenu' with GeneratedClass '/Game/Levels/mainmenu.mainmenu_C' with ClassGeneratedBy '/Game/Levels/mainmenu.mainmenu:PersistentLevel.mainmenu'
[2019.04.26-21.51.30:778][796]LogPlayLevel: Display: Shutting down PIE online subsystems
[2019.04.26-21.51.30:779][796]LogBlueprintUserMessages: Late EndPlayMap Detection: Level '/Game/Levels/mainmenu.mainmenu:PersistentLevel' has LevelScriptBlueprint '/Game/Levels/mainmenu.mainmenu:PersistentLevel.mainmenu' with GeneratedClass '/Game/Levels/mainmenu.mainmenu_C' with ClassGeneratedBy '/Game/Levels/mainmenu.mainmenu:PersistentLevel.mainmenu'
[2019.04.26-21.51.30:835][800]LogPlayLevel: Display: Destroying online subsystem :Context_1
[2019.04.26-21.51.31:946][930]LogSlate: FSceneViewport::OnFocusLost() reason 2
[2019.04.26-21.51.33:800][140]LogSlate: FSceneViewport::OnFocusLost() reason 2
[2019.04.26-21.51.34:047][168]LogSlate: FSceneViewport::OnFocusLost() reason 2
[2019.04.26-21.51.35:555][348]LogSlate: FSceneViewport::OnFocusLost() reason 2
[2019.04.26-21.51.45:364][390]LogSlate: Window 'Editor Preferences' being destroyed
[2019.04.26-21.51.45:367][390]LogSlate: Window 'Editor Preferences' being destroyed
[2019.04.26-21.51.45:993][449]LogSlate: FSceneViewport::OnFocusLost() reason 0
[2019.04.26-21.51.46:050][456]LogTemp: Repeating last play command: New Editor Window (PIE)
[2019.04.26-21.51.46:066][456]LogBlueprintUserMessages: Early PlayInEditor Detection: Level '/Game/Levels/mainmenu.mainmenu:PersistentLevel' has LevelScriptBlueprint '/Game/Levels/mainmenu.mainmenu:PersistentLevel.mainmenu' with GeneratedClass '/Game/Levels/mainmenu.mainmenu_C' with ClassGeneratedBy '/Game/Levels/mainmenu.mainmenu:PersistentLevel.mainmenu'
[2019.04.26-21.51.46:066][456]LogPlayLevel: PlayLevel: No blueprints needed recompiling
[2019.04.26-21.51.46:066][456]PIE: New page: PIE session: mainmenu (26 Apr 2019 23:51:46)
[2019.04.26-21.51.46:066][456]LogPlayLevel: Creating play world package: /Game/Levels/UEDPIE_0_mainmenu
[2019.04.26-21.51.46:068][456]LogPlayLevel: PIE: StaticDuplicateObject took: (0.001141s)
[2019.04.26-21.51.46:068][456]LogAIModule: Creating AISystem for world mainmenu
[2019.04.26-21.51.46:068][456]LogPlayLevel: PIE: World Init took: (0.000641s)
[2019.04.26-21.51.46:068][456]LogPlayLevel: PIE: Created PIE world by copying editor world from /Game/Levels/mainmenu.mainmenu to /Game/Levels/UEDPIE_0_mainmenu.mainmenu (0.001893s)
[2019.04.26-21.51.46:107][456]LogInit: XAudio2 using 'Speakers (USB Audio Device)' : 2 channels at 48 kHz using 16 bits per sample (channel mask 0x3)
[2019.04.26-21.51.46:118][456]LogInit: FAudioDevice initialized.
[2019.04.26-21.51.46:130][456]LogSlate: Updating window title bar state: overlay mode, drag disabled, window buttons hidden, title bar hidden
[2019.04.26-21.51.46:174][456]LogLoad: Game class is 'GameMode'
[2019.04.26-21.51.46:175][456]LogWorld: Bringing World /Game/Levels/UEDPIE_0_mainmenu.mainmenu up for play (max tick rate 0) at 2019.04.26-22.51.46
[2019.04.26-21.51.46:176][456]LogWorld: Bringing up level for play took: 0.000391
[2019.04.26-21.51.46:188][456]LogGameMode: Display: Match State Changed from EnteringMap to WaitingToStart
[2019.04.26-21.51.46:188][456]LogGameState: Match State Changed from EnteringMap to WaitingToStart
[2019.04.26-21.51.46:188][456]LogGameMode: Display: Match State Changed from WaitingToStart to InProgress
[2019.04.26-21.51.46:190][456]LogGameState: Match State Changed from WaitingToStart to InProgress
[2019.04.26-21.51.46:193][456]PIE: Play in editor start time for /Game/Levels/UEDPIE_0_mainmenu 0.51
[2019.04.26-21.51.46:193][456]LogBlueprintUserMessages: Late PlayInEditor Detection: Level '/Game/Levels/mainmenu.mainmenu:PersistentLevel' has LevelScriptBlueprint '/Game/Levels/mainmenu.mainmenu:PersistentLevel.mainmenu' with GeneratedClass '/Game/Levels/mainmenu.mainmenu_C' with ClassGeneratedBy '/Game/Levels/mainmenu.mainmenu:PersistentLevel.mainmenu'
[2019.04.26-21.51.46:195][456]LogAudio: Warning: Detected orphaned looping sound 'Starter_Music_Cue'.
[2019.04.26-21.51.47:742][635]LogSlate: FSceneViewport::OnFocusLost() reason 0
[2019.04.26-21.51.53:789][358]LogGameMode: Display: Match State Changed from InProgress to LeavingMap
[2019.04.26-21.51.53:789][358]LogGameState: Match State Changed from InProgress to LeavingMap
[2019.04.26-21.51.53:789][358]LogNet: Browse: /Game/Levels/Level_01
[2019.04.26-21.51.53:791][358]LogLoad: LoadMap: /Game/Levels/Level_01
[2019.04.26-21.51.56:284][358]LogPackageName: Warning: String asset reference "Env_Ice_Rocky.Mesh.Env_Ice_NordHeed01" is in short form, which is unsupported and -- even if valid -- resolving it will be really slow.
[2019.04.26-21.51.56:284][358]LogPackageName: Warning: Please consider resaving package in order to speed-up loading.
[2019.04.26-21.51.56:427][358]LogPackageName: SearchForPackageOnDisk took   0.143s, but failed to resolve Env_Ice_Rocky.
[2019.04.26-21.51.56:427][358]LogPackageName: Warning: String asset reference "Env_Ice_Rocky.Mesh.Env_Ice_NordHeed01" could not be resolved.
[2019.04.26-21.51.56:430][358]LogPackageName: Warning: String asset reference "Env_Ice_Rocky.Mesh.Env_Ice_MelancholicTroll01" is in short form, which is unsupported and -- even if valid -- resolving it will be really slow.
[2019.04.26-21.51.56:430][358]LogPackageName: Warning: Please consider resaving package in order to speed-up loading.
[2019.04.26-21.51.56:568][358]LogPackageName: SearchForPackageOnDisk took   0.138s, but failed to resolve Env_Ice_Rocky.
[2019.04.26-21.51.56:568][358]LogPackageName: Warning: String asset reference "Env_Ice_Rocky.Mesh.Env_Ice_MelancholicTroll01" could not be resolved.
[2019.04.26-21.51.57:870][358]LogBlueprint: Warning: Node '/Game/SciFiWeapDark/Sound/SniperRifle/SniperRifle_ZoomIn_Cue.SniperRifle_ZoomIn_Cue:SoundCueGraph_67.SoundCueGraphNode_227' missing NodeGuid because of upgrade from old package version, this can cause deterministic cooking issues please resave package.
[2019.04.26-21.51.57:871][358]LogBlueprint: Warning: Node '/Game/SciFiWeapDark/Sound/SniperRifle/SniperRifle_ZoomIn_Cue.SniperRifle_ZoomIn_Cue:SoundCueGraph_67.SoundCueGraphNode_Root_67' missing NodeGuid because of upgrade from old package version, this can cause deterministic cooking issues please resave package.
[2019.04.26-21.51.57:961][358]LogBlueprint: Warning: Node '/Game/SciFiWeapDark/Sound/SniperRifle/SniperRifle_ImpactBody_Cue.SniperRifle_ImpactBody_Cue:SoundCueGraph_62.SoundCueGraphNode_207' missing NodeGuid because of upgrade from old package version, this can cause deterministic cooking issues please resave package.
[2019.04.26-21.51.57:961][358]LogBlueprint: Warning: Node '/Game/SciFiWeapDark/Sound/SniperRifle/SniperRifle_ImpactBody_Cue.SniperRifle_ImpactBody_Cue:SoundCueGraph_62.SoundCueGraphNode_208' missing NodeGuid because of upgrade from old package version, this can cause deterministic cooking issues please resave package.
[2019.04.26-21.51.57:961][358]LogBlueprint: Warning: Node '/Game/SciFiWeapDark/Sound/SniperRifle/SniperRifle_ImpactBody_Cue.SniperRifle_ImpactBody_Cue:SoundCueGraph_62.SoundCueGraphNode_209' missing NodeGuid because of upgrade from old package version, this can cause deterministic cooking issues please resave package.
[2019.04.26-21.51.57:961][358]LogBlueprint: Warning: Node '/Game/SciFiWeapDark/Sound/SniperRifle/SniperRifle_ImpactBody_Cue.SniperRifle_ImpactBody_Cue:SoundCueGraph_62.SoundCueGraphNode_210' missing NodeGuid because of upgrade from old package version, this can cause deterministic cooking issues please resave package.
[2019.04.26-21.51.57:961][358]LogBlueprint: Warning: Node '/Game/SciFiWeapDark/Sound/SniperRifle/SniperRifle_ImpactBody_Cue.SniperRifle_ImpactBody_Cue:SoundCueGraph_62.SoundCueGraphNode_211' missing NodeGuid because of upgrade from old package version, this can cause deterministic cooking issues please resave package.
[2019.04.26-21.51.57:961][358]LogBlueprint: Warning: Node '/Game/SciFiWeapDark/Sound/SniperRifle/SniperRifle_ImpactBody_Cue.SniperRifle_ImpactBody_Cue:SoundCueGraph_62.SoundCueGraphNode_24' missing NodeGuid because of upgrade from old package version, this can cause deterministic cooking issues please resave package.
[2019.04.26-21.51.57:961][358]LogBlueprint: Warning: Node '/Game/SciFiWeapDark/Sound/SniperRifle/SniperRifle_ImpactBody_Cue.SniperRifle_ImpactBody_Cue:SoundCueGraph_62.SoundCueGraphNode_Root_62' missing NodeGuid because of upgrade from old package version, this can cause deterministic cooking issues please resave package.
[2019.04.26-21.51.58:151][358]LogBlueprint: Warning: Node '/Game/SciFiWeapDark/Sound/Pistol/PistolA_Fire_Cue.PistolA_Fire_Cue:SoundCueGraph_43.EdGraphNode_Comment_1' missing NodeGuid because of upgrade from old package version, this can cause deterministic cooking issues please resave package.
[2019.04.26-21.51.58:151][358]LogBlueprint: Warning: Node '/Game/SciFiWeapDark/Sound/Pistol/PistolA_Fire_Cue.PistolA_Fire_Cue:SoundCueGraph_43.EdGraphNode_Comment_3' missing NodeGuid because of upgrade from old package version, this can cause deterministic cooking issues please resave package.
[2019.04.26-21.51.58:151][358]LogBlueprint: Warning: Node '/Game/SciFiWeapDark/Sound/Pistol/PistolA_Fire_Cue.PistolA_Fire_Cue:SoundCueGraph_43.SoundCueGraphNode_3' missing NodeGuid because of upgrade from old package version, this can cause deterministic cooking issues please resave package.
[2019.04.26-21.51.58:151][358]LogBlueprint: Warning: Node '/Game/SciFiWeapDark/Sound/Pistol/PistolA_Fire_Cue.PistolA_Fire_Cue:SoundCueGraph_43.SoundCueGraphNode_55' missing NodeGuid because of upgrade from old package version, this can cause deterministic cooking issues please resave package.
[2019.04.26-21.51.58:151][358]LogBlueprint: Warning: Node '/Game/SciFiWeapDark/Sound/Pistol/PistolA_Fire_Cue.PistolA_Fire_Cue:SoundCueGraph_43.SoundCueGraphNode_56' missing NodeGuid because of upgrade from old package version, this can cause deterministic cooking issues please resave package.
[2019.04.26-21.51.58:152][358]LogBlueprint: Warning: Node '/Game/SciFiWeapDark/Sound/Pistol/PistolA_Fire_Cue.PistolA_Fire_Cue:SoundCueGraph_43.SoundCueGraphNode_57' missing NodeGuid because of upgrade from old package version, this can cause deterministic cooking issues please resave package.
[2019.04.26-21.51.58:152][358]LogBlueprint: Warning: Node '/Game/SciFiWeapDark/Sound/Pistol/PistolA_Fire_Cue.PistolA_Fire_Cue:SoundCueGraph_43.SoundCueGraphNode_58' missing NodeGuid because of upgrade from old package version, this can cause deterministic cooking issues please resave package.
[2019.04.26-21.51.58:152][358]LogBlueprint: Warning: Node '/Game/SciFiWeapDark/Sound/Pistol/PistolA_Fire_Cue.PistolA_Fire_Cue:SoundCueGraph_43.SoundCueGraphNode_59' missing NodeGuid because of upgrade from old package version, this can cause deterministic cooking issues please resave package.
[2019.04.26-21.51.58:152][358]LogBlueprint: Warning: Node '/Game/SciFiWeapDark/Sound/Pistol/PistolA_Fire_Cue.PistolA_Fire_Cue:SoundCueGraph_43.SoundCueGraphNode_60' missing NodeGuid because of upgrade from old package version, this can cause deterministic cooking issues please resave package.
[2019.04.26-21.51.58:152][358]LogBlueprint: Warning: Node '/Game/SciFiWeapDark/Sound/Pistol/PistolA_Fire_Cue.PistolA_Fire_Cue:SoundCueGraph_43.SoundCueGraphNode_61' missing NodeGuid because of upgrade from old package version, this can cause deterministic cooking issues please resave package.
[2019.04.26-21.51.58:152][358]LogBlueprint: Warning: Node '/Game/SciFiWeapDark/Sound/Pistol/PistolA_Fire_Cue.PistolA_Fire_Cue:SoundCueGraph_43.SoundCueGraphNode_62' missing NodeGuid because of upgrade from old package version, this can cause deterministic cooking issues please resave package.
[2019.04.26-21.51.58:152][358]LogBlueprint: Warning: Node '/Game/SciFiWeapDark/Sound/Pistol/PistolA_Fire_Cue.PistolA_Fire_Cue:SoundCueGraph_43.SoundCueGraphNode_63' missing NodeGuid because of upgrade from old package version, this can cause deterministic cooking issues please resave package.
[2019.04.26-21.51.58:152][358]LogBlueprint: Warning: Node '/Game/SciFiWeapDark/Sound/Pistol/PistolA_Fire_Cue.PistolA_Fire_Cue:SoundCueGraph_43.SoundCueGraphNode_64' missing NodeGuid because of upgrade from old package version, this can cause deterministic cooking issues please resave package.
[2019.04.26-21.51.58:152][358]LogBlueprint: Warning: Node '/Game/SciFiWeapDark/Sound/Pistol/PistolA_Fire_Cue.PistolA_Fire_Cue:SoundCueGraph_43.SoundCueGraphNode_65' missing NodeGuid because of upgrade from old package version, this can cause deterministic cooking issues please resave package.
[2019.04.26-21.51.58:152][358]LogBlueprint: Warning: Node '/Game/SciFiWeapDark/Sound/Pistol/PistolA_Fire_Cue.PistolA_Fire_Cue:SoundCueGraph_43.SoundCueGraphNode_66' missing NodeGuid because of upgrade from old package version, this can cause deterministic cooking issues please resave package.
[2019.04.26-21.51.58:152][358]LogBlueprint: Warning: Node '/Game/SciFiWeapDark/Sound/Pistol/PistolA_Fire_Cue.PistolA_Fire_Cue:SoundCueGraph_43.SoundCueGraphNode_67' missing NodeGuid because of upgrade from old package version, this can cause deterministic cooking issues please resave package.
[2019.04.26-21.51.58:152][358]LogBlueprint: Warning: Node '/Game/SciFiWeapDark/Sound/Pistol/PistolA_Fire_Cue.PistolA_Fire_Cue:SoundCueGraph_43.SoundCueGraphNode_68' missing NodeGuid because of upgrade from old package version, this can cause deterministic cooking issues please resave package.
[2019.04.26-21.51.58:152][358]LogBlueprint: Warning: Node '/Game/SciFiWeapDark/Sound/Pistol/PistolA_Fire_Cue.PistolA_Fire_Cue:SoundCueGraph_43.SoundCueGraphNode_90' missing NodeGuid because of upgrade from old package version, this can cause deterministic cooking issues please resave package.
[2019.04.26-21.51.58:152][358]LogBlueprint: Warning: Node '/Game/SciFiWeapDark/Sound/Pistol/PistolA_Fire_Cue.PistolA_Fire_Cue:SoundCueGraph_43.SoundCueGraphNode_Root_43' missing NodeGuid because of upgrade from old package version, this can cause deterministic cooking issues please resave package.
[2019.04.26-21.52.01:307][358]LogAIModule: Creating AISystem for world Level_01
[2019.04.26-21.52.01:308][358]LogLoad: Game class is 'MyGameMode_C'
[2019.04.26-21.52.01:317][358]LogScript: Warning: Accessed None trying to read property player character
	ThirdPerson_AnimBP_C /Game/Levels/UEDPIE_0_Level_01.Level_01:PersistentLevel.SideScrollerCharacterTwo_11.CharacterMesh0.ThirdPerson_AnimBP_C_0
	Function /Game/Mannequin/Animations/ThirdPerson_AnimBP.ThirdPerson_AnimBP_C:ExecuteUbergraph_ThirdPerson_AnimBP:00AB
[2019.04.26-21.52.01:317][358]PIE: Error: Blueprint Runtime Error: "Accessed None trying to read property player character". Blueprint:  ThirdPerson_AnimBP Function:  Execute Ubergraph Third Person Anim BP Graph:  EventGraph Node:  Set pitch
[2019.04.26-21.52.01:343][358]LogWorld: Bringing World /Game/Levels/UEDPIE_0_Level_01.Level_01 up for play (max tick rate 0) at 2019.04.26-22.52.01
[2019.04.26-21.52.01:375][358]LogWorld: Bringing up level for play took: 0.066255
[2019.04.26-21.52.01:375][358]LogGameMode: FindPlayerStart: PATHS NOT DEFINED or NO PLAYERSTART with positive rating
[2019.04.26-21.52.01:378][358]LogLoad: Took 7.587208 seconds to LoadMap(/Game/Levels/Level_01)
[2019.04.26-21.52.36:039][567]LogSlate: FSceneViewport::OnFocusLost() reason 0
[2019.04.26-21.52.37:109][688]LogNet: Browse: /Game/Levels/mainmenu
[2019.04.26-21.52.37:117][688]LogLoad: LoadMap: /Game/Levels/mainmenu
[2019.04.26-21.52.37:150][688]LogPlayLevel: Creating play world package: /Game/Levels/UEDPIE_0_mainmenu
[2019.04.26-21.52.37:151][688]LogPlayLevel: PIE: StaticDuplicateObject took: (0.001225s)
[2019.04.26-21.52.37:152][688]LogAIModule: Creating AISystem for world mainmenu
[2019.04.26-21.52.37:152][688]LogPlayLevel: PIE: World Init took: (0.000748s)
[2019.04.26-21.52.37:152][688]LogPlayLevel: PIE: Created PIE world by copying editor world from /Game/Levels/mainmenu.mainmenu to /Game/Levels/UEDPIE_0_mainmenu.mainmenu (0.002142s)
[2019.04.26-21.52.37:152][688]LogLoad: Game class is 'GameMode'
[2019.04.26-21.52.37:153][688]LogWorld: Bringing World /Game/Levels/UEDPIE_0_mainmenu.mainmenu up for play (max tick rate 0) at 2019.04.26-22.52.37
[2019.04.26-21.52.37:153][688]LogWorld: Bringing up level for play took: 0.000448
[2019.04.26-21.52.37:154][688]LogGameMode: FindPlayerStart: PATHS NOT DEFINED or NO PLAYERSTART with positive rating
[2019.04.26-21.52.37:154][688]LogGameMode: Display: Match State Changed from EnteringMap to WaitingToStart
[2019.04.26-21.52.37:154][688]LogGameState: Match State Changed from EnteringMap to WaitingToStart
[2019.04.26-21.52.37:154][688]LogGameMode: Display: Match State Changed from WaitingToStart to InProgress
[2019.04.26-21.52.37:157][688]LogGameState: Match State Changed from WaitingToStart to InProgress
[2019.04.26-21.52.37:157][688]LogLoad: Took 0.039500 seconds to LoadMap(/Game/Levels/UEDPIE_0_mainmenu)
[2019.04.26-21.52.37:157][688]LogAudio: Warning: Detected orphaned looping sound 'Starter_Music_Cue'.
[2019.04.26-21.52.38:328][828]LogSlate: FSceneViewport::OnFocusLost() reason 0
[2019.04.26-21.52.41:761][240]LogGameMode: Display: Match State Changed from InProgress to LeavingMap
[2019.04.26-21.52.41:761][240]LogGameState: Match State Changed from InProgress to LeavingMap
[2019.04.26-21.52.41:761][240]LogNet: Browse: /Game/Levels/Level_00
[2019.04.26-21.52.41:763][240]LogLoad: LoadMap: /Game/Levels/Level_00
[2019.04.26-21.52.45:008][240]LogAIModule: Creating AISystem for world Level_00
[2019.04.26-21.52.45:008][240]LogLoad: Game class is 'MyGameMode_C'
[2019.04.26-21.52.45:016][240]LogScript: Warning: Accessed None trying to read property player character
	ThirdPerson_AnimBP_C /Game/Levels/UEDPIE_0_Level_00.Level_00:PersistentLevel.SideScrollerCharacterTwo_2.CharacterMesh0.ThirdPerson_AnimBP_C_0
	Function /Game/Mannequin/Animations/ThirdPerson_AnimBP.ThirdPerson_AnimBP_C:ExecuteUbergraph_ThirdPerson_AnimBP:00AB
[2019.04.26-21.52.45:016][240]PIE: Error: Blueprint Runtime Error: "Accessed None trying to read property player character". Blueprint:  ThirdPerson_AnimBP Function:  Execute Ubergraph Third Person Anim BP Graph:  EventGraph Node:  Set pitch
[2019.04.26-21.52.45:031][240]LogWorld: Bringing World /Game/Levels/UEDPIE_0_Level_00.Level_00 up for play (max tick rate 0) at 2019.04.26-22.52.45
[2019.04.26-21.52.45:033][240]LogWorld: Bringing up level for play took: 0.023608
[2019.04.26-21.52.45:033][240]LogGameMode: FindPlayerStart: PATHS NOT DEFINED or NO PLAYERSTART with positive rating
[2019.04.26-21.52.45:036][240]LogLoad: Took 3.272751 seconds to LoadMap(/Game/Levels/Level_00)
[2019.04.26-21.52.55:406][965]LogCharacterMovement: SideScrollerCharacterTwo_2 is stuck and failed to move! Velocity: X=0.00 Y=-119.56 Z=0.00 Location: X=1540.00 Y=-495.70 Z=462.15 Normal: X=0.40 Y=0.07 Z=0.91 PenetrationDepth:0.512 Actor:BP_horizontalPlatformDepth_2 Component:StaticMesh BoneName:None (0 other events since notify)
[2019.04.26-21.53.24:576][278]LogBlueprintUserMessages: [SideScrollerCharacterTwo_2] off
[2019.04.26-21.53.38:394][526]LogSlate: FSceneViewport::OnFocusLost() reason 0
[2019.04.26-21.53.39:465][620]LogNet: Browse: /Game/Levels/mainmenu
[2019.04.26-21.53.39:476][620]LogLoad: LoadMap: /Game/Levels/mainmenu
[2019.04.26-21.53.39:500][620]LogPlayLevel: Creating play world package: /Game/Levels/UEDPIE_0_mainmenu
[2019.04.26-21.53.39:502][620]LogPlayLevel: PIE: StaticDuplicateObject took: (0.001210s)
[2019.04.26-21.53.39:502][620]LogAIModule: Creating AISystem for world mainmenu
[2019.04.26-21.53.39:502][620]LogPlayLevel: PIE: World Init took: (0.000655s)
[2019.04.26-21.53.39:502][620]LogPlayLevel: PIE: Created PIE world by copying editor world from /Game/Levels/mainmenu.mainmenu to /Game/Levels/UEDPIE_0_mainmenu.mainmenu (0.002017s)
[2019.04.26-21.53.39:502][620]LogLoad: Game class is 'GameMode'
[2019.04.26-21.53.39:503][620]LogWorld: Bringing World /Game/Levels/UEDPIE_0_mainmenu.mainmenu up for play (max tick rate 0) at 2019.04.26-22.53.39
[2019.04.26-21.53.39:503][620]LogWorld: Bringing up level for play took: 0.000361
[2019.04.26-21.53.39:504][620]LogGameMode: FindPlayerStart: PATHS NOT DEFINED or NO PLAYERSTART with positive rating
[2019.04.26-21.53.39:504][620]LogGameMode: Display: Match State Changed from EnteringMap to WaitingToStart
[2019.04.26-21.53.39:504][620]LogGameState: Match State Changed from EnteringMap to WaitingToStart
[2019.04.26-21.53.39:504][620]LogGameMode: Display: Match State Changed from WaitingToStart to InProgress
[2019.04.26-21.53.39:507][620]LogGameState: Match State Changed from WaitingToStart to InProgress
[2019.04.26-21.53.39:507][620]LogLoad: Took 0.030935 seconds to LoadMap(/Game/Levels/UEDPIE_0_mainmenu)
[2019.04.26-21.53.39:508][620]LogAudio: Warning: Detected orphaned looping sound 'Starter_Music_Cue'.
[2019.04.26-21.53.40:987][797]LogSlate: FSceneViewport::OnFocusLost() reason 0
[2019.04.26-21.53.49:865][860]LogGameMode: Display: Match State Changed from InProgress to LeavingMap
[2019.04.26-21.53.49:865][860]LogGameState: Match State Changed from InProgress to LeavingMap
[2019.04.26-21.53.49:865][860]LogNet: Browse: /Game/Levels/Level_02
[2019.04.26-21.53.49:868][860]LogLoad: LoadMap: /Game/Levels/Level_02
[2019.04.26-21.53.51:234][860]LogPackageName: Warning: String asset reference "Env_Ice_RuinedWalls001" is in short form, which is unsupported and -- even if valid -- resolving it will be really slow.
[2019.04.26-21.53.51:234][860]LogPackageName: Warning: Please consider resaving package in order to speed-up loading.
[2019.04.26-21.53.51:374][860]LogPackageName: SearchForPackageOnDisk took   0.140s, but failed to resolve Env_Ice_RuinedWalls001.
[2019.04.26-21.53.51:374][860]LogPackageName: Warning: String asset reference "Env_Ice_RuinedWalls001" could not be resolved.
[2019.04.26-21.53.53:675][860]LogAIModule: Creating AISystem for world Level_02
[2019.04.26-21.53.53:676][860]LogLoad: Game class is 'MyGameMode_C'
[2019.04.26-21.53.53:720][860]LogScript: Warning: Accessed None trying to read property player character
	ThirdPerson_AnimBP_C /Game/Levels/UEDPIE_0_Level_02.Level_02:PersistentLevel.SideScrollerCharacterTwo_3.CharacterMesh0.ThirdPerson_AnimBP_C_0
	Function /Game/Mannequin/Animations/ThirdPerson_AnimBP.ThirdPerson_AnimBP_C:ExecuteUbergraph_ThirdPerson_AnimBP:00AB
[2019.04.26-21.53.53:720][860]PIE: Error: Blueprint Runtime Error: "Accessed None trying to read property player character". Blueprint:  ThirdPerson_AnimBP Function:  Execute Ubergraph Third Person Anim BP Graph:  EventGraph Node:  Set pitch
[2019.04.26-21.53.53:767][860]LogWorld: Bringing World /Game/Levels/UEDPIE_0_Level_02.Level_02 up for play (max tick rate 0) at 2019.04.26-22.53.53
[2019.04.26-21.53.53:769][860]LogWorld: Bringing up level for play took: 0.092353
[2019.04.26-21.53.53:769][860]LogGameMode: FindPlayerStart: PATHS NOT DEFINED or NO PLAYERSTART with positive rating
[2019.04.26-21.53.53:772][860]LogLoad: Took 3.904244 seconds to LoadMap(/Game/Levels/Level_02)
[2019.04.26-21.54.03:810][838]LogSlate: FSceneViewport::OnFocusLost() reason 0
[2019.04.26-21.54.04:418][908]LogNet: Browse: /Game/Levels/Level_02
[2019.04.26-21.54.04:421][908]LogLoad: LoadMap: /Game/Levels/Level_02
[2019.04.26-21.54.05:217][908]LogAIModule: Creating AISystem for world Level_02
[2019.04.26-21.54.05:217][908]LogLoad: Game class is 'MyGameMode_C'
[2019.04.26-21.54.05:242][908]LogScript: Warning: Accessed None trying to read property player character
	ThirdPerson_AnimBP_C /Game/Levels/UEDPIE_0_Level_02.Level_02:PersistentLevel.SideScrollerCharacterTwo_3.CharacterMesh0.ThirdPerson_AnimBP_C_0
	Function /Game/Mannequin/Animations/ThirdPerson_AnimBP.ThirdPerson_AnimBP_C:ExecuteUbergraph_ThirdPerson_AnimBP:00AB
[2019.04.26-21.54.05:242][908]PIE: Error: Blueprint Runtime Error: "Accessed None trying to read property player character". Blueprint:  ThirdPerson_AnimBP Function:  Execute Ubergraph Third Person Anim BP Graph:  EventGraph Node:  Set pitch
[2019.04.26-21.54.05:289][908]LogWorld: Bringing World /Game/Levels/UEDPIE_0_Level_02.Level_02 up for play (max tick rate 0) at 2019.04.26-22.54.05
[2019.04.26-21.54.05:291][908]LogWorld: Bringing up level for play took: 0.072695
[2019.04.26-21.54.05:292][908]LogGameMode: FindPlayerStart: PATHS NOT DEFINED or NO PLAYERSTART with positive rating
[2019.04.26-21.54.05:294][908]LogLoad: Took 0.873621 seconds to LoadMap(/Game/Levels/Level_02)
[2019.04.26-21.55.01:028][645]LogCharacterMovement: SideScrollerCharacterTwo_3 is stuck and failed to move! Velocity: X=0.00 Y=-9.93 Z=0.00 Location: X=1550.00 Y=-7183.63 Z=412.22 Normal: X=0.00 Y=0.00 Z=-1.00 PenetrationDepth:8.220 Actor:BP_horizontalPlatformBonus12 Component:StaticMesh BoneName:None (0 other events since notify)
[2019.04.26-21.55.10:381][466]LogCharacterMovement: SideScrollerCharacterTwo_3 is stuck and failed to move! Velocity: X=0.00 Y=-45.45 Z=0.00 Location: X=1550.00 Y=-5552.30 Z=102.08 Normal: X=-0.62 Y=0.06 Z=0.78 PenetrationDepth:0.482 Actor:BP_horizontalPlatformForward2_2 Component:StaticMesh BoneName:None (13 other events since notify)
[2019.04.26-21.55.42:297][ 85]LogBlueprintUserMessages: Early EndPlayMap Detection: Level '/Game/Levels/mainmenu.mainmenu:PersistentLevel' has LevelScriptBlueprint '/Game/Levels/mainmenu.mainmenu:PersistentLevel.mainmenu' with GeneratedClass '/Game/Levels/mainmenu.mainmenu_C' with ClassGeneratedBy '/Game/Levels/mainmenu.mainmenu:PersistentLevel.mainmenu'
[2019.04.26-21.55.42:298][ 85]LogSlate: Updating window title bar state: overlay mode, drag disabled, window buttons hidden, title bar hidden
[2019.04.26-21.55.42:316][ 85]LogSlate: Window 'PawnTrials Game Preview Standalone (64-bit/PCD3D_SM5)' being destroyed
[2019.04.26-21.55.42:385][ 85]LogPlayLevel: Display: Shutting down PIE online subsystems
[2019.04.26-21.55.42:386][ 85]LogBlueprintUserMessages: Late EndPlayMap Detection: Level '/Game/Levels/mainmenu.mainmenu:PersistentLevel' has LevelScriptBlueprint '/Game/Levels/mainmenu.mainmenu:PersistentLevel.mainmenu' with GeneratedClass '/Game/Levels/mainmenu.mainmenu_C' with ClassGeneratedBy '/Game/Levels/mainmenu.mainmenu:PersistentLevel.mainmenu'
[2019.04.26-21.55.42:437][ 86]LogPlayLevel: Display: Destroying online subsystem :Context_2
[2019.04.26-21.55.47:034][633]LogSlate: FSceneViewport::OnFocusLost() reason 0
[2019.04.26-21.55.52:330][260]LogSlate: Window 'Message Log' being destroyed
[2019.04.26-21.55.52:333][260]LogSlate: Window 'Message Log' being destroyed
[2019.04.26-21.55.54:076][469]LogSlate: FSceneViewport::OnFocusLost() reason 0
[2019.04.26-21.55.54:246][478]LogSlate: Window 'PawnTrials - Unreal Editor' being destroyed
[2019.04.26-21.55.54:248][478]LogWindowsTextInputMethodSystem: Display: IME system now deactivated.
[2019.04.26-21.55.54:426][479]Cmd: QUIT_EDITOR
[2019.04.26-21.55.55:417][479]LogExit: Preparing to exit.
[2019.04.26-21.55.56:135][479]LogExit: Editor shut down
[2019.04.26-21.55.56:136][479]LogExit: Transaction tracking system shut down
[2019.04.26-21.55.56:521][479]LogExit: Object subsystem successfully closed.
[2019.04.26-21.55.56:532][479]LogShaderCompilers: Display: Shaders left to compile 0
[2019.04.26-21.55.56:537][479]LogD3D11RHI: Shutdown
[2019.04.26-21.55.56:537][479]LogD3D11RHI: CleanupD3DDevice
[2019.04.26-21.55.56:539][479]LogD3D11RHI: ~FD3D11DynamicRHI
[2019.04.26-21.55.56:553][479]LogModuleManager: Shutting down and abandoning module MovieSceneCapture (614)
[2019.04.26-21.55.56:553][479]LogModuleManager: Shutting down and abandoning module Voice (612)
[2019.04.26-21.55.56:553][479]LogModuleManager: Shutting down and abandoning module HierarchicalLODOutliner (610)
[2019.04.26-21.55.56:553][479]LogModuleManager: Shutting down and abandoning module SceneOutliner (608)
[2019.04.26-21.55.56:553][479]LogModuleManager: Shutting down and abandoning module AddContentDialog (606)
[2019.04.26-21.55.56:568][479]LogModuleManager: Shutting down and abandoning module WidgetCarousel (605)
[2019.04.26-21.55.56:568][479]LogModuleManager: Shutting down and abandoning module EditorWidgets (602)
[2019.04.26-21.55.56:568][479]LogModuleManager: Shutting down and abandoning module CollectionManager (600)
[2019.04.26-21.55.56:568][479]LogModuleManager: Shutting down and abandoning module StatsViewer (598)
[2019.04.26-21.55.56:568][479]LogModuleManager: Shutting down and abandoning module FoliageEdit (596)
[2019.04.26-21.55.56:568][479]LogModuleManager: Shutting down and abandoning module LandscapeEditor (594)
[2019.04.26-21.55.56:568][479]LogModuleManager: Shutting down and abandoning module MeshPaintMode (592)
[2019.04.26-21.55.56:569][479]LogModuleManager: Shutting down and abandoning module SceneDepthPickerMode (590)
[2019.04.26-21.55.56:569][479]LogModuleManager: Shutting down and abandoning module ActorPickerMode (588)
[2019.04.26-21.55.56:569][479]LogModuleManager: Shutting down and abandoning module GeometryMode (586)
[2019.04.26-21.55.56:569][479]LogModuleManager: Shutting down and abandoning module TextureAlignMode (584)
[2019.04.26-21.55.56:569][479]LogModuleManager: Shutting down and abandoning module BspMode (582)
[2019.04.26-21.55.56:569][479]LogModuleManager: Shutting down and abandoning module PIEPreviewDeviceProfileSelector (580)
[2019.04.26-21.55.56:569][479]LogModuleManager: Shutting down and abandoning module SequenceRecorderSections (578)
[2019.04.26-21.55.56:569][479]LogModuleManager: Shutting down and abandoning module AutomationWorker (576)
[2019.04.26-21.55.56:569][479]LogModuleManager: Shutting down and abandoning module AudioCaptureEditor (574)
[2019.04.26-21.55.56:569][479]LogModuleManager: Shutting down and abandoning module SequenceRecorder (573)
[2019.04.26-21.55.56:569][479]LogModuleManager: Shutting down and abandoning module MatineeToLevelSequence (570)
[2019.04.26-21.55.56:569][479]LogModuleManager: Shutting down and abandoning module LevelSequenceEditor (568)
[2019.04.26-21.55.56:569][479]LogModuleManager: Shutting down and abandoning module PlacementMode (567)
[2019.04.26-21.55.56:569][479]LogModuleManager: Shutting down and abandoning module MaterialEditor (566)
[2019.04.26-21.55.56:569][479]LogModuleManager: Shutting down and abandoning module WmfMediaFactory (562)
[2019.04.26-21.55.56:569][479]LogModuleManager: Shutting down and abandoning module WmfMediaEditor (560)
[2019.04.26-21.55.56:569][479]LogModuleManager: Shutting down and abandoning module MediaPlayerEditor (558)
[2019.04.26-21.55.56:569][479]LogModuleManager: Shutting down and abandoning module OpenExrWrapper (556)
[2019.04.26-21.55.56:569][479]LogModuleManager: Shutting down and abandoning module ImgMediaFactory (554)
[2019.04.26-21.55.56:569][479]LogModuleManager: Shutting down and abandoning module ImgMediaEditor (552)
[2019.04.26-21.55.56:569][479]LogModuleManager: Shutting down and abandoning module AvfMediaFactory (550)
[2019.04.26-21.55.56:569][479]LogModuleManager: Shutting down and abandoning module AvfMediaEditor (548)
[2019.04.26-21.55.56:569][479]LogModuleManager: Shutting down and abandoning module AndroidMediaFactory (546)
[2019.04.26-21.55.56:569][479]LogModuleManager: Shutting down and abandoning module AndroidMediaEditor (544)
[2019.04.26-21.55.56:569][479]LogModuleManager: Shutting down and abandoning module MagicLeapCameraPreviewFactory (542)
[2019.04.26-21.55.56:569][479]LogModuleManager: Shutting down and abandoning module MagicLeapMediaFactory (540)
[2019.04.26-21.55.56:569][479]LogModuleManager: Shutting down and abandoning module MagicLeapMediaEditor (538)
[2019.04.26-21.55.56:569][479]LogModuleManager: Shutting down and abandoning module CharacterAI (536)
[2019.04.26-21.55.56:569][479]LogModuleManager: Shutting down and abandoning module SmartSnapping (534)
[2019.04.26-21.55.56:569][479]LogModuleManager: Shutting down and abandoning module SessionServices (532)
[2019.04.26-21.55.56:569][479]LogModuleManager: Shutting down and abandoning module ViewportSnapping (530)
[2019.04.26-21.55.56:569][479]LogModuleManager: Shutting down and abandoning module ViewportInteraction (528)
[2019.04.26-21.55.56:569][479]LogModuleManager: Shutting down and abandoning module ClothPainter (526)
[2019.04.26-21.55.56:569][479]LogModuleManager: Shutting down and abandoning module SkeletalMeshEditor (525)
[2019.04.26-21.55.56:570][479]LogModuleManager: Shutting down and abandoning module LogVisualizer (522)
[2019.04.26-21.55.56:570][479]LogModuleManager: Shutting down and abandoning module IntroTutorials (520)
[2019.04.26-21.55.56:570][479]LogModuleManager: Shutting down and abandoning module GameProjectGeneration (519)
[2019.04.26-21.55.56:570][479]LogModuleManager: Shutting down and abandoning module LuminPlatformEditor (516)
[2019.04.26-21.55.56:570][479]LogModuleManager: Shutting down and abandoning module IOSPlatformEditor (514)
[2019.04.26-21.55.56:570][479]LogModuleManager: Shutting down and abandoning module HTML5PlatformEditor (512)
[2019.04.26-21.55.56:570][479]LogModuleManager: Shutting down and abandoning module AndroidPlatformEditor (510)
[2019.04.26-21.55.56:570][479]LogModuleManager: Shutting down and abandoning module AndroidDeviceDetection (509)
[2019.04.26-21.55.57:304][479]LogModuleManager: Shutting down and abandoning module WindowsPlatformEditor (506)
[2019.04.26-21.55.57:304][479]LogModuleManager: Shutting down and abandoning module LuminRuntimeSettings (504)
[2019.04.26-21.55.57:304][479]LogModuleManager: Shutting down and abandoning module IOSRuntimeSettings (502)
[2019.04.26-21.55.57:304][479]LogModuleManager: Shutting down and abandoning module AndroidRuntimeSettings (500)
[2019.04.26-21.55.57:304][479]LogModuleManager: Shutting down and abandoning module InputBindingEditor (498)
[2019.04.26-21.55.57:304][479]LogModuleManager: Shutting down and abandoning module MergeActors (496)
[2019.04.26-21.55.57:304][479]LogModuleManager: Shutting down and abandoning module LocalizationDashboard (494)
[2019.04.26-21.55.57:305][479]LogModuleManager: Shutting down and abandoning module LocalizationService (493)
[2019.04.26-21.55.57:305][479]LogModuleManager: Shutting down and abandoning module HardwareTargeting (490)
[2019.04.26-21.55.57:305][479]LogModuleManager: Shutting down and abandoning module DeviceProfileEditor (488)
[2019.04.26-21.55.57:305][479]LogModuleManager: Shutting down and abandoning module UndoHistory (486)
[2019.04.26-21.55.57:305][479]LogModuleManager: Shutting down and abandoning module XmlParser (484)
[2019.04.26-21.55.57:305][479]LogModuleManager: Shutting down and abandoning module Blutility (482)
[2019.04.26-21.55.57:305][479]LogModuleManager: Shutting down and abandoning module ProjectSettingsViewer (480)
[2019.04.26-21.55.57:305][479]LogModuleManager: Shutting down and abandoning module ProjectTargetPlatformEditor (479)
[2019.04.26-21.55.57:305][479]LogModuleManager: Shutting down and abandoning module EditorSettingsViewer (476)
[2019.04.26-21.55.57:305][479]LogModuleManager: Shutting down and abandoning module SettingsEditor (474)
[2019.04.26-21.55.57:305][479]LogModuleManager: Shutting down and abandoning module ProjectLauncher (472)
[2019.04.26-21.55.57:305][479]LogModuleManager: Shutting down and abandoning module SessionFrontend (470)
[2019.04.26-21.55.57:305][479]LogModuleManager: Shutting down and abandoning module ProfilerClient (468)
[2019.04.26-21.55.57:305][479]LogModuleManager: Shutting down and abandoning module DeviceManager (466)
[2019.04.26-21.55.57:305][479]LogModuleManager: Shutting down and abandoning module TargetDeviceServices (465)
[2019.04.26-21.55.57:358][479]LogModuleManager: Shutting down and abandoning module AutomationController (462)
[2019.04.26-21.55.57:358][479]LogModuleManager: Shutting down and abandoning module AutomationWindow (460)
[2019.04.26-21.55.57:358][479]LogModuleManager: Shutting down and abandoning module Layers (458)
[2019.04.26-21.55.57:358][479]LogModuleManager: Shutting down and abandoning module ComponentVisualizers (456)
[2019.04.26-21.55.57:358][479]LogModuleManager: Shutting down and abandoning module DetailCustomizations (454)
[2019.04.26-21.55.57:358][479]LogModuleManager: Shutting down and abandoning module PackagesDialog (452)
[2019.04.26-21.55.57:358][479]LogModuleManager: Shutting down and abandoning module Persona (450)
[2019.04.26-21.55.57:358][479]LogModuleManager: Shutting down and abandoning module AdvancedPreviewScene (449)
[2019.04.26-21.55.57:358][479]LogModuleManager: Shutting down and abandoning module AnimGraph (447)
[2019.04.26-21.55.57:358][479]LogModuleManager: Shutting down and abandoning module Kismet (444)
[2019.04.26-21.55.57:359][479]LogModuleManager: Shutting down and abandoning module GraphEditor (442)
[2019.04.26-21.55.57:359][479]LogModuleManager: Shutting down and abandoning module ClassViewer (440)
[2019.04.26-21.55.57:359][479]LogModuleManager: Shutting down and abandoning module Toolbox (438)
[2019.04.26-21.55.57:359][479]LogModuleManager: Shutting down and abandoning module ModuleUI (436)
[2019.04.26-21.55.57:359][479]LogModuleManager: Shutting down and abandoning module MovieSceneTools (434)
[2019.04.26-21.55.57:359][479]LogModuleManager: Shutting down and abandoning module OutputLog (432)
[2019.04.26-21.55.57:359][479]LogModuleManager: Shutting down and abandoning module GammaUI (430)
[2019.04.26-21.55.57:359][479]LogModuleManager: Shutting down and abandoning module Documentation (428)
[2019.04.26-21.55.57:359][479]LogModuleManager: Shutting down and abandoning module MovieSceneTracks (426)
[2019.04.26-21.55.57:359][479]LogModuleManager: Shutting down and abandoning module MovieScene (424)
[2019.04.26-21.55.57:359][479]LogModuleManager: Shutting down and abandoning module StreamingPauseRendering (422)
[2019.04.26-21.55.57:359][479]LogModuleManager: Shutting down and abandoning module LauncherPlatform (420)
[2019.04.26-21.55.57:359][479]LogModuleManager: Shutting down and abandoning module AnalyticsET (418)
[2019.04.26-21.55.57:359][479]LogModuleManager: Shutting down and abandoning module PortalServices (416)
[2019.04.26-21.55.57:359][479]LogModuleManager: Shutting down and abandoning module PortalRpc (414)
[2019.04.26-21.55.57:359][479]LogModuleManager: Shutting down and abandoning module MessagingRpc (412)
[2019.04.26-21.55.57:359][479]LogModuleManager: Shutting down and abandoning module AIModule (410)
[2019.04.26-21.55.57:359][479]LogModuleManager: Shutting down and abandoning module GameplayDebugger (409)
[2019.04.26-21.55.57:359][479]LogModuleManager: Shutting down and abandoning module AITestSuite (407)
[2019.04.26-21.55.57:359][479]LogModuleManager: Shutting down and abandoning module NavigationSystem (405)
[2019.04.26-21.55.57:360][479]LogModuleManager: Shutting down and abandoning module DesktopPlatform (402)
[2019.04.26-21.55.57:360][479]LogModuleManager: Shutting down and abandoning module ProfilerService (400)
[2019.04.26-21.55.57:562][479]LogModuleManager: Shutting down and abandoning module TaskGraph (398)
[2019.04.26-21.55.57:562][479]LogModuleManager: Shutting down and abandoning module SteamVRController (396)
[2019.04.26-21.55.57:562][479]LogModuleManager: Shutting down and abandoning module ProceduralMeshComponentEditor (394)
[2019.04.26-21.55.57:562][479]LogModuleManager: Shutting down and abandoning module ProceduralMeshComponent (392)
[2019.04.26-21.55.57:562][479]LogModuleManager: Shutting down and abandoning module OculusInput (390)
[2019.04.26-21.55.57:562][479]LogModuleManager: Shutting down and abandoning module MobilePatchingUtils (388)
[2019.04.26-21.55.57:562][479]LogModuleManager: Shutting down and abandoning module EditableMesh (386)
[2019.04.26-21.55.57:563][479]LogModuleManager: Shutting down and abandoning module CustomMeshComponent (384)
[2019.04.26-21.55.57:563][479]LogModuleManager: Shutting down and abandoning module CableComponent (382)
[2019.04.26-21.55.57:563][479]LogModuleManager: Shutting down and abandoning module AudioCapture (380)
[2019.04.26-21.55.57:563][479]LogModuleManager: Shutting down and abandoning module ArchVisCharacter (378)
[2019.04.26-21.55.57:563][479]LogModuleManager: Shutting down and abandoning module AndroidPermission (376)
[2019.04.26-21.55.57:563][479]LogModuleManager: Shutting down and abandoning module NUTUnrealEngine4 (374)
[2019.04.26-21.55.57:563][479]LogModuleManager: Shutting down and abandoning module NetcodeUnitTest (372)
[2019.04.26-21.55.57:563][479]LogModuleManager: Shutting down and abandoning module MediaCompositingEditor (370)
[2019.04.26-21.55.57:563][479]LogModuleManager: Shutting down and abandoning module MediaCompositing (368)
[2019.04.26-21.55.57:563][479]LogModuleManager: Shutting down and abandoning module LinearTimecode (366)
[2019.04.26-21.55.57:563][479]LogModuleManager: Shutting down and abandoning module ImgMedia (364)
[2019.04.26-21.55.57:565][479]LogModuleManager: Shutting down and abandoning module HTML5Networking (362)
[2019.04.26-21.55.57:565][479]LogModuleManager: Shutting down and abandoning module GeometryCacheTracks (360)
[2019.04.26-21.55.57:565][479]LogModuleManager: Shutting down and abandoning module GeometryCacheSequencer (358)
[2019.04.26-21.55.57:565][479]LogModuleManager: Shutting down and abandoning module BackChannel (356)
[2019.04.26-21.55.57:565][479]LogModuleManager: Shutting down and abandoning module AppleVision (354)
[2019.04.26-21.55.57:565][479]LogModuleManager: Shutting down and abandoning module AppleImageUtils (352)
[2019.04.26-21.55.57:565][479]LogModuleManager: Shutting down and abandoning module AlembicImporter (350)
[2019.04.26-21.55.57:565][479]LogModuleManager: Shutting down and abandoning module AlembicLibrary (349)
[2019.04.26-21.55.57:565][479]LogModuleManager: Shutting down and abandoning module GeometryCache (348)
[2019.04.26-21.55.57:565][479]LogModuleManager: Shutting down and abandoning module GeometryCacheEd (347)
[2019.04.26-21.55.57:566][479]LogModuleManager: Shutting down and abandoning module DatasmithContentEditor (342)
[2019.04.26-21.55.57:566][479]LogModuleManager: Shutting down and abandoning module DatasmithContent (340)
[2019.04.26-21.55.57:566][479]LogModuleManager: Shutting down and abandoning module SpeedTreeImporter (338)
[2019.04.26-21.55.57:566][479]LogModuleManager: Shutting down and abandoning module PluginBrowser (336)
[2019.04.26-21.55.57:566][479]LogModuleManager: Shutting down and abandoning module MobileLauncherProfileWizard (334)
[2019.04.26-21.55.57:566][479]LogModuleManager: Shutting down and abandoning module PolygonModeling (332)
[2019.04.26-21.55.57:566][479]LogModuleManager: Shutting down and abandoning module MeshEditor (330)
[2019.04.26-21.55.57:566][479]LogModuleManager: Shutting down and abandoning module CryptoKeysOpenSSL (328)
[2019.04.26-21.55.57:566][479]LogModuleManager: Shutting down and abandoning module CryptoKeys (326)
[2019.04.26-21.55.57:566][479]LogModuleManager: Shutting down and abandoning module VisualStudioSourceCodeAccess (324)
[2019.04.26-21.55.57:566][479]LogModuleManager: Shutting down and abandoning module VisualStudioCodeSourceCodeAccess (322)
[2019.04.26-21.55.57:566][479]LogModuleManager: Shutting down and abandoning module UObjectPlugin (320)
[2019.04.26-21.55.57:566][479]LogModuleManager: Shutting down and abandoning module SubversionSourceControl (318)
[2019.04.26-21.55.57:566][479]LogModuleManager: Shutting down and abandoning module PerforceSourceControl (316)
[2019.04.26-21.55.57:566][479]LogModuleManager: Shutting down and abandoning module GitSourceControl (314)
[2019.04.26-21.55.57:566][479]LogModuleManager: Shutting down and abandoning module SourceControl (313)
[2019.04.26-21.55.57:566][479]LogModuleManager: Shutting down and abandoning module CLionSourceCodeAccess (310)
[2019.04.26-21.55.57:566][479]LogModuleManager: Shutting down and abandoning module LightPropagationVolumeEditor (308)
[2019.04.26-21.55.57:566][479]LogModuleManager: Shutting down and abandoning module PaperTiledImporter (306)
[2019.04.26-21.55.57:566][479]LogModuleManager: Shutting down and abandoning module PaperSpriteSheetImporter (304)
[2019.04.26-21.55.57:566][479]LogModuleManager: Shutting down and abandoning module Paper2DEditor (302)
[2019.04.26-21.55.57:567][479]LogModuleManager: Shutting down and abandoning module MeshPaint (301)
[2019.04.26-21.55.57:567][479]LogModuleManager: Shutting down and abandoning module RuntimePhysXCooking (298)
[2019.04.26-21.55.57:567][479]LogModuleManager: Shutting down and abandoning module PhysXVehiclesEditor (296)
[2019.04.26-21.55.57:567][479]LogModuleManager: Shutting down and abandoning module PhysXVehicles (294)
[2019.04.26-21.55.57:567][479]LogModuleManager: Shutting down and abandoning module OculusEditor (292)
[2019.04.26-21.55.57:567][479]LogModuleManager: Shutting down and abandoning module LocationServicesBPLibrary (290)
[2019.04.26-21.55.57:567][479]LogModuleManager: Shutting down and abandoning module ImmediatePhysicsEditor (288)
[2019.04.26-21.55.57:567][479]LogModuleManager: Shutting down and abandoning module ImmediatePhysics (286)
[2019.04.26-21.55.57:567][479]LogModuleManager: Shutting down and abandoning module ActorSequence (284)
[2019.04.26-21.55.57:567][479]LogModuleManager: Shutting down and abandoning module UdpMessaging (282)
[2019.04.26-21.55.57:668][479]LogModuleManager: Shutting down and abandoning module TcpMessaging (280)
[2019.04.26-21.55.57:768][479]LogModuleManager: Shutting down and abandoning module MagicLeapAudio (278)
[2019.04.26-21.55.57:768][479]LogModuleManager: Shutting down and abandoning module GameplayTagsEditor (276)
[2019.04.26-21.55.57:768][479]LogModuleManager: Shutting down and abandoning module FacialAnimationEditor (274)
[2019.04.26-21.55.57:768][479]LogModuleManager: Shutting down and abandoning module FacialAnimation (272)
[2019.04.26-21.55.57:768][479]LogModuleManager: Shutting down and abandoning module DataValidation (270)
[2019.04.26-21.55.57:768][479]LogModuleManager: Shutting down and abandoning module AssetManagerEditor (268)
[2019.04.26-21.55.57:768][479]LogModuleManager: Shutting down and abandoning module LevelEditor (267)
[2019.04.26-21.55.57:769][479]LogModuleManager: Shutting down and abandoning module PixelInspectorModule (266)
[2019.04.26-21.55.57:769][479]LogModuleManager: Shutting down and abandoning module CommonMenuExtensions (264)
[2019.04.26-21.55.57:769][479]LogModuleManager: Shutting down and abandoning module MainFrame (262)
[2019.04.26-21.55.57:769][479]LogModuleManager: Shutting down and abandoning module HotReload (261)
[2019.04.26-21.55.57:769][479]LogModuleManager: Shutting down and abandoning module ContentBrowser (257)
[2019.04.26-21.55.57:770][479]LogModuleManager: Shutting down and abandoning module TreeMap (255)
[2019.04.26-21.55.57:770][479]LogModuleManager: Shutting down and abandoning module LightPropagationVolumeRuntime (252)
[2019.04.26-21.55.57:770][479]LogModuleManager: Shutting down and abandoning module AISupportModule (250)
[2019.04.26-21.55.57:770][479]LogModuleManager: Shutting down and abandoning module Paper2D (248)
[2019.04.26-21.55.57:770][479]LogModuleManager: Shutting down and abandoning module WindowsMoviePlayer (246)
[2019.04.26-21.55.57:770][479]LogModuleManager: Shutting down and abandoning module WmfMedia (244)
[2019.04.26-21.55.57:771][479]LogModuleManager: Shutting down and abandoning module Media (243)
[2019.04.26-21.55.57:778][479]LogModuleManager: Shutting down and abandoning module PacketHandler (240)
[2019.04.26-21.55.57:778][479]LogModuleManager: Shutting down and abandoning module ClothingSystemEditor (238)
[2019.04.26-21.55.57:778][479]LogModuleManager: Shutting down and abandoning module ClothingSystemRuntime (236)
[2019.04.26-21.55.57:778][479]LogModuleManager: Shutting down and abandoning module MediaAssets (234)
[2019.04.26-21.55.57:778][479]LogModuleManager: Shutting down and abandoning module Overlay (232)
[2019.04.26-21.55.57:778][479]LogModuleManager: Shutting down and abandoning module OverlayEditor (231)
[2019.04.26-21.55.57:778][479]LogModuleManager: Shutting down and abandoning module VREditor (228)
[2019.04.26-21.55.57:778][479]LogModuleManager: Shutting down and abandoning module StringTableEditor (226)
[2019.04.26-21.55.57:778][479]LogModuleManager: Shutting down and abandoning module GameplayTasksEditor (224)
[2019.04.26-21.55.57:778][479]LogModuleManager: Shutting down and abandoning module BehaviorTreeEditor (222)
[2019.04.26-21.55.57:778][479]LogModuleManager: Shutting down and abandoning module FunctionalTesting (220)
[2019.04.26-21.55.57:778][479]LogModuleManager: Shutting down and abandoning module CollisionAnalyzer (218)
[2019.04.26-21.55.57:778][479]LogModuleManager: Shutting down and abandoning module WorkspaceMenuStructure (217)
[2019.04.26-21.55.57:778][479]LogModuleManager: Shutting down and abandoning module UMG (214)
[2019.04.26-21.55.57:778][479]LogModuleManager: Shutting down and abandoning module UMGEditor (213)
[2019.04.26-21.55.57:778][479]LogModuleManager: Shutting down and abandoning module Sequencer (212)
[2019.04.26-21.55.57:778][479]LogModuleManager: Shutting down and abandoning module MessageLog (209)
[2019.04.26-21.55.57:779][479]LogModuleManager: Shutting down and abandoning module SlateReflector (204)
[2019.04.26-21.55.57:779][479]LogModuleManager: Shutting down and abandoning module Slate (202)
[2019.04.26-21.55.57:779][479]LogModuleManager: Shutting down and abandoning module EditorStyle (200)
[2019.04.26-21.55.57:780][479]LogModuleManager: Shutting down and abandoning module MRMesh (198)
[2019.04.26-21.55.57:780][479]LogModuleManager: Shutting down and abandoning module SourceCodeAccess (196)
[2019.04.26-21.55.57:780][479]LogModuleManager: Shutting down and abandoning module HeadMountedDisplay (194)
[2019.04.26-21.55.57:780][479]LogModuleManager: Shutting down and abandoning module XAudio2 (192)
[2019.04.26-21.55.57:780][479]LogModuleManager: Shutting down and abandoning module Networking (190)
[2019.04.26-21.55.57:780][479]LogModuleManager: Shutting down and abandoning module Core (188)
[2019.04.26-21.55.57:780][479]LogModuleManager: Shutting down and abandoning module LevelSequence (186)
[2019.04.26-21.55.57:780][479]LogModuleManager: Shutting down and abandoning module KismetCompiler (184)
[2019.04.26-21.55.57:780][479]LogModuleManager: Shutting down and abandoning module MeshUtilities (182)
[2019.04.26-21.55.57:780][479]LogModuleManager: Shutting down and abandoning module MeshMergeUtilities (181)
[2019.04.26-21.55.57:780][479]LogModuleManager: Shutting down and abandoning module MeshReductionInterface (180)
[2019.04.26-21.55.57:780][479]LogModuleManager: Shutting down and abandoning module SimplygonSwarm (179)
[2019.04.26-21.55.57:780][479]LogModuleManager: Shutting down and abandoning module ProxyLODMeshReduction (177)
[2019.04.26-21.55.57:780][479]LogModuleManager: Shutting down and abandoning module SimplygonMeshReduction (175)
[2019.04.26-21.55.57:780][479]LogModuleManager: Shutting down and abandoning module QuadricMeshReduction (173)
[2019.04.26-21.55.57:780][479]LogModuleManager: Shutting down and abandoning module MaterialBaking (169)
[2019.04.26-21.55.57:780][479]LogModuleManager: Shutting down and abandoning module DirectoryWatcher (165)
[2019.04.26-21.55.57:780][479]LogModuleManager: Shutting down and abandoning module DerivedDataCache (162)
[2019.04.26-21.55.57:843][479]LogDerivedDataCache: Shutdown
[2019.04.26-21.55.57:843][479]LogModuleManager: Shutting down and abandoning module XGEController (160)
[2019.04.26-21.55.57:843][479]LogModuleManager: Shutting down and abandoning module TargetPlatform (158)
[2019.04.26-21.55.57:843][479]LogModuleManager: Shutting down and abandoning module VulkanShaderFormat (157)
[2019.04.26-21.55.57:843][479]LogModuleManager: Shutting down and abandoning module ShaderFormatVectorVM (155)
[2019.04.26-21.55.57:843][479]LogModuleManager: Shutting down and abandoning module ShaderFormatOpenGL (153)
[2019.04.26-21.55.57:843][479]LogModuleManager: Shutting down and abandoning module ShaderFormatD3D (151)
[2019.04.26-21.55.57:843][479]LogModuleManager: Shutting down and abandoning module MetalShaderFormat (149)
[2019.04.26-21.55.57:843][479]LogModuleManager: Shutting down and abandoning module TextureFormatUncompressed (147)
[2019.04.26-21.55.57:843][479]LogModuleManager: Shutting down and abandoning module TextureFormatPVR (145)
[2019.04.26-21.55.57:843][479]LogModuleManager: Shutting down and abandoning module TextureFormatDXT (143)
[2019.04.26-21.55.57:843][479]LogModuleManager: Shutting down and abandoning module TextureFormatIntelISPCTexComp (141)
[2019.04.26-21.55.57:843][479]LogModuleManager: Shutting down and abandoning module TextureFormatASTC (139)
[2019.04.26-21.55.57:843][479]LogModuleManager: Shutting down and abandoning module ImageWrapper (138)
[2019.04.26-21.55.57:843][479]LogModuleManager: Shutting down and abandoning module TextureFormatAndroid (135)
[2019.04.26-21.55.57:843][479]LogModuleManager: Shutting down and abandoning module AudioFormatOpus (133)
[2019.04.26-21.55.57:843][479]LogModuleManager: Shutting down and abandoning module AudioFormatOgg (131)
[2019.04.26-21.55.57:843][479]LogModuleManager: Shutting down and abandoning module AudioFormatADPCM (129)
[2019.04.26-21.55.57:843][479]LogModuleManager: Shutting down and abandoning module LuminTargetPlatform (127)
[2019.04.26-21.55.57:843][479]LogModuleManager: Shutting down and abandoning module LinuxTargetPlatform (125)
[2019.04.26-21.55.57:843][479]LogModuleManager: Shutting down and abandoning module LinuxServerTargetPlatform (123)
[2019.04.26-21.55.57:843][479]LogModuleManager: Shutting down and abandoning module LinuxNoEditorTargetPlatform (121)
[2019.04.26-21.55.57:843][479]LogModuleManager: Shutting down and abandoning module LinuxClientTargetPlatform (119)
[2019.04.26-21.55.57:843][479]LogModuleManager: Shutting down and abandoning module TVOSTargetPlatform (117)
[2019.04.26-21.55.57:844][479]LogModuleManager: Shutting down and abandoning module Messaging (115)
[2019.04.26-21.55.57:844][479]LogModuleManager: Shutting down and abandoning module IOSTargetPlatform (113)
[2019.04.26-21.55.57:844][479]LogModuleManager: Shutting down and abandoning module HTML5TargetPlatform (111)
[2019.04.26-21.55.57:845][479]LogModuleManager: Shutting down and abandoning module AndroidTargetPlatform (109)
[2019.04.26-21.55.57:850][479]LogModuleManager: Shutting down and abandoning module WindowsTargetPlatform (107)
[2019.04.26-21.55.57:850][479]LogModuleManager: Shutting down and abandoning module WindowsServerTargetPlatform (105)
[2019.04.26-21.55.57:850][479]LogModuleManager: Shutting down and abandoning module WindowsNoEditorTargetPlatform (103)
[2019.04.26-21.55.57:850][479]LogModuleManager: Shutting down and abandoning module WindowsClientTargetPlatform (101)
[2019.04.26-21.55.57:850][479]LogModuleManager: Shutting down and abandoning module MacTargetPlatform (99)
[2019.04.26-21.55.57:850][479]LogModuleManager: Shutting down and abandoning module MacServerTargetPlatform (97)
[2019.04.26-21.55.57:850][479]LogModuleManager: Shutting down and abandoning module MacNoEditorTargetPlatform (95)
[2019.04.26-21.55.57:850][479]LogModuleManager: Shutting down and abandoning module MacClientTargetPlatform (93)
[2019.04.26-21.55.57:850][479]LogModuleManager: Shutting down and abandoning module AllDesktopTargetPlatform (91)
[2019.04.26-21.55.57:850][479]LogModuleManager: Shutting down and abandoning module InputCore (88)
[2019.04.26-21.55.57:850][479]LogModuleManager: Shutting down and abandoning module Settings (86)
[2019.04.26-21.55.57:850][479]LogModuleManager: Shutting down and abandoning module PhysXCooking (84)
[2019.04.26-21.55.57:850][479]LogModuleManager: Shutting down and abandoning module SteamVR (82)
[2019.04.26-21.55.57:850][479]LogModuleManager: Shutting down and abandoning module OculusHMD (80)
[2019.04.26-21.55.57:850][479]LogModuleManager: Shutting down and abandoning module ExampleDeviceProfileSelector (78)
[2019.04.26-21.55.57:850][479]LogModuleManager: Shutting down and abandoning module LauncherChunkInstaller (76)
[2019.04.26-21.55.57:850][479]LogModuleManager: Shutting down and abandoning module OnlineBlueprintSupport (74)
[2019.04.26-21.55.57:850][479]LogModuleManager: Shutting down and abandoning module OnlineSubsystem (70)
[2019.04.26-21.55.57:851][479]LogModuleManager: Shutting down and abandoning module XMPP (65)
[2019.04.26-21.55.57:851][479]LogModuleManager: Shutting down and abandoning module WebSockets (64)
[2019.04.26-21.55.57:865][479]LogModuleManager: Shutting down and abandoning module HTTP (61)
[2019.04.26-21.55.57:865][479]LogHttp: Display: Http module shutting down, but needs to wait on 1 outstanding Http requests:
[2019.04.26-21.55.57:865][479]LogHttp: Display: 	verb=[POST] url=[https://datarouter.ol.epicgames.com/datarouter/api/v1/public/data?SessionID=%7B1AB573FB-46BE-C495-3992-32B2C274DF01%7D&AppID=UEEditor.Rocket.Release&AppVersion=4.20.3-4369336%2B%2B%2BUE4%2BRelease-4.20&UserID=67442a56461ffd26a4f31b965682b8f6%7Ce78b915f4f364be3a84927dec349c220%7C320d885a-1e5e-4fde-83e2-9f8c1997824a&AppEnvironment=datacollector-binary&UploadType=eteventstream] status=Processing
[2019.04.26-21.55.57:885][479]LogModuleManager: Shutting down and abandoning module SSL (60)
[2019.04.26-21.55.57:886][479]LogModuleManager: Shutting down and abandoning module MagicLeapEmulator (56)
[2019.04.26-21.55.57:886][479]LogModuleManager: Shutting down and abandoning module MagicLeapPrivileges (54)
[2019.04.26-21.55.57:886][479]LogModuleManager: Shutting down and abandoning module MagicLeapIdentity (52)
[2019.04.26-21.55.57:886][479]LogModuleManager: Shutting down and abandoning module MagicLeapHelperVulkan (50)
[2019.04.26-21.55.57:886][479]LogModuleManager: Shutting down and abandoning module MagicLeapHelperOpenGL (48)
[2019.04.26-21.55.57:886][479]LogModuleManager: Shutting down and abandoning module MagicLeapSecureStorage (46)
[2019.04.26-21.55.57:886][479]LogModuleManager: Shutting down and abandoning module MagicLeapGestures (44)
[2019.04.26-21.55.57:886][479]LogModuleManager: Shutting down and abandoning module MagicLeapEyeTracker (42)
[2019.04.26-21.55.57:886][479]LogModuleManager: Shutting down and abandoning module MagicLeapController (40)
[2019.04.26-21.55.57:886][479]LogSlate: Slate User Destroyed.  User Index 0, Is Virtual User: 0
[2019.04.26-21.55.57:886][479]LogModuleManager: Shutting down and abandoning module MagicLeap (38)
[2019.04.26-21.55.57:886][479]LogModuleManager: Shutting down and abandoning module AnimationModifiers (36)
[2019.04.26-21.55.57:886][479]LogModuleManager: Shutting down and abandoning module PropertyEditor (35)
[2019.04.26-21.55.57:887][479]LogModuleManager: Shutting down and abandoning module AudioEditor (32)
[2019.04.26-21.55.57:887][479]LogModuleManager: Shutting down and abandoning module TextureCompressor (30)
[2019.04.26-21.55.57:887][479]LogModuleManager: Shutting down and abandoning module ShaderCore (28)
[2019.04.26-21.55.57:887][479]LogModuleManager: Shutting down and abandoning module Landscape (26)
[2019.04.26-21.55.57:887][479]LogModuleManager: Shutting down and abandoning module SlateRHIRenderer (24)
[2019.04.26-21.55.57:887][479]LogModuleManager: Shutting down and abandoning module OpenGLDrv (22)
[2019.04.26-21.55.57:887][479]LogModuleManager: Shutting down and abandoning module D3D11RHI (20)
[2019.04.26-21.55.57:887][479]LogModuleManager: Shutting down and abandoning module AnimGraphRuntime (18)
[2019.04.26-21.55.57:887][479]LogModuleManager: Shutting down and abandoning module Renderer (16)
[2019.04.26-21.55.57:887][479]LogModuleManager: Shutting down and abandoning module Engine (14)
[2019.04.26-21.55.57:887][479]LogModuleManager: Shutting down and abandoning module CoreUObject (12)
[2019.04.26-21.55.57:887][479]LogModuleManager: Shutting down and abandoning module NetworkFile (10)
[2019.04.26-21.55.57:887][479]LogModuleManager: Shutting down and abandoning module CookedIterativeFile (8)
[2019.04.26-21.55.57:887][479]LogModuleManager: Shutting down and abandoning module StreamingFile (6)
[2019.04.26-21.55.57:887][479]LogModuleManager: Shutting down and abandoning module SandboxFile (4)
[2019.04.26-21.55.57:887][479]LogModuleManager: Shutting down and abandoning module PakFile (2)
[2019.04.26-21.55.57:890][479]LogExit: Exiting.
[2019.04.26-21.55.57:895][479]Log file closed, 04/26/19 22:55:57
