Log file open, 04/25/19 22:47:41
LogWindows: Failed to load 'aqProf.dll' (GetLastError=126)
LogWindows: File 'aqProf.dll' does not exist
LogWindows: Failed to load 'VSPerf140.dll' (GetLastError=126)
LogWindows: File 'VSPerf140.dll' does not exist
LogWindows: Failed to load 'VtuneApi.dll' (GetLastError=126)
LogWindows: File 'VtuneApi.dll' does not exist
LogWindows: Failed to load 'VtuneApi32e.dll' (GetLastError=126)
LogWindows: File 'VtuneApi32e.dll' does not exist
LogInit: Display: Running engine for game: PawnTrials
LogPlatformFile: Not using cached read wrapper
LogTaskGraph: Started task graph with 5 named threads and 23 total threads with 3 sets of task threads.
LogStats: Stats thread started at 0.284402
LogD3D11RHI: Loaded GFSDK_Aftermath_Lib.x64.dll
LogICUInternationalization: Display: ICU TimeZone Detection - Raw Offset: +0:00, Platform Override: ''
LogPluginManager: Mounting plugin Paper2D
LogPluginManager: Mounting plugin AISupport
LogPluginManager: Mounting plugin LightPropagationVolume
LogPluginManager: Mounting plugin CLionSourceCodeAccess
LogPluginManager: Mounting plugin CodeLiteSourceCodeAccess
LogPluginManager: Mounting plugin GitSourceControl
LogPluginManager: Mounting plugin KDevelopSourceCodeAccess
LogPluginManager: Mounting plugin NullSourceCodeAccess
LogPluginManager: Mounting plugin PerforceSourceControl
LogPluginManager: Mounting plugin SubversionSourceControl
LogPluginManager: Mounting plugin UObjectPlugin
LogPluginManager: Mounting plugin VisualStudioCodeSourceCodeAccess
LogPluginManager: Mounting plugin VisualStudioSourceCodeAccess
LogPluginManager: Mounting plugin XCodeSourceCodeAccess
LogPluginManager: Mounting plugin AssetManagerEditor
LogPluginManager: Mounting plugin CryptoKeys
LogPluginManager: Mounting plugin DataValidation
LogPluginManager: Mounting plugin FacialAnimation
LogPluginManager: Mounting plugin GameplayTagsEditor
LogPluginManager: Mounting plugin MacGraphicsSwitching
LogPluginManager: Mounting plugin MeshEditor
LogPluginManager: Mounting plugin MobileLauncherProfileWizard
LogPluginManager: Mounting plugin PluginBrowser
LogPluginManager: Mounting plugin SpeedTreeImporter
LogPluginManager: Mounting plugin DatasmithContent
LogPluginManager: Mounting plugin AlembicImporter
LogPluginManager: Mounting plugin AppleImageUtils
LogPluginManager: Mounting plugin AppleVision
LogPluginManager: Mounting plugin BackChannel
LogPluginManager: Mounting plugin CharacterAI
LogPluginManager: Mounting plugin GeometryCache
LogPluginManager: Mounting plugin HTML5Networking
LogPluginManager: Mounting plugin ProxyLODPlugin
LogPluginManager: Mounting plugin MagicLeap
LogPluginManager: Mounting plugin MagicLeapEmulator
LogPluginManager: Mounting plugin MagicLeapMedia
LogPluginManager: Mounting plugin AndroidMedia
LogPluginManager: Mounting plugin AvfMedia
LogPluginManager: Mounting plugin ImgMedia
LogPluginManager: Mounting plugin LinearTimecode
LogPluginManager: Mounting plugin MediaCompositing
LogPluginManager: Mounting plugin MediaPlayerEditor
LogPluginManager: Mounting plugin WmfMedia
LogPluginManager: Mounting plugin TcpMessaging
LogPluginManager: Mounting plugin UdpMessaging
LogPluginManager: Mounting plugin ActorSequence
LogPluginManager: Mounting plugin LevelSequenceEditor
LogPluginManager: Mounting plugin MatineeToLevelSequence
LogPluginManager: Mounting plugin NetcodeUnitTest
LogPluginManager: Mounting plugin NUTUnrealEngine4
LogPluginManager: Mounting plugin OnlineSubsystemGooglePlay
LogPluginManager: Mounting plugin OnlineSubsystemIOS
LogPluginManager: Mounting plugin OnlineSubsystem
LogPluginManager: Mounting plugin OnlineSubsystemNull
LogPluginManager: Mounting plugin OnlineSubsystemUtils
LogPluginManager: Mounting plugin LauncherChunkInstaller
LogPluginManager: Mounting plugin AndroidDeviceProfileSelector
LogPluginManager: Mounting plugin AndroidMoviePlayer
LogPluginManager: Mounting plugin AndroidPermission
LogPluginManager: Mounting plugin AppleMoviePlayer
LogPluginManager: Mounting plugin ArchVisCharacter
LogPluginManager: Mounting plugin AudioCapture
LogPluginManager: Mounting plugin CableComponent
LogPluginManager: Mounting plugin CustomMeshComponent
LogPluginManager: Mounting plugin EditableMesh
LogPluginManager: Mounting plugin ExampleDeviceProfileSelector
LogPluginManager: Mounting plugin GoogleCloudMessaging
LogPluginManager: Mounting plugin ImmediatePhysics
LogPluginManager: Mounting plugin IOSDeviceProfileSelector
LogPluginManager: Mounting plugin LinuxDeviceProfileSelector
LogPluginManager: Mounting plugin LocationServicesBPLibrary
LogPluginManager: Mounting plugin MobilePatchingUtils
LogPluginManager: Mounting plugin OculusVR
LogPluginManager: Plugin shader directory ../../../Engine/Plugins/Runtime/Oculus/OculusVR/Shaders found
LogPluginManager: Mapping shader source directory ../../../Engine/Plugins/Runtime/Oculus/OculusVR/Shaders to virtual directory /Plugin/OculusVR
LogPluginManager: Mounting plugin PhysXVehicles
LogPluginManager: Mounting plugin ProceduralMeshComponent
LogPluginManager: Mounting plugin RuntimePhysXCooking
LogPluginManager: Mounting plugin SteamVR
LogPluginManager: Mounting plugin WindowsMoviePlayer
LogStreaming: Display: Took  0.048s to configure plugins.
LogInit: Using libcurl 7.55.1-DEV
LogInit:  - built for x86_64-pc-win32
LogInit:  - supports SSL with OpenSSL/1.0.2h
LogInit:  - supports HTTP deflate (compression) using libz 1.2.8
LogInit:  - other features:
LogInit:      CURL_VERSION_SSL
LogInit:      CURL_VERSION_LIBZ
LogInit:      CURL_VERSION_IPV6
LogInit:      CURL_VERSION_ASYNCHDNS
LogInit:      CURL_VERSION_LARGEFILE
LogInit:      CURL_VERSION_IDN
LogInit:  CurlRequestOptions (configurable via config and command line):
LogInit:  - bVerifyPeer = false  - Libcurl will NOT verify peer certificate
LogInit:  - bUseHttpProxy = false  - Libcurl will NOT use HTTP proxy
LogInit:  - bDontReuseConnections = false  - Libcurl will reuse connections
LogInit:  - CertBundlePath = nullptr  - Libcurl will use whatever was configured at build time.
LogInit:  - MaxHostConnections = 16  - Libcurl will limit the number of connections to a host
LogInit:  - LocalHostAddr = Default
LogInit:  - BufferSize = 65536
LogInit: WinSock: version 1.1 (2.2), MaxSocks=32767, MaxUdp=65467
LogInit: Build: ++UE4+Release-4.20-CL-4369336
LogInit: Engine Version: 4.20.3-4369336+++UE4+Release-4.20
LogInit: Compatible Engine Version: 4.20.0-4212847+++UE4+Release-4.20
LogInit: Net CL: 4212847
LogInit: OS: Windows 10 (), CPU: Intel(R) Core(TM) i7-6700K CPU @ 4.00GHz, GPU: NVIDIA GeForce GTX 1070
LogInit: Compiled (64-bit): Sep 17 2018 12:26:19
LogInit: Compiled with Visual C++: 19.13.26129.00
LogInit: Build Configuration: Development
LogInit: Branch Name: ++UE4+Release-4.20
LogInit: Command Line:  /Game/Levels/mainmenu -game -PIEVIACONSOLE -ResX=1920 -ResY=1080  -Multiprocess -messaging -SessionName="Play in Standalone Game" -windowed 
LogInit: Base Directory: D:/Fortnite/Fortnite/UE_4.20/Engine/Binaries/Win64/
LogInit: Installed Engine Build: 1
LogDevObjectVersion: Number of dev versions registered: 20
LogDevObjectVersion:   Dev-Blueprints (B0D832E4-1F89-4F0D-ACCF-7EB736FD4AA2): 10
LogDevObjectVersion:   Dev-Build (E1C64328-A22C-4D53-A36C-8E866417BD8C): 0
LogDevObjectVersion:   Dev-Core (375EC13C-06E4-48FB-B500-84F0262A717E): 2
LogDevObjectVersion:   Dev-Editor (E4B068ED-F494-42E9-A231-DA0B2E46BB41): 24
LogDevObjectVersion:   Dev-Framework (CFFC743F-43B0-4480-9391-14DF171D2073): 34
LogDevObjectVersion:   Dev-Mobile (B02B49B5-BB20-44E9-A304-32B752E40360): 2
LogDevObjectVersion:   Dev-Networking (A4E4105C-59A1-49B5-A7C5-40C4547EDFEE): 0
LogDevObjectVersion:   Dev-Online (39C831C9-5AE6-47DC-9A44-9C173E1C8E7C): 0
LogDevObjectVersion:   Dev-Physics (78F01B33-EBEA-4F98-B9B4-84EACCB95AA2): 0
LogDevObjectVersion:   Dev-Platform (6631380F-2D4D-43E0-8009-CF276956A95A): 0
LogDevObjectVersion:   Dev-Rendering (12F88B9F-8875-4AFC-A67C-D90C383ABD29): 26
LogDevObjectVersion:   Dev-Sequencer (7B5AE74C-D270-4C10-A958-57980B212A5A): 9
LogDevObjectVersion:   Dev-VR (D7296918-1DD6-4BDD-9DE2-64A83CC13884): 2
LogDevObjectVersion:   Dev-LoadTimes (C2A15278-BFE7-4AFE-6C17-90FF531DF755): 1
LogDevObjectVersion:   Private-Geometry (6EACA3D4-40EC-4CC1-B786-8BED09428FC5): 3
LogDevObjectVersion:   Dev-AnimPhys (29E575DD-E0A3-4627-9D10-D276232CDCEA): 17
LogDevObjectVersion:   Dev-ReflectionCapture (6B266CEC-1EC7-4B8F-A30B-E4D90942FC07): 1
LogDevObjectVersion:   Dev-Automation (0DF73D61-A23F-47EA-B727-89E90C41499A): 1
LogDevObjectVersion:   FortniteMain (601D1886-AC64-4F84-AA16-D3DE0DEAC7D6): 12
LogDevObjectVersion:   Dev-Enterprise (9DFFBCD6-494F-0158-E221-12823C92A888): 1
LogStreaming: Display: Took  0.001s to delete old logs.
LogInit: Presizing for max 8388607 objects, including 0 objects not considered by GC, pre-allocating 0 bytes for permanent pool.
LogInit: Object subsystem initialized
[2019.04.25-21.47.42:031][  0]LogInit: Selected Device Profile: [Windows]
[2019.04.25-21.47.42:031][  0]LogInit: Applying CVar settings loaded from the selected device profile: [Windows]
[2019.04.25-21.47.42:035][  0]LogHAL: Display: Platform has ~ 16 GB [17137631232 / 17179869184 / 16], which maps to Larger [LargestMinGB=32, LargerMinGB=12, DefaultMinGB=8, SmallerMinGB=6, SmallestMinGB=0)
[2019.04.25-21.47.42:035][  0]LogInit: Setting Device Profile CVar: [[r.Vulkan.UseRealUBs:1]]
[2019.04.25-21.47.42:035][  0]LogInit: Going up to parent DeviceProfile []
[2019.04.25-21.47.42:035][  0]LogInit: Computer: ALIAS
[2019.04.25-21.47.42:035][  0]LogInit: User: ashma
[2019.04.25-21.47.42:036][  0]LogInit: CPU Page size=4096, Cores=4
[2019.04.25-21.47.42:036][  0]LogInit: High frequency timer resolution =3.914069 MHz
[2019.04.25-21.47.42:036][  0]LogMemory: Memory total: Physical=16.0GB (16GB approx)
[2019.04.25-21.47.42:036][  0]LogMemory: Platform Memory Stats for Windows
[2019.04.25-21.47.42:036][  0]LogMemory: Process Physical Memory: 100.80 MB used, 100.80 MB peak
[2019.04.25-21.47.42:036][  0]LogMemory: Process Virtual Memory: 89.38 MB used, 89.38 MB peak
[2019.04.25-21.47.42:036][  0]LogMemory: Physical Memory: 6727.22 MB used,  9616.50 MB free, 16343.72 MB total
[2019.04.25-21.47.42:036][  0]LogMemory: Virtual Memory: 4639.07 MB used,  9616.50 MB free, 134217728.00 MB total
[2019.04.25-21.47.42:053][  0]LogInit: Using OS detected language (en-GB).
[2019.04.25-21.47.42:053][  0]LogInit: Using OS detected locale (en-GB).
[2019.04.25-21.47.42:054][  0]LogTextLocalizationManager: No specific localization for 'en-GB' exists, so the 'en' localization will be used.
[2019.04.25-21.47.42:353][  0]LogStreaming: Display: Took  0.301s to InitEngineTextLocalization.
[2019.04.25-21.47.42:377][  0]LogSlate: New Slate User Created.  User Index 0, Is Virtual User: 0
[2019.04.25-21.47.42:377][  0]LogSlate: Slate User Registered.  User Index 0, Is Virtual User: 0
[2019.04.25-21.47.42:389][  0]LogHMD: Failed to initialize OpenVR with code 110
[2019.04.25-21.47.42:389][  0]LogD3D11RHI: D3D11 adapters:
[2019.04.25-21.47.42:441][  0]LogD3D11RHI:    0. 'NVIDIA GeForce GTX 1070' (Feature Level 11_0)
[2019.04.25-21.47.42:441][  0]LogD3D11RHI:       8088/0/8171 MB DedicatedVideo/DedicatedSystem/SharedSystem, Outputs:2, VendorId:0x10de
[2019.04.25-21.47.42:442][  0]LogD3D11RHI:    1. 'Microsoft Basic Render Driver' (Feature Level 11_0)
[2019.04.25-21.47.42:442][  0]LogD3D11RHI:       0/0/8171 MB DedicatedVideo/DedicatedSystem/SharedSystem, Outputs:0, VendorId:0x1414
[2019.04.25-21.47.42:442][  0]LogD3D11RHI: Chosen D3D11 Adapter: 0
[2019.04.25-21.47.42:448][  0]LogD3D11RHI: Creating new Direct3DDevice
[2019.04.25-21.47.42:449][  0]LogD3D11RHI:     GPU DeviceId: 0x1b81 (for the marketing name, search the web for "GPU Device Id")
[2019.04.25-21.47.42:449][  0]LogWindows: EnumDisplayDevices:
[2019.04.25-21.47.42:449][  0]LogWindows:    0. 'NVIDIA GeForce GTX 1070' (P:0 D:1)
[2019.04.25-21.47.42:449][  0]LogWindows:    1. 'NVIDIA GeForce GTX 1070' (P:1 D:1)
[2019.04.25-21.47.42:449][  0]LogWindows:    2. 'NVIDIA GeForce GTX 1070' (P:0 D:0)
[2019.04.25-21.47.42:449][  0]LogWindows:    3. 'NVIDIA GeForce GTX 1070' (P:0 D:0)
[2019.04.25-21.47.42:449][  0]LogWindows: DebugString: FoundDriverCount:4 
[2019.04.25-21.47.42:449][  0]LogD3D11RHI:     Adapter Name: NVIDIA GeForce GTX 1070
[2019.04.25-21.47.42:449][  0]LogD3D11RHI:   Driver Version: 418.91 (internal:25.21.14.1891, unified:418.91)
[2019.04.25-21.47.42:449][  0]LogD3D11RHI:      Driver Date: 2-6-2019
[2019.04.25-21.47.42:449][  0]LogRHI: Texture pool is 5661 MB (70% of 8088 MB)
[2019.04.25-21.47.42:482][  0]LogD3D11RHI: Async texture creation enabled
[2019.04.25-21.47.42:500][  0]LogD3D11RHI: GPU Timing Frequency: 1000.000000 (Debug: 2 1)
[2019.04.25-21.47.42:542][  0]LogShaderCompilers: Guid format shader working directory is -2 characters bigger than the processId version (../../../Projects/SideScrollComplete/PawnTrials/Intermediate/Shaders/WorkingDirectory/12472/).
[2019.04.25-21.47.42:542][  0]LogShaderCompilers: Cleaned the shader compiler working directory 'C:/Users/ashma/AppData/Local/Temp/UnrealShaderWorkingDir/3140CDC641D049DDFDC08EA7E01916BD/'.
[2019.04.25-21.47.42:793][  0]LogTemp: Display: Loaded TP WindowsClientTargetPlatform
[2019.04.25-21.47.42:804][  0]LogTemp: Display: Loaded TP WindowsNoEditorTargetPlatform
[2019.04.25-21.47.42:814][  0]LogTemp: Display: Loaded TP WindowsServerTargetPlatform
[2019.04.25-21.47.42:819][  0]LogTemp: Display: Loaded TP WindowsTargetPlatform
[2019.04.25-21.47.42:819][  0]LogTargetPlatformManager: Display: Building Assets For Windows
[2019.04.25-21.47.42:858][  0]LogXGEController: Cannot use XGE Controller as Incredibuild is not installed on this machine.
[2019.04.25-21.47.42:858][  0]LogShaderCompilers: Cannot use XGE Shader Compiler as Incredibuild is not installed on this machine.
[2019.04.25-21.47.42:858][  0]LogShaderCompilers: Display: Using Local Shader Compiler.
[2019.04.25-21.47.43:449][  0]LogDerivedDataCache: Display: Max Cache Size: 512 MB
[2019.04.25-21.47.43:499][  0]LogDerivedDataCache: Loaded boot cache 0.05s 71MB C:/Users/ashma/AppData/Local/UnrealEngine/4.20/DerivedDataCache/Boot.ddc.
[2019.04.25-21.47.43:499][  0]LogDerivedDataCache: Display: Loaded Boot cache: C:/Users/ashma/AppData/Local/UnrealEngine/4.20/DerivedDataCache/Boot.ddc
[2019.04.25-21.47.43:499][  0]LogDerivedDataCache: FDerivedDataBackendGraph:  Pak pak cache file ../../../Projects/SideScrollComplete/PawnTrials/DerivedDataCache/DDC.ddp not found, will not use a pak cache.
[2019.04.25-21.47.43:499][  0]LogDerivedDataCache: Unable to find inner node Pak for hierarchical cache Hierarchy.
[2019.04.25-21.47.43:499][  0]LogDerivedDataCache: FDerivedDataBackendGraph:  CompressedPak pak cache file ../../../Projects/SideScrollComplete/PawnTrials/DerivedDataCache/Compressed.ddp not found, will not use a pak cache.
[2019.04.25-21.47.43:499][  0]LogDerivedDataCache: Unable to find inner node CompressedPak for hierarchical cache Hierarchy.
[2019.04.25-21.47.43:512][  0]LogDerivedDataCache: Display: Pak cache opened for reading ../../../Engine/DerivedDataCache/Compressed.ddp.
[2019.04.25-21.47.43:524][  0]LogDerivedDataCache: Using Local data cache path C:/Users/ashma/AppData/Local/UnrealEngine/Common/DerivedDataCache: Writable
[2019.04.25-21.47.43:524][  0]LogDerivedDataCache: Shared data cache path not found in *engine.ini, will not use an Shared cache.
[2019.04.25-21.47.43:524][  0]LogDerivedDataCache: Unable to find inner node Shared for hierarchical cache Hierarchy.
[2019.04.25-21.47.43:540][  0]LogMaterial: Verifying Global Shaders for PCD3D_SM5
[2019.04.25-21.47.43:541][  0]LogSlate: Using FreeType 2.6.0
[2019.04.25-21.47.43:542][  0]LogSlate: SlateFontServices - WITH_FREETYPE: 1, WITH_HARFBUZZ: 1
[2019.04.25-21.47.43:585][  0]LogInit: Using OS detected language (en-GB).
[2019.04.25-21.47.43:585][  0]LogInit: Using OS detected locale (en-GB).
[2019.04.25-21.47.43:585][  0]LogTextLocalizationManager: No localization for 'en-GB' exists, so 'en' will be used for the language.
[2019.04.25-21.47.43:585][  0]LogTextLocalizationManager: No localization for 'en-GB' exists, so 'en' will be used for the locale.
[2019.04.25-21.47.43:822][  0]LogStreaming: Display: Took  0.237s to InitGameTextLocalization.
[2019.04.25-21.47.43:826][  0]LogAssetRegistry: FAssetRegistry took 0.0033 seconds to start up
[2019.04.25-21.47.43:979][  0]LogPackageLocalizationCache: Processed 11 localized package path(s) for 1 prioritized culture(s) in 0.010048 seconds
[2019.04.25-21.47.44:065][  0]LogInit: Selected Device Profile: [Windows]
[2019.04.25-21.47.44:168][  0]LogSimplygon: Simplygon DLL not present - disabling.
[2019.04.25-21.47.44:171][  0]LogMeshReduction: Using SimplygonSwarm for distributed automatic mesh merging
[2019.04.25-21.47.44:171][  0]LogMeshReduction: Using ProxyLODMeshReduction for automatic mesh merging
[2019.04.25-21.47.44:171][  0]LogMeshReduction: Using QuadricMeshReduction for automatic static mesh reduction
[2019.04.25-21.47.44:171][  0]LogMeshReduction: No automatic skeletal mesh reduction module available
[2019.04.25-21.47.44:189][  0]LogNetVersion: PawnTrials 1.0.0, NetCL: 4212847, EngineNetVer: 5, GameNetVer: 0 (Checksum: 3048135899)
[2019.04.25-21.47.44:561][  0]LogMoviePlayer: Initializing movie player
[2019.04.25-21.47.44:707][  0]LogTcpMessaging: Initializing TcpMessaging bridge
[2019.04.25-21.47.44:720][  0]LogUdpMessaging: Initializing bridge on interface 0.0.0.0:0 to multicast group 230.0.0.1:6666.
[2019.04.25-21.47.44:799][  0]SourceControl: Source control is disabled
[2019.04.25-21.47.44:799][  0]SourceControl: Source control is disabled
[2019.04.25-21.47.44:800][  0]SourceControl: Source control is disabled
[2019.04.25-21.47.44:916][  0]LogAndroidPermission: UAndroidPermissionCallbackProxy::GetInstance
[2019.04.25-21.47.44:999][  0]LogOcInput: OculusInput pre-init called
[2019.04.25-21.47.45:006][  0]LogUObjectArray: 42168 objects as part of root set at end of initial load.
[2019.04.25-21.47.45:006][  0]LogUObjectAllocator: 7432344 out of 0 bytes used by permanent object pool.
[2019.04.25-21.47.45:006][  0]LogUObjectArray: CloseDisregardForGC: 0/0 objects in disregard for GC pool
[2019.04.25-21.47.45:050][  0]LogEngine: Initializing Engine...
[2019.04.25-21.47.45:051][  0]LogHMD: Failed to initialize OpenVR with code 110
[2019.04.25-21.47.45:063][  0]LogStats: UGameplayTagsManager::ConstructGameplayTagTree: ImportINI prefixes -  0.000 s
[2019.04.25-21.47.45:063][  0]LogStats: UGameplayTagsManager::ConstructGameplayTagTree: Construct from data asset -  0.000 s
[2019.04.25-21.47.45:063][  0]LogStats: UGameplayTagsManager::ConstructGameplayTagTree: ImportINI -  0.000 s
[2019.04.25-21.47.45:063][  0]LogStats: UGameplayTagsManager::ConstructGameplayTagTree: GameplayTagTreeChangedEvent.Broadcast -  0.000 s
[2019.04.25-21.47.45:210][  0]LogInit: Initializing FReadOnlyCVARCache
[2019.04.25-21.47.45:236][  0]LogInit: XAudio2 using 'Headphones (High Definition Audio Device)' : 2 channels at 48 kHz using 16 bits per sample (channel mask 0x3)
[2019.04.25-21.47.45:249][  0]LogInit: FAudioDevice initialized.
[2019.04.25-21.47.45:261][  0]LogNetVersion: Set ProjectVersion to 1.0.0.0. Version Checksum will be recalculated on next use.
[2019.04.25-21.47.45:271][  0]LogInit: Texture streaming: Enabled
[2019.04.25-21.47.45:403][  0]LogSlate: Updating window title bar state: overlay mode, drag disabled, window buttons hidden, title bar hidden
[2019.04.25-21.47.45:403][  0]LogInit: Display: Game Engine Initialized.
[2019.04.25-21.47.45:403][  0]LogGameplayTags: Display: UGameplayTagsManager::DoneAddingNativeTags. DelegateIsBound: 0
[2019.04.25-21.47.45:403][  0]LogStats: UGameplayTagsManager::ConstructGameplayTagTree: ImportINI prefixes -  0.000 s
[2019.04.25-21.47.45:403][  0]LogStats: UGameplayTagsManager::ConstructGameplayTagTree: Construct from data asset -  0.000 s
[2019.04.25-21.47.45:403][  0]LogStats: UGameplayTagsManager::ConstructGameplayTagTree: ImportINI -  0.000 s
[2019.04.25-21.47.45:403][  0]LogStats: UGameplayTagsManager::ConstructGameplayTagTree: GameplayTagTreeChangedEvent.Broadcast -  0.000 s
[2019.04.25-21.47.45:415][  0]LogInit: Display: Starting Game.
[2019.04.25-21.47.45:415][  0]LogNet: Browse: /Game/Levels/mainmenu?Name=Player
[2019.04.25-21.47.45:415][  0]LogLoad: LoadMap: /Game/Levels/mainmenu?Name=Player
[2019.04.25-21.47.45:491][  0]LogAIModule: Creating AISystem for world mainmenu
[2019.04.25-21.47.45:491][  0]LogLoad: Game class is 'GameMode'
[2019.04.25-21.47.45:492][  0]LogWorld: Bringing World /Game/Levels/mainmenu.mainmenu up for play (max tick rate 0) at 2019.04.25-22.47.45
[2019.04.25-21.47.45:492][  0]LogWorld: Bringing up level for play took: 0.000471
[2019.04.25-21.47.45:492][  0]LogGameMode: FindPlayerStart: PATHS NOT DEFINED or NO PLAYERSTART with positive rating
[2019.04.25-21.47.45:494][  0]LogGameMode: Display: Match State Changed from EnteringMap to WaitingToStart
[2019.04.25-21.47.45:494][  0]LogGameState: Match State Changed from EnteringMap to WaitingToStart
[2019.04.25-21.47.45:494][  0]LogGameMode: Display: Match State Changed from WaitingToStart to InProgress
[2019.04.25-21.47.45:497][  0]LogGameState: Match State Changed from WaitingToStart to InProgress
[2019.04.25-21.47.45:497][  0]LogLoad: Took 0.081932 seconds to LoadMap(/Game/Levels/mainmenu)
[2019.04.25-21.47.45:577][  0]LogRenderer: Reallocating scene render targets to support 1920x1080 Format 10 NumSamples 1 (Frame:1).
[2019.04.25-21.47.45:577][  0]LogLoad: (Engine Initialization) Total time: 5.26 seconds
[2019.04.25-21.47.45:577][  0]LogLoad: (Engine Initialization) Total Blueprint compile time: 0.00 seconds
[2019.04.25-21.47.45:596][  0]LogContentStreaming: Texture pool size now 1000 MB
[2019.04.25-21.47.45:603][  1]LogAudio: Warning: Detected orphaned looping sound 'Starter_Music_Cue'.
[2019.04.25-21.47.56:708][689]LogSlate: FSceneViewport::OnFocusLost() reason 0
[2019.04.25-21.48.02:393][ 34]LogPackageName: SearchForPackageOnDisk took   0.120s to resolve Level_00.umap.
[2019.04.25-21.48.02:395][ 35]LogGameMode: Display: Match State Changed from InProgress to LeavingMap
[2019.04.25-21.48.02:395][ 35]LogGameState: Match State Changed from InProgress to LeavingMap
[2019.04.25-21.48.02:518][ 35]LogPackageName: SearchForPackageOnDisk took   0.123s to resolve Level_00.umap.
[2019.04.25-21.48.02:518][ 35]LogNet: Browse: /Game/Levels/Level_00
[2019.04.25-21.48.02:519][ 35]LogLoad: LoadMap: /Game/Levels/Level_00
[2019.04.25-21.48.03:631][ 35]LogBlueprint: Warning: Node '/Game/SciFiWeapDark/Sound/SniperRifle/SniperRifle_ZoomIn_Cue.SniperRifle_ZoomIn_Cue:SoundCueGraph_67.SoundCueGraphNode_227' missing NodeGuid because of upgrade from old package version, this can cause deterministic cooking issues please resave package.
[2019.04.25-21.48.03:631][ 35]LogBlueprint: Warning: Node '/Game/SciFiWeapDark/Sound/SniperRifle/SniperRifle_ZoomIn_Cue.SniperRifle_ZoomIn_Cue:SoundCueGraph_67.SoundCueGraphNode_Root_67' missing NodeGuid because of upgrade from old package version, this can cause deterministic cooking issues please resave package.
[2019.04.25-21.48.03:635][ 35]LogBlueprint: Warning: Node '/Game/SciFiWeapDark/Sound/SniperRifle/SniperRifle_ImpactBody_Cue.SniperRifle_ImpactBody_Cue:SoundCueGraph_62.SoundCueGraphNode_207' missing NodeGuid because of upgrade from old package version, this can cause deterministic cooking issues please resave package.
[2019.04.25-21.48.03:635][ 35]LogBlueprint: Warning: Node '/Game/SciFiWeapDark/Sound/SniperRifle/SniperRifle_ImpactBody_Cue.SniperRifle_ImpactBody_Cue:SoundCueGraph_62.SoundCueGraphNode_208' missing NodeGuid because of upgrade from old package version, this can cause deterministic cooking issues please resave package.
[2019.04.25-21.48.03:635][ 35]LogBlueprint: Warning: Node '/Game/SciFiWeapDark/Sound/SniperRifle/SniperRifle_ImpactBody_Cue.SniperRifle_ImpactBody_Cue:SoundCueGraph_62.SoundCueGraphNode_209' missing NodeGuid because of upgrade from old package version, this can cause deterministic cooking issues please resave package.
[2019.04.25-21.48.03:635][ 35]LogBlueprint: Warning: Node '/Game/SciFiWeapDark/Sound/SniperRifle/SniperRifle_ImpactBody_Cue.SniperRifle_ImpactBody_Cue:SoundCueGraph_62.SoundCueGraphNode_210' missing NodeGuid because of upgrade from old package version, this can cause deterministic cooking issues please resave package.
[2019.04.25-21.48.03:635][ 35]LogBlueprint: Warning: Node '/Game/SciFiWeapDark/Sound/SniperRifle/SniperRifle_ImpactBody_Cue.SniperRifle_ImpactBody_Cue:SoundCueGraph_62.SoundCueGraphNode_211' missing NodeGuid because of upgrade from old package version, this can cause deterministic cooking issues please resave package.
[2019.04.25-21.48.03:635][ 35]LogBlueprint: Warning: Node '/Game/SciFiWeapDark/Sound/SniperRifle/SniperRifle_ImpactBody_Cue.SniperRifle_ImpactBody_Cue:SoundCueGraph_62.SoundCueGraphNode_24' missing NodeGuid because of upgrade from old package version, this can cause deterministic cooking issues please resave package.
[2019.04.25-21.48.03:635][ 35]LogBlueprint: Warning: Node '/Game/SciFiWeapDark/Sound/SniperRifle/SniperRifle_ImpactBody_Cue.SniperRifle_ImpactBody_Cue:SoundCueGraph_62.SoundCueGraphNode_Root_62' missing NodeGuid because of upgrade from old package version, this can cause deterministic cooking issues please resave package.
[2019.04.25-21.48.03:670][ 35]LogBlueprint: Warning: Node '/Game/SciFiWeapDark/Sound/Pistol/PistolA_Fire_Cue.PistolA_Fire_Cue:SoundCueGraph_43.EdGraphNode_Comment_1' missing NodeGuid because of upgrade from old package version, this can cause deterministic cooking issues please resave package.
[2019.04.25-21.48.03:671][ 35]LogBlueprint: Warning: Node '/Game/SciFiWeapDark/Sound/Pistol/PistolA_Fire_Cue.PistolA_Fire_Cue:SoundCueGraph_43.EdGraphNode_Comment_3' missing NodeGuid because of upgrade from old package version, this can cause deterministic cooking issues please resave package.
[2019.04.25-21.48.03:671][ 35]LogBlueprint: Warning: Node '/Game/SciFiWeapDark/Sound/Pistol/PistolA_Fire_Cue.PistolA_Fire_Cue:SoundCueGraph_43.SoundCueGraphNode_3' missing NodeGuid because of upgrade from old package version, this can cause deterministic cooking issues please resave package.
[2019.04.25-21.48.03:671][ 35]LogBlueprint: Warning: Node '/Game/SciFiWeapDark/Sound/Pistol/PistolA_Fire_Cue.PistolA_Fire_Cue:SoundCueGraph_43.SoundCueGraphNode_55' missing NodeGuid because of upgrade from old package version, this can cause deterministic cooking issues please resave package.
[2019.04.25-21.48.03:671][ 35]LogBlueprint: Warning: Node '/Game/SciFiWeapDark/Sound/Pistol/PistolA_Fire_Cue.PistolA_Fire_Cue:SoundCueGraph_43.SoundCueGraphNode_56' missing NodeGuid because of upgrade from old package version, this can cause deterministic cooking issues please resave package.
[2019.04.25-21.48.03:671][ 35]LogBlueprint: Warning: Node '/Game/SciFiWeapDark/Sound/Pistol/PistolA_Fire_Cue.PistolA_Fire_Cue:SoundCueGraph_43.SoundCueGraphNode_57' missing NodeGuid because of upgrade from old package version, this can cause deterministic cooking issues please resave package.
[2019.04.25-21.48.03:671][ 35]LogBlueprint: Warning: Node '/Game/SciFiWeapDark/Sound/Pistol/PistolA_Fire_Cue.PistolA_Fire_Cue:SoundCueGraph_43.SoundCueGraphNode_58' missing NodeGuid because of upgrade from old package version, this can cause deterministic cooking issues please resave package.
[2019.04.25-21.48.03:671][ 35]LogBlueprint: Warning: Node '/Game/SciFiWeapDark/Sound/Pistol/PistolA_Fire_Cue.PistolA_Fire_Cue:SoundCueGraph_43.SoundCueGraphNode_59' missing NodeGuid because of upgrade from old package version, this can cause deterministic cooking issues please resave package.
[2019.04.25-21.48.03:671][ 35]LogBlueprint: Warning: Node '/Game/SciFiWeapDark/Sound/Pistol/PistolA_Fire_Cue.PistolA_Fire_Cue:SoundCueGraph_43.SoundCueGraphNode_60' missing NodeGuid because of upgrade from old package version, this can cause deterministic cooking issues please resave package.
[2019.04.25-21.48.03:671][ 35]LogBlueprint: Warning: Node '/Game/SciFiWeapDark/Sound/Pistol/PistolA_Fire_Cue.PistolA_Fire_Cue:SoundCueGraph_43.SoundCueGraphNode_61' missing NodeGuid because of upgrade from old package version, this can cause deterministic cooking issues please resave package.
[2019.04.25-21.48.03:671][ 35]LogBlueprint: Warning: Node '/Game/SciFiWeapDark/Sound/Pistol/PistolA_Fire_Cue.PistolA_Fire_Cue:SoundCueGraph_43.SoundCueGraphNode_62' missing NodeGuid because of upgrade from old package version, this can cause deterministic cooking issues please resave package.
[2019.04.25-21.48.03:671][ 35]LogBlueprint: Warning: Node '/Game/SciFiWeapDark/Sound/Pistol/PistolA_Fire_Cue.PistolA_Fire_Cue:SoundCueGraph_43.SoundCueGraphNode_63' missing NodeGuid because of upgrade from old package version, this can cause deterministic cooking issues please resave package.
[2019.04.25-21.48.03:671][ 35]LogBlueprint: Warning: Node '/Game/SciFiWeapDark/Sound/Pistol/PistolA_Fire_Cue.PistolA_Fire_Cue:SoundCueGraph_43.SoundCueGraphNode_64' missing NodeGuid because of upgrade from old package version, this can cause deterministic cooking issues please resave package.
[2019.04.25-21.48.03:671][ 35]LogBlueprint: Warning: Node '/Game/SciFiWeapDark/Sound/Pistol/PistolA_Fire_Cue.PistolA_Fire_Cue:SoundCueGraph_43.SoundCueGraphNode_65' missing NodeGuid because of upgrade from old package version, this can cause deterministic cooking issues please resave package.
[2019.04.25-21.48.03:671][ 35]LogBlueprint: Warning: Node '/Game/SciFiWeapDark/Sound/Pistol/PistolA_Fire_Cue.PistolA_Fire_Cue:SoundCueGraph_43.SoundCueGraphNode_66' missing NodeGuid because of upgrade from old package version, this can cause deterministic cooking issues please resave package.
[2019.04.25-21.48.03:671][ 35]LogBlueprint: Warning: Node '/Game/SciFiWeapDark/Sound/Pistol/PistolA_Fire_Cue.PistolA_Fire_Cue:SoundCueGraph_43.SoundCueGraphNode_67' missing NodeGuid because of upgrade from old package version, this can cause deterministic cooking issues please resave package.
[2019.04.25-21.48.03:671][ 35]LogBlueprint: Warning: Node '/Game/SciFiWeapDark/Sound/Pistol/PistolA_Fire_Cue.PistolA_Fire_Cue:SoundCueGraph_43.SoundCueGraphNode_68' missing NodeGuid because of upgrade from old package version, this can cause deterministic cooking issues please resave package.
[2019.04.25-21.48.03:671][ 35]LogBlueprint: Warning: Node '/Game/SciFiWeapDark/Sound/Pistol/PistolA_Fire_Cue.PistolA_Fire_Cue:SoundCueGraph_43.SoundCueGraphNode_90' missing NodeGuid because of upgrade from old package version, this can cause deterministic cooking issues please resave package.
[2019.04.25-21.48.03:671][ 35]LogBlueprint: Warning: Node '/Game/SciFiWeapDark/Sound/Pistol/PistolA_Fire_Cue.PistolA_Fire_Cue:SoundCueGraph_43.SoundCueGraphNode_Root_43' missing NodeGuid because of upgrade from old package version, this can cause deterministic cooking issues please resave package.
[2019.04.25-21.48.03:713][ 35]LogAIModule: Creating AISystem for world Level_00
[2019.04.25-21.48.03:713][ 35]LogLoad: Game class is 'MyGameMode_C'
[2019.04.25-21.48.03:724][ 35]LogScript: Warning: Accessed None trying to read property player character
	ThirdPerson_AnimBP_C /Game/Levels/Level_00.Level_00:PersistentLevel.SideScrollerCharacterTwo_2.CharacterMesh0.ThirdPerson_AnimBP_C_0
	Function /Game/Mannequin/Animations/ThirdPerson_AnimBP.ThirdPerson_AnimBP_C:ExecuteUbergraph_ThirdPerson_AnimBP:0064
[2019.04.25-21.48.03:724][ 35]LogScript: Warning: Script call stack:
	Function /Game/Mannequin/Animations/ThirdPerson_AnimBP.ThirdPerson_AnimBP_C:BlueprintUpdateAnimation
	Function /Game/Mannequin/Animations/ThirdPerson_AnimBP.ThirdPerson_AnimBP_C:ExecuteUbergraph_ThirdPerson_AnimBP

[2019.04.25-21.48.03:735][ 35]LogWorld: Bringing World /Game/Levels/Level_00.Level_00 up for play (max tick rate 0) at 2019.04.25-22.48.03
[2019.04.25-21.48.03:736][ 35]LogWorld: Bringing up level for play took: 0.021303
[2019.04.25-21.48.03:736][ 35]LogGameMode: FindPlayerStart: PATHS NOT DEFINED or NO PLAYERSTART with positive rating
[2019.04.25-21.48.03:739][ 35]LogLoad: Took 1.220867 seconds to LoadMap(/Game/Levels/Level_00)
[2019.04.25-21.48.51:972][ 20]LogBlueprintUserMessages: [SideScrollerCharacterTwo_2] off
[2019.04.25-21.49.01:247][595]LogSlate: FSceneViewport::OnFocusLost() reason 0
[2019.04.25-21.49.02:449][662]LogPackageName: SearchForPackageOnDisk took   0.121s to resolve Level_01.umap.
[2019.04.25-21.49.02:573][663]LogPackageName: SearchForPackageOnDisk took   0.122s to resolve Level_01.umap.
[2019.04.25-21.49.02:573][663]LogNet: Browse: /Game/Levels/Level_01
[2019.04.25-21.49.02:573][663]LogLoad: LoadMap: /Game/Levels/Level_01
[2019.04.25-21.49.03:310][663]LogPackageName: Warning: String asset reference "Env_Ice_Rocky.Mesh.Env_Ice_MelancholicTroll01" is in short form, which is unsupported and -- even if valid -- resolving it will be really slow.
[2019.04.25-21.49.03:310][663]LogPackageName: Warning: Please consider resaving package in order to speed-up loading.
[2019.04.25-21.49.03:438][663]LogPackageName: SearchForPackageOnDisk took   0.128s, but failed to resolve Env_Ice_Rocky.
[2019.04.25-21.49.03:438][663]LogPackageName: Warning: String asset reference "Env_Ice_Rocky.Mesh.Env_Ice_MelancholicTroll01" could not be resolved.
[2019.04.25-21.49.03:486][663]LogPackageName: Warning: String asset reference "Env_Ice_Rocky.Mesh.Env_Ice_NordHeed01" is in short form, which is unsupported and -- even if valid -- resolving it will be really slow.
[2019.04.25-21.49.03:486][663]LogPackageName: Warning: Please consider resaving package in order to speed-up loading.
[2019.04.25-21.49.03:613][663]LogPackageName: SearchForPackageOnDisk took   0.127s, but failed to resolve Env_Ice_Rocky.
[2019.04.25-21.49.03:613][663]LogPackageName: Warning: String asset reference "Env_Ice_Rocky.Mesh.Env_Ice_NordHeed01" could not be resolved.
[2019.04.25-21.49.03:950][663]LogBlueprint: Warning: Node '/Game/SciFiWeapDark/Sound/SniperRifle/SniperRifle_ImpactBody_Cue.SniperRifle_ImpactBody_Cue:SoundCueGraph_62.SoundCueGraphNode_207' missing NodeGuid because of upgrade from old package version, this can cause deterministic cooking issues please resave package.
[2019.04.25-21.49.03:950][663]LogBlueprint: Warning: Node '/Game/SciFiWeapDark/Sound/SniperRifle/SniperRifle_ImpactBody_Cue.SniperRifle_ImpactBody_Cue:SoundCueGraph_62.SoundCueGraphNode_208' missing NodeGuid because of upgrade from old package version, this can cause deterministic cooking issues please resave package.
[2019.04.25-21.49.03:950][663]LogBlueprint: Warning: Node '/Game/SciFiWeapDark/Sound/SniperRifle/SniperRifle_ImpactBody_Cue.SniperRifle_ImpactBody_Cue:SoundCueGraph_62.SoundCueGraphNode_209' missing NodeGuid because of upgrade from old package version, this can cause deterministic cooking issues please resave package.
[2019.04.25-21.49.03:950][663]LogBlueprint: Warning: Node '/Game/SciFiWeapDark/Sound/SniperRifle/SniperRifle_ImpactBody_Cue.SniperRifle_ImpactBody_Cue:SoundCueGraph_62.SoundCueGraphNode_210' missing NodeGuid because of upgrade from old package version, this can cause deterministic cooking issues please resave package.
[2019.04.25-21.49.03:950][663]LogBlueprint: Warning: Node '/Game/SciFiWeapDark/Sound/SniperRifle/SniperRifle_ImpactBody_Cue.SniperRifle_ImpactBody_Cue:SoundCueGraph_62.SoundCueGraphNode_211' missing NodeGuid because of upgrade from old package version, this can cause deterministic cooking issues please resave package.
[2019.04.25-21.49.03:950][663]LogBlueprint: Warning: Node '/Game/SciFiWeapDark/Sound/SniperRifle/SniperRifle_ImpactBody_Cue.SniperRifle_ImpactBody_Cue:SoundCueGraph_62.SoundCueGraphNode_24' missing NodeGuid because of upgrade from old package version, this can cause deterministic cooking issues please resave package.
[2019.04.25-21.49.03:950][663]LogBlueprint: Warning: Node '/Game/SciFiWeapDark/Sound/SniperRifle/SniperRifle_ImpactBody_Cue.SniperRifle_ImpactBody_Cue:SoundCueGraph_62.SoundCueGraphNode_Root_62' missing NodeGuid because of upgrade from old package version, this can cause deterministic cooking issues please resave package.
[2019.04.25-21.49.04:074][663]LogBlueprint: Warning: Node '/Game/SciFiWeapDark/Sound/Pistol/PistolA_Fire_Cue.PistolA_Fire_Cue:SoundCueGraph_43.EdGraphNode_Comment_1' missing NodeGuid because of upgrade from old package version, this can cause deterministic cooking issues please resave package.
[2019.04.25-21.49.04:074][663]LogBlueprint: Warning: Node '/Game/SciFiWeapDark/Sound/Pistol/PistolA_Fire_Cue.PistolA_Fire_Cue:SoundCueGraph_43.EdGraphNode_Comment_3' missing NodeGuid because of upgrade from old package version, this can cause deterministic cooking issues please resave package.
[2019.04.25-21.49.04:075][663]LogBlueprint: Warning: Node '/Game/SciFiWeapDark/Sound/Pistol/PistolA_Fire_Cue.PistolA_Fire_Cue:SoundCueGraph_43.SoundCueGraphNode_3' missing NodeGuid because of upgrade from old package version, this can cause deterministic cooking issues please resave package.
[2019.04.25-21.49.04:075][663]LogBlueprint: Warning: Node '/Game/SciFiWeapDark/Sound/Pistol/PistolA_Fire_Cue.PistolA_Fire_Cue:SoundCueGraph_43.SoundCueGraphNode_55' missing NodeGuid because of upgrade from old package version, this can cause deterministic cooking issues please resave package.
[2019.04.25-21.49.04:075][663]LogBlueprint: Warning: Node '/Game/SciFiWeapDark/Sound/Pistol/PistolA_Fire_Cue.PistolA_Fire_Cue:SoundCueGraph_43.SoundCueGraphNode_56' missing NodeGuid because of upgrade from old package version, this can cause deterministic cooking issues please resave package.
[2019.04.25-21.49.04:075][663]LogBlueprint: Warning: Node '/Game/SciFiWeapDark/Sound/Pistol/PistolA_Fire_Cue.PistolA_Fire_Cue:SoundCueGraph_43.SoundCueGraphNode_57' missing NodeGuid because of upgrade from old package version, this can cause deterministic cooking issues please resave package.
[2019.04.25-21.49.04:075][663]LogBlueprint: Warning: Node '/Game/SciFiWeapDark/Sound/Pistol/PistolA_Fire_Cue.PistolA_Fire_Cue:SoundCueGraph_43.SoundCueGraphNode_58' missing NodeGuid because of upgrade from old package version, this can cause deterministic cooking issues please resave package.
[2019.04.25-21.49.04:075][663]LogBlueprint: Warning: Node '/Game/SciFiWeapDark/Sound/Pistol/PistolA_Fire_Cue.PistolA_Fire_Cue:SoundCueGraph_43.SoundCueGraphNode_59' missing NodeGuid because of upgrade from old package version, this can cause deterministic cooking issues please resave package.
[2019.04.25-21.49.04:075][663]LogBlueprint: Warning: Node '/Game/SciFiWeapDark/Sound/Pistol/PistolA_Fire_Cue.PistolA_Fire_Cue:SoundCueGraph_43.SoundCueGraphNode_60' missing NodeGuid because of upgrade from old package version, this can cause deterministic cooking issues please resave package.
[2019.04.25-21.49.04:075][663]LogBlueprint: Warning: Node '/Game/SciFiWeapDark/Sound/Pistol/PistolA_Fire_Cue.PistolA_Fire_Cue:SoundCueGraph_43.SoundCueGraphNode_61' missing NodeGuid because of upgrade from old package version, this can cause deterministic cooking issues please resave package.
[2019.04.25-21.49.04:075][663]LogBlueprint: Warning: Node '/Game/SciFiWeapDark/Sound/Pistol/PistolA_Fire_Cue.PistolA_Fire_Cue:SoundCueGraph_43.SoundCueGraphNode_62' missing NodeGuid because of upgrade from old package version, this can cause deterministic cooking issues please resave package.
[2019.04.25-21.49.04:075][663]LogBlueprint: Warning: Node '/Game/SciFiWeapDark/Sound/Pistol/PistolA_Fire_Cue.PistolA_Fire_Cue:SoundCueGraph_43.SoundCueGraphNode_63' missing NodeGuid because of upgrade from old package version, this can cause deterministic cooking issues please resave package.
[2019.04.25-21.49.04:075][663]LogBlueprint: Warning: Node '/Game/SciFiWeapDark/Sound/Pistol/PistolA_Fire_Cue.PistolA_Fire_Cue:SoundCueGraph_43.SoundCueGraphNode_64' missing NodeGuid because of upgrade from old package version, this can cause deterministic cooking issues please resave package.
[2019.04.25-21.49.04:075][663]LogBlueprint: Warning: Node '/Game/SciFiWeapDark/Sound/Pistol/PistolA_Fire_Cue.PistolA_Fire_Cue:SoundCueGraph_43.SoundCueGraphNode_65' missing NodeGuid because of upgrade from old package version, this can cause deterministic cooking issues please resave package.
[2019.04.25-21.49.04:075][663]LogBlueprint: Warning: Node '/Game/SciFiWeapDark/Sound/Pistol/PistolA_Fire_Cue.PistolA_Fire_Cue:SoundCueGraph_43.SoundCueGraphNode_66' missing NodeGuid because of upgrade from old package version, this can cause deterministic cooking issues please resave package.
[2019.04.25-21.49.04:075][663]LogBlueprint: Warning: Node '/Game/SciFiWeapDark/Sound/Pistol/PistolA_Fire_Cue.PistolA_Fire_Cue:SoundCueGraph_43.SoundCueGraphNode_67' missing NodeGuid because of upgrade from old package version, this can cause deterministic cooking issues please resave package.
[2019.04.25-21.49.04:075][663]LogBlueprint: Warning: Node '/Game/SciFiWeapDark/Sound/Pistol/PistolA_Fire_Cue.PistolA_Fire_Cue:SoundCueGraph_43.SoundCueGraphNode_68' missing NodeGuid because of upgrade from old package version, this can cause deterministic cooking issues please resave package.
[2019.04.25-21.49.04:075][663]LogBlueprint: Warning: Node '/Game/SciFiWeapDark/Sound/Pistol/PistolA_Fire_Cue.PistolA_Fire_Cue:SoundCueGraph_43.SoundCueGraphNode_90' missing NodeGuid because of upgrade from old package version, this can cause deterministic cooking issues please resave package.
[2019.04.25-21.49.04:075][663]LogBlueprint: Warning: Node '/Game/SciFiWeapDark/Sound/Pistol/PistolA_Fire_Cue.PistolA_Fire_Cue:SoundCueGraph_43.SoundCueGraphNode_Root_43' missing NodeGuid because of upgrade from old package version, this can cause deterministic cooking issues please resave package.
[2019.04.25-21.49.04:083][663]LogBlueprint: Warning: Node '/Game/SciFiWeapDark/Sound/SniperRifle/SniperRifle_ZoomIn_Cue.SniperRifle_ZoomIn_Cue:SoundCueGraph_67.SoundCueGraphNode_227' missing NodeGuid because of upgrade from old package version, this can cause deterministic cooking issues please resave package.
[2019.04.25-21.49.04:083][663]LogBlueprint: Warning: Node '/Game/SciFiWeapDark/Sound/SniperRifle/SniperRifle_ZoomIn_Cue.SniperRifle_ZoomIn_Cue:SoundCueGraph_67.SoundCueGraphNode_Root_67' missing NodeGuid because of upgrade from old package version, this can cause deterministic cooking issues please resave package.
[2019.04.25-21.49.04:111][663]LogAIModule: Creating AISystem for world Level_01
[2019.04.25-21.49.04:111][663]LogLoad: Game class is 'MyGameMode_C'
[2019.04.25-21.49.04:117][663]LogScript: Warning: Accessed None trying to read property player character
	ThirdPerson_AnimBP_C /Game/Levels/Level_01.Level_01:PersistentLevel.SideScrollerCharacterTwo_11.CharacterMesh0.ThirdPerson_AnimBP_C_0
	Function /Game/Mannequin/Animations/ThirdPerson_AnimBP.ThirdPerson_AnimBP_C:ExecuteUbergraph_ThirdPerson_AnimBP:0064
[2019.04.25-21.49.04:117][663]LogScript: Warning: Script call stack:
	Function /Game/Mannequin/Animations/ThirdPerson_AnimBP.ThirdPerson_AnimBP_C:BlueprintUpdateAnimation
	Function /Game/Mannequin/Animations/ThirdPerson_AnimBP.ThirdPerson_AnimBP_C:ExecuteUbergraph_ThirdPerson_AnimBP

[2019.04.25-21.49.04:136][663]LogWorld: Bringing World /Game/Levels/Level_01.Level_01 up for play (max tick rate 0) at 2019.04.25-22.49.04
[2019.04.25-21.49.04:138][663]LogWorld: Bringing up level for play took: 0.025518
[2019.04.25-21.49.04:138][663]LogGameMode: FindPlayerStart: PATHS NOT DEFINED or NO PLAYERSTART with positive rating
[2019.04.25-21.49.04:141][663]LogLoad: Took 1.567920 seconds to LoadMap(/Game/Levels/Level_01)
[2019.04.25-21.49.15:562][370]LogSlate: FSceneViewport::OnFocusLost() reason 0
[2019.04.25-21.49.16:191][409]LogNet: Browse: /Game/Levels/Level_01
[2019.04.25-21.49.16:192][409]LogLoad: LoadMap: /Game/Levels/Level_01
[2019.04.25-21.49.16:991][409]LogPackageName: Warning: String asset reference "Env_Ice_Rocky.Mesh.Env_Ice_MelancholicTroll01" is in short form, which is unsupported and -- even if valid -- resolving it will be really slow.
[2019.04.25-21.49.16:991][409]LogPackageName: Warning: Please consider resaving package in order to speed-up loading.
[2019.04.25-21.49.17:117][409]LogPackageName: SearchForPackageOnDisk took   0.126s, but failed to resolve Env_Ice_Rocky.
[2019.04.25-21.49.17:117][409]LogPackageName: Warning: String asset reference "Env_Ice_Rocky.Mesh.Env_Ice_MelancholicTroll01" could not be resolved.
[2019.04.25-21.49.17:120][409]LogPackageName: Warning: String asset reference "Env_Ice_Rocky.Mesh.Env_Ice_NordHeed01" is in short form, which is unsupported and -- even if valid -- resolving it will be really slow.
[2019.04.25-21.49.17:120][409]LogPackageName: Warning: Please consider resaving package in order to speed-up loading.
[2019.04.25-21.49.17:249][409]LogPackageName: SearchForPackageOnDisk took   0.128s, but failed to resolve Env_Ice_Rocky.
[2019.04.25-21.49.17:249][409]LogPackageName: Warning: String asset reference "Env_Ice_Rocky.Mesh.Env_Ice_NordHeed01" could not be resolved.
[2019.04.25-21.49.17:441][409]LogBlueprint: Warning: Node '/Game/SciFiWeapDark/Sound/SniperRifle/SniperRifle_ImpactBody_Cue.SniperRifle_ImpactBody_Cue:SoundCueGraph_62.SoundCueGraphNode_207' missing NodeGuid because of upgrade from old package version, this can cause deterministic cooking issues please resave package.
[2019.04.25-21.49.17:441][409]LogBlueprint: Warning: Node '/Game/SciFiWeapDark/Sound/SniperRifle/SniperRifle_ImpactBody_Cue.SniperRifle_ImpactBody_Cue:SoundCueGraph_62.SoundCueGraphNode_208' missing NodeGuid because of upgrade from old package version, this can cause deterministic cooking issues please resave package.
[2019.04.25-21.49.17:441][409]LogBlueprint: Warning: Node '/Game/SciFiWeapDark/Sound/SniperRifle/SniperRifle_ImpactBody_Cue.SniperRifle_ImpactBody_Cue:SoundCueGraph_62.SoundCueGraphNode_209' missing NodeGuid because of upgrade from old package version, this can cause deterministic cooking issues please resave package.
[2019.04.25-21.49.17:441][409]LogBlueprint: Warning: Node '/Game/SciFiWeapDark/Sound/SniperRifle/SniperRifle_ImpactBody_Cue.SniperRifle_ImpactBody_Cue:SoundCueGraph_62.SoundCueGraphNode_210' missing NodeGuid because of upgrade from old package version, this can cause deterministic cooking issues please resave package.
[2019.04.25-21.49.17:441][409]LogBlueprint: Warning: Node '/Game/SciFiWeapDark/Sound/SniperRifle/SniperRifle_ImpactBody_Cue.SniperRifle_ImpactBody_Cue:SoundCueGraph_62.SoundCueGraphNode_211' missing NodeGuid because of upgrade from old package version, this can cause deterministic cooking issues please resave package.
[2019.04.25-21.49.17:441][409]LogBlueprint: Warning: Node '/Game/SciFiWeapDark/Sound/SniperRifle/SniperRifle_ImpactBody_Cue.SniperRifle_ImpactBody_Cue:SoundCueGraph_62.SoundCueGraphNode_24' missing NodeGuid because of upgrade from old package version, this can cause deterministic cooking issues please resave package.
[2019.04.25-21.49.17:441][409]LogBlueprint: Warning: Node '/Game/SciFiWeapDark/Sound/SniperRifle/SniperRifle_ImpactBody_Cue.SniperRifle_ImpactBody_Cue:SoundCueGraph_62.SoundCueGraphNode_Root_62' missing NodeGuid because of upgrade from old package version, this can cause deterministic cooking issues please resave package.
[2019.04.25-21.49.17:614][409]LogBlueprint: Warning: Node '/Game/SciFiWeapDark/Sound/SniperRifle/SniperRifle_ZoomIn_Cue.SniperRifle_ZoomIn_Cue:SoundCueGraph_67.SoundCueGraphNode_227' missing NodeGuid because of upgrade from old package version, this can cause deterministic cooking issues please resave package.
[2019.04.25-21.49.17:614][409]LogBlueprint: Warning: Node '/Game/SciFiWeapDark/Sound/SniperRifle/SniperRifle_ZoomIn_Cue.SniperRifle_ZoomIn_Cue:SoundCueGraph_67.SoundCueGraphNode_Root_67' missing NodeGuid because of upgrade from old package version, this can cause deterministic cooking issues please resave package.
[2019.04.25-21.49.17:621][409]LogBlueprint: Warning: Node '/Game/SciFiWeapDark/Sound/Pistol/PistolA_Fire_Cue.PistolA_Fire_Cue:SoundCueGraph_43.EdGraphNode_Comment_1' missing NodeGuid because of upgrade from old package version, this can cause deterministic cooking issues please resave package.
[2019.04.25-21.49.17:621][409]LogBlueprint: Warning: Node '/Game/SciFiWeapDark/Sound/Pistol/PistolA_Fire_Cue.PistolA_Fire_Cue:SoundCueGraph_43.EdGraphNode_Comment_3' missing NodeGuid because of upgrade from old package version, this can cause deterministic cooking issues please resave package.
[2019.04.25-21.49.17:622][409]LogBlueprint: Warning: Node '/Game/SciFiWeapDark/Sound/Pistol/PistolA_Fire_Cue.PistolA_Fire_Cue:SoundCueGraph_43.SoundCueGraphNode_3' missing NodeGuid because of upgrade from old package version, this can cause deterministic cooking issues please resave package.
[2019.04.25-21.49.17:622][409]LogBlueprint: Warning: Node '/Game/SciFiWeapDark/Sound/Pistol/PistolA_Fire_Cue.PistolA_Fire_Cue:SoundCueGraph_43.SoundCueGraphNode_55' missing NodeGuid because of upgrade from old package version, this can cause deterministic cooking issues please resave package.
[2019.04.25-21.49.17:622][409]LogBlueprint: Warning: Node '/Game/SciFiWeapDark/Sound/Pistol/PistolA_Fire_Cue.PistolA_Fire_Cue:SoundCueGraph_43.SoundCueGraphNode_56' missing NodeGuid because of upgrade from old package version, this can cause deterministic cooking issues please resave package.
[2019.04.25-21.49.17:622][409]LogBlueprint: Warning: Node '/Game/SciFiWeapDark/Sound/Pistol/PistolA_Fire_Cue.PistolA_Fire_Cue:SoundCueGraph_43.SoundCueGraphNode_57' missing NodeGuid because of upgrade from old package version, this can cause deterministic cooking issues please resave package.
[2019.04.25-21.49.17:622][409]LogBlueprint: Warning: Node '/Game/SciFiWeapDark/Sound/Pistol/PistolA_Fire_Cue.PistolA_Fire_Cue:SoundCueGraph_43.SoundCueGraphNode_58' missing NodeGuid because of upgrade from old package version, this can cause deterministic cooking issues please resave package.
[2019.04.25-21.49.17:622][409]LogBlueprint: Warning: Node '/Game/SciFiWeapDark/Sound/Pistol/PistolA_Fire_Cue.PistolA_Fire_Cue:SoundCueGraph_43.SoundCueGraphNode_59' missing NodeGuid because of upgrade from old package version, this can cause deterministic cooking issues please resave package.
[2019.04.25-21.49.17:622][409]LogBlueprint: Warning: Node '/Game/SciFiWeapDark/Sound/Pistol/PistolA_Fire_Cue.PistolA_Fire_Cue:SoundCueGraph_43.SoundCueGraphNode_60' missing NodeGuid because of upgrade from old package version, this can cause deterministic cooking issues please resave package.
[2019.04.25-21.49.17:622][409]LogBlueprint: Warning: Node '/Game/SciFiWeapDark/Sound/Pistol/PistolA_Fire_Cue.PistolA_Fire_Cue:SoundCueGraph_43.SoundCueGraphNode_61' missing NodeGuid because of upgrade from old package version, this can cause deterministic cooking issues please resave package.
[2019.04.25-21.49.17:622][409]LogBlueprint: Warning: Node '/Game/SciFiWeapDark/Sound/Pistol/PistolA_Fire_Cue.PistolA_Fire_Cue:SoundCueGraph_43.SoundCueGraphNode_62' missing NodeGuid because of upgrade from old package version, this can cause deterministic cooking issues please resave package.
[2019.04.25-21.49.17:622][409]LogBlueprint: Warning: Node '/Game/SciFiWeapDark/Sound/Pistol/PistolA_Fire_Cue.PistolA_Fire_Cue:SoundCueGraph_43.SoundCueGraphNode_63' missing NodeGuid because of upgrade from old package version, this can cause deterministic cooking issues please resave package.
[2019.04.25-21.49.17:622][409]LogBlueprint: Warning: Node '/Game/SciFiWeapDark/Sound/Pistol/PistolA_Fire_Cue.PistolA_Fire_Cue:SoundCueGraph_43.SoundCueGraphNode_64' missing NodeGuid because of upgrade from old package version, this can cause deterministic cooking issues please resave package.
[2019.04.25-21.49.17:622][409]LogBlueprint: Warning: Node '/Game/SciFiWeapDark/Sound/Pistol/PistolA_Fire_Cue.PistolA_Fire_Cue:SoundCueGraph_43.SoundCueGraphNode_65' missing NodeGuid because of upgrade from old package version, this can cause deterministic cooking issues please resave package.
[2019.04.25-21.49.17:622][409]LogBlueprint: Warning: Node '/Game/SciFiWeapDark/Sound/Pistol/PistolA_Fire_Cue.PistolA_Fire_Cue:SoundCueGraph_43.SoundCueGraphNode_66' missing NodeGuid because of upgrade from old package version, this can cause deterministic cooking issues please resave package.
[2019.04.25-21.49.17:622][409]LogBlueprint: Warning: Node '/Game/SciFiWeapDark/Sound/Pistol/PistolA_Fire_Cue.PistolA_Fire_Cue:SoundCueGraph_43.SoundCueGraphNode_67' missing NodeGuid because of upgrade from old package version, this can cause deterministic cooking issues please resave package.
[2019.04.25-21.49.17:622][409]LogBlueprint: Warning: Node '/Game/SciFiWeapDark/Sound/Pistol/PistolA_Fire_Cue.PistolA_Fire_Cue:SoundCueGraph_43.SoundCueGraphNode_68' missing NodeGuid because of upgrade from old package version, this can cause deterministic cooking issues please resave package.
[2019.04.25-21.49.17:622][409]LogBlueprint: Warning: Node '/Game/SciFiWeapDark/Sound/Pistol/PistolA_Fire_Cue.PistolA_Fire_Cue:SoundCueGraph_43.SoundCueGraphNode_90' missing NodeGuid because of upgrade from old package version, this can cause deterministic cooking issues please resave package.
[2019.04.25-21.49.17:622][409]LogBlueprint: Warning: Node '/Game/SciFiWeapDark/Sound/Pistol/PistolA_Fire_Cue.PistolA_Fire_Cue:SoundCueGraph_43.SoundCueGraphNode_Root_43' missing NodeGuid because of upgrade from old package version, this can cause deterministic cooking issues please resave package.
[2019.04.25-21.49.17:694][409]LogAIModule: Creating AISystem for world Level_01
[2019.04.25-21.49.17:694][409]LogLoad: Game class is 'MyGameMode_C'
[2019.04.25-21.49.17:701][409]LogScript: Warning: Accessed None trying to read property player character
	ThirdPerson_AnimBP_C /Game/Levels/Level_01.Level_01:PersistentLevel.SideScrollerCharacterTwo_11.CharacterMesh0.ThirdPerson_AnimBP_C_0
	Function /Game/Mannequin/Animations/ThirdPerson_AnimBP.ThirdPerson_AnimBP_C:ExecuteUbergraph_ThirdPerson_AnimBP:0064
[2019.04.25-21.49.17:701][409]LogScript: Warning: Script call stack:
	Function /Game/Mannequin/Animations/ThirdPerson_AnimBP.ThirdPerson_AnimBP_C:BlueprintUpdateAnimation
	Function /Game/Mannequin/Animations/ThirdPerson_AnimBP.ThirdPerson_AnimBP_C:ExecuteUbergraph_ThirdPerson_AnimBP

[2019.04.25-21.49.17:718][409]LogWorld: Bringing World /Game/Levels/Level_01.Level_01 up for play (max tick rate 0) at 2019.04.25-22.49.17
[2019.04.25-21.49.17:719][409]LogWorld: Bringing up level for play took: 0.024922
[2019.04.25-21.49.17:720][409]LogGameMode: FindPlayerStart: PATHS NOT DEFINED or NO PLAYERSTART with positive rating
[2019.04.25-21.49.17:722][409]LogLoad: Took 1.530314 seconds to LoadMap(/Game/Levels/Level_01)
[2019.04.25-21.49.49:372][371]LogSlate: FSceneViewport::OnFocusLost() reason 0
[2019.04.25-21.49.49:921][405]LogBlueprintUserMessages: [SideScrollerCharacterTwo_11] off
[2019.04.25-21.49.50:575][438]LogPackageName: SearchForPackageOnDisk took   0.120s to resolve Level_02.umap.
[2019.04.25-21.49.50:700][439]LogPackageName: SearchForPackageOnDisk took   0.125s to resolve Level_02.umap.
[2019.04.25-21.49.50:700][439]LogNet: Browse: /Game/Levels/Level_02
[2019.04.25-21.49.50:701][439]LogLoad: LoadMap: /Game/Levels/Level_02
[2019.04.25-21.49.51:555][439]LogPackageName: Warning: String asset reference "Env_Ice_RuinedWalls001" is in short form, which is unsupported and -- even if valid -- resolving it will be really slow.
[2019.04.25-21.49.51:555][439]LogPackageName: Warning: Please consider resaving package in order to speed-up loading.
[2019.04.25-21.49.51:683][439]LogPackageName: SearchForPackageOnDisk took   0.128s, but failed to resolve Env_Ice_RuinedWalls001.
[2019.04.25-21.49.51:683][439]LogPackageName: Warning: String asset reference "Env_Ice_RuinedWalls001" could not be resolved.
[2019.04.25-21.49.51:792][439]LogBlueprint: Warning: Node '/Game/SciFiWeapDark/Sound/SniperRifle/SniperRifle_ImpactBody_Cue.SniperRifle_ImpactBody_Cue:SoundCueGraph_62.SoundCueGraphNode_207' missing NodeGuid because of upgrade from old package version, this can cause deterministic cooking issues please resave package.
[2019.04.25-21.49.51:792][439]LogBlueprint: Warning: Node '/Game/SciFiWeapDark/Sound/SniperRifle/SniperRifle_ImpactBody_Cue.SniperRifle_ImpactBody_Cue:SoundCueGraph_62.SoundCueGraphNode_208' missing NodeGuid because of upgrade from old package version, this can cause deterministic cooking issues please resave package.
[2019.04.25-21.49.51:792][439]LogBlueprint: Warning: Node '/Game/SciFiWeapDark/Sound/SniperRifle/SniperRifle_ImpactBody_Cue.SniperRifle_ImpactBody_Cue:SoundCueGraph_62.SoundCueGraphNode_209' missing NodeGuid because of upgrade from old package version, this can cause deterministic cooking issues please resave package.
[2019.04.25-21.49.51:792][439]LogBlueprint: Warning: Node '/Game/SciFiWeapDark/Sound/SniperRifle/SniperRifle_ImpactBody_Cue.SniperRifle_ImpactBody_Cue:SoundCueGraph_62.SoundCueGraphNode_210' missing NodeGuid because of upgrade from old package version, this can cause deterministic cooking issues please resave package.
[2019.04.25-21.49.51:792][439]LogBlueprint: Warning: Node '/Game/SciFiWeapDark/Sound/SniperRifle/SniperRifle_ImpactBody_Cue.SniperRifle_ImpactBody_Cue:SoundCueGraph_62.SoundCueGraphNode_211' missing NodeGuid because of upgrade from old package version, this can cause deterministic cooking issues please resave package.
[2019.04.25-21.49.51:792][439]LogBlueprint: Warning: Node '/Game/SciFiWeapDark/Sound/SniperRifle/SniperRifle_ImpactBody_Cue.SniperRifle_ImpactBody_Cue:SoundCueGraph_62.SoundCueGraphNode_24' missing NodeGuid because of upgrade from old package version, this can cause deterministic cooking issues please resave package.
[2019.04.25-21.49.51:792][439]LogBlueprint: Warning: Node '/Game/SciFiWeapDark/Sound/SniperRifle/SniperRifle_ImpactBody_Cue.SniperRifle_ImpactBody_Cue:SoundCueGraph_62.SoundCueGraphNode_Root_62' missing NodeGuid because of upgrade from old package version, this can cause deterministic cooking issues please resave package.
[2019.04.25-21.49.52:027][439]LogBlueprint: Warning: Node '/Game/SciFiWeapDark/Sound/Pistol/PistolA_Fire_Cue.PistolA_Fire_Cue:SoundCueGraph_43.EdGraphNode_Comment_1' missing NodeGuid because of upgrade from old package version, this can cause deterministic cooking issues please resave package.
[2019.04.25-21.49.52:027][439]LogBlueprint: Warning: Node '/Game/SciFiWeapDark/Sound/Pistol/PistolA_Fire_Cue.PistolA_Fire_Cue:SoundCueGraph_43.EdGraphNode_Comment_3' missing NodeGuid because of upgrade from old package version, this can cause deterministic cooking issues please resave package.
[2019.04.25-21.49.52:027][439]LogBlueprint: Warning: Node '/Game/SciFiWeapDark/Sound/Pistol/PistolA_Fire_Cue.PistolA_Fire_Cue:SoundCueGraph_43.SoundCueGraphNode_3' missing NodeGuid because of upgrade from old package version, this can cause deterministic cooking issues please resave package.
[2019.04.25-21.49.52:027][439]LogBlueprint: Warning: Node '/Game/SciFiWeapDark/Sound/Pistol/PistolA_Fire_Cue.PistolA_Fire_Cue:SoundCueGraph_43.SoundCueGraphNode_55' missing NodeGuid because of upgrade from old package version, this can cause deterministic cooking issues please resave package.
[2019.04.25-21.49.52:027][439]LogBlueprint: Warning: Node '/Game/SciFiWeapDark/Sound/Pistol/PistolA_Fire_Cue.PistolA_Fire_Cue:SoundCueGraph_43.SoundCueGraphNode_56' missing NodeGuid because of upgrade from old package version, this can cause deterministic cooking issues please resave package.
[2019.04.25-21.49.52:027][439]LogBlueprint: Warning: Node '/Game/SciFiWeapDark/Sound/Pistol/PistolA_Fire_Cue.PistolA_Fire_Cue:SoundCueGraph_43.SoundCueGraphNode_57' missing NodeGuid because of upgrade from old package version, this can cause deterministic cooking issues please resave package.
[2019.04.25-21.49.52:027][439]LogBlueprint: Warning: Node '/Game/SciFiWeapDark/Sound/Pistol/PistolA_Fire_Cue.PistolA_Fire_Cue:SoundCueGraph_43.SoundCueGraphNode_58' missing NodeGuid because of upgrade from old package version, this can cause deterministic cooking issues please resave package.
[2019.04.25-21.49.52:027][439]LogBlueprint: Warning: Node '/Game/SciFiWeapDark/Sound/Pistol/PistolA_Fire_Cue.PistolA_Fire_Cue:SoundCueGraph_43.SoundCueGraphNode_59' missing NodeGuid because of upgrade from old package version, this can cause deterministic cooking issues please resave package.
[2019.04.25-21.49.52:028][439]LogBlueprint: Warning: Node '/Game/SciFiWeapDark/Sound/Pistol/PistolA_Fire_Cue.PistolA_Fire_Cue:SoundCueGraph_43.SoundCueGraphNode_60' missing NodeGuid because of upgrade from old package version, this can cause deterministic cooking issues please resave package.
[2019.04.25-21.49.52:028][439]LogBlueprint: Warning: Node '/Game/SciFiWeapDark/Sound/Pistol/PistolA_Fire_Cue.PistolA_Fire_Cue:SoundCueGraph_43.SoundCueGraphNode_61' missing NodeGuid because of upgrade from old package version, this can cause deterministic cooking issues please resave package.
[2019.04.25-21.49.52:028][439]LogBlueprint: Warning: Node '/Game/SciFiWeapDark/Sound/Pistol/PistolA_Fire_Cue.PistolA_Fire_Cue:SoundCueGraph_43.SoundCueGraphNode_62' missing NodeGuid because of upgrade from old package version, this can cause deterministic cooking issues please resave package.
[2019.04.25-21.49.52:028][439]LogBlueprint: Warning: Node '/Game/SciFiWeapDark/Sound/Pistol/PistolA_Fire_Cue.PistolA_Fire_Cue:SoundCueGraph_43.SoundCueGraphNode_63' missing NodeGuid because of upgrade from old package version, this can cause deterministic cooking issues please resave package.
[2019.04.25-21.49.52:028][439]LogBlueprint: Warning: Node '/Game/SciFiWeapDark/Sound/Pistol/PistolA_Fire_Cue.PistolA_Fire_Cue:SoundCueGraph_43.SoundCueGraphNode_64' missing NodeGuid because of upgrade from old package version, this can cause deterministic cooking issues please resave package.
[2019.04.25-21.49.52:028][439]LogBlueprint: Warning: Node '/Game/SciFiWeapDark/Sound/Pistol/PistolA_Fire_Cue.PistolA_Fire_Cue:SoundCueGraph_43.SoundCueGraphNode_65' missing NodeGuid because of upgrade from old package version, this can cause deterministic cooking issues please resave package.
[2019.04.25-21.49.52:028][439]LogBlueprint: Warning: Node '/Game/SciFiWeapDark/Sound/Pistol/PistolA_Fire_Cue.PistolA_Fire_Cue:SoundCueGraph_43.SoundCueGraphNode_66' missing NodeGuid because of upgrade from old package version, this can cause deterministic cooking issues please resave package.
[2019.04.25-21.49.52:028][439]LogBlueprint: Warning: Node '/Game/SciFiWeapDark/Sound/Pistol/PistolA_Fire_Cue.PistolA_Fire_Cue:SoundCueGraph_43.SoundCueGraphNode_67' missing NodeGuid because of upgrade from old package version, this can cause deterministic cooking issues please resave package.
[2019.04.25-21.49.52:028][439]LogBlueprint: Warning: Node '/Game/SciFiWeapDark/Sound/Pistol/PistolA_Fire_Cue.PistolA_Fire_Cue:SoundCueGraph_43.SoundCueGraphNode_68' missing NodeGuid because of upgrade from old package version, this can cause deterministic cooking issues please resave package.
[2019.04.25-21.49.52:028][439]LogBlueprint: Warning: Node '/Game/SciFiWeapDark/Sound/Pistol/PistolA_Fire_Cue.PistolA_Fire_Cue:SoundCueGraph_43.SoundCueGraphNode_90' missing NodeGuid because of upgrade from old package version, this can cause deterministic cooking issues please resave package.
[2019.04.25-21.49.52:028][439]LogBlueprint: Warning: Node '/Game/SciFiWeapDark/Sound/Pistol/PistolA_Fire_Cue.PistolA_Fire_Cue:SoundCueGraph_43.SoundCueGraphNode_Root_43' missing NodeGuid because of upgrade from old package version, this can cause deterministic cooking issues please resave package.
[2019.04.25-21.49.52:092][439]LogBlueprint: Warning: Node '/Game/SciFiWeapDark/Sound/SniperRifle/SniperRifle_ZoomIn_Cue.SniperRifle_ZoomIn_Cue:SoundCueGraph_67.SoundCueGraphNode_227' missing NodeGuid because of upgrade from old package version, this can cause deterministic cooking issues please resave package.
[2019.04.25-21.49.52:092][439]LogBlueprint: Warning: Node '/Game/SciFiWeapDark/Sound/SniperRifle/SniperRifle_ZoomIn_Cue.SniperRifle_ZoomIn_Cue:SoundCueGraph_67.SoundCueGraphNode_Root_67' missing NodeGuid because of upgrade from old package version, this can cause deterministic cooking issues please resave package.
[2019.04.25-21.49.52:095][439]LogAIModule: Creating AISystem for world Level_02
[2019.04.25-21.49.52:095][439]LogLoad: Game class is 'MyGameMode_C'
[2019.04.25-21.49.52:111][439]LogScript: Warning: Accessed None trying to read property player character
	ThirdPerson_AnimBP_C /Game/Levels/Level_02.Level_02:PersistentLevel.SideScrollerCharacterTwo_3.CharacterMesh0.ThirdPerson_AnimBP_C_0
	Function /Game/Mannequin/Animations/ThirdPerson_AnimBP.ThirdPerson_AnimBP_C:ExecuteUbergraph_ThirdPerson_AnimBP:0064
[2019.04.25-21.49.52:111][439]LogScript: Warning: Script call stack:
	Function /Game/Mannequin/Animations/ThirdPerson_AnimBP.ThirdPerson_AnimBP_C:BlueprintUpdateAnimation
	Function /Game/Mannequin/Animations/ThirdPerson_AnimBP.ThirdPerson_AnimBP_C:ExecuteUbergraph_ThirdPerson_AnimBP

[2019.04.25-21.49.52:143][439]LogWorld: Bringing World /Game/Levels/Level_02.Level_02 up for play (max tick rate 0) at 2019.04.25-22.49.52
[2019.04.25-21.49.52:144][439]LogWorld: Bringing up level for play took: 0.049303
[2019.04.25-21.49.52:145][439]LogGameMode: FindPlayerStart: PATHS NOT DEFINED or NO PLAYERSTART with positive rating
[2019.04.25-21.49.52:149][439]LogLoad: Took 1.448627 seconds to LoadMap(/Game/Levels/Level_02)
[2019.04.25-21.50.08:801][467]LogRHI: Error: GetAndOrCreateGraphicsPipelineState RenderTarget check failed with: 480 !
[2019.04.25-21.50.11:752][649]LogSlate: FSceneViewport::OnFocusLost() reason 0
[2019.04.25-21.50.12:539][690]LogPackageName: SearchForPackageOnDisk took   0.123s to resolve mainmenu.umap.
[2019.04.25-21.50.12:658][691]LogPackageName: SearchForPackageOnDisk took   0.119s to resolve mainmenu.umap.
[2019.04.25-21.50.12:658][691]LogNet: Browse: /Game/Levels/mainmenu
[2019.04.25-21.50.12:658][691]LogLoad: LoadMap: /Game/Levels/mainmenu
[2019.04.25-21.50.12:769][691]LogAIModule: Creating AISystem for world mainmenu
[2019.04.25-21.50.12:769][691]LogLoad: Game class is 'GameMode'
[2019.04.25-21.50.12:770][691]LogWorld: Bringing World /Game/Levels/mainmenu.mainmenu up for play (max tick rate 0) at 2019.04.25-22.50.12
[2019.04.25-21.50.12:770][691]LogWorld: Bringing up level for play took: 0.000250
[2019.04.25-21.50.12:770][691]LogGameMode: FindPlayerStart: PATHS NOT DEFINED or NO PLAYERSTART with positive rating
[2019.04.25-21.50.12:771][691]LogGameMode: Display: Match State Changed from EnteringMap to WaitingToStart
[2019.04.25-21.50.12:771][691]LogGameState: Match State Changed from EnteringMap to WaitingToStart
[2019.04.25-21.50.12:771][691]LogGameMode: Display: Match State Changed from WaitingToStart to InProgress
[2019.04.25-21.50.12:773][691]LogGameState: Match State Changed from WaitingToStart to InProgress
[2019.04.25-21.50.12:773][691]LogLoad: Took 0.114390 seconds to LoadMap(/Game/Levels/mainmenu)
[2019.04.25-21.50.12:775][692]LogAudio: Warning: Detected orphaned looping sound 'Starter_Music_Cue'.
[2019.04.25-21.50.16:179][903]LogSlate: FSceneViewport::OnFocusLost() reason 0
[2019.04.25-21.50.22:616][302]Closing by request
[2019.04.25-21.50.22:616][302]LogWindows: FPlatformMisc::RequestExit(0)
[2019.04.25-21.50.23:165][303]LogSlate: Window 'PawnTrials (64-bit Development PCD3D_SM5) ' being destroyed
[2019.04.25-21.50.23:166][303]LogWindowsTextInputMethodSystem: Display: IME system now deactivated.
[2019.04.25-21.50.23:173][303]LogExit: Preparing to exit.
[2019.04.25-21.50.23:173][303]LogMoviePlayer: Shutting down movie player
[2019.04.25-21.50.23:806][303]LogSlate: Updating window title bar state: overlay mode, drag disabled, window buttons hidden, title bar hidden
[2019.04.25-21.50.23:815][303]LogExit: Game engine shut down
[2019.04.25-21.50.24:174][303]LogExit: Object subsystem successfully closed.
[2019.04.25-21.50.24:190][303]LogShaderCompilers: Display: Shaders left to compile 0
[2019.04.25-21.50.24:192][303]LogD3D11RHI: Shutdown
[2019.04.25-21.50.24:192][303]LogD3D11RHI: CleanupD3DDevice
[2019.04.25-21.50.24:194][303]LogD3D11RHI: ~FD3D11DynamicRHI
[2019.04.25-21.50.24:204][303]LogModuleManager: Shutting down and abandoning module SequenceRecorderSections (376)
[2019.04.25-21.50.24:204][303]LogModuleManager: Shutting down and abandoning module SequenceRecorder (374)
[2019.04.25-21.50.24:204][303]LogModuleManager: Shutting down and abandoning module AutomationController (372)
[2019.04.25-21.50.24:204][303]LogModuleManager: Shutting down and abandoning module AutomationWorker (370)
[2019.04.25-21.50.24:204][303]LogModuleManager: Shutting down and abandoning module Voice (368)
[2019.04.25-21.50.24:204][303]LogModuleManager: Shutting down and abandoning module AIModule (366)
[2019.04.25-21.50.24:204][303]LogModuleManager: Shutting down and abandoning module GameplayDebugger (365)
[2019.04.25-21.50.24:204][303]LogModuleManager: Shutting down and abandoning module AITestSuite (363)
[2019.04.25-21.50.24:204][303]LogModuleManager: Shutting down and abandoning module NavigationSystem (361)
[2019.04.25-21.50.24:204][303]LogModuleManager: Shutting down and abandoning module WmfMediaFactory (358)
[2019.04.25-21.50.24:204][303]LogModuleManager: Shutting down and abandoning module OpenExrWrapper (356)
[2019.04.25-21.50.24:204][303]LogModuleManager: Shutting down and abandoning module ImgMediaFactory (354)
[2019.04.25-21.50.24:204][303]LogModuleManager: Shutting down and abandoning module AvfMediaFactory (352)
[2019.04.25-21.50.24:204][303]LogModuleManager: Shutting down and abandoning module MagicLeapCameraPreviewFactory (350)
[2019.04.25-21.50.24:204][303]LogModuleManager: Shutting down and abandoning module MagicLeapMediaFactory (348)
[2019.04.25-21.50.24:204][303]LogModuleManager: Shutting down and abandoning module CharacterAI (346)
[2019.04.25-21.50.24:204][303]LogModuleManager: Shutting down and abandoning module SessionServices (344)
[2019.04.25-21.50.24:204][303]LogModuleManager: Shutting down and abandoning module MovieSceneCapture (342)
[2019.04.25-21.50.24:204][303]LogModuleManager: Shutting down and abandoning module MovieSceneTracks (340)
[2019.04.25-21.50.24:204][303]LogModuleManager: Shutting down and abandoning module MovieScene (338)
[2019.04.25-21.50.24:204][303]LogModuleManager: Shutting down and abandoning module StreamingPauseRendering (336)
[2019.04.25-21.50.24:204][303]LogModuleManager: Shutting down and abandoning module PortalServices (334)
[2019.04.25-21.50.24:204][303]LogModuleManager: Shutting down and abandoning module PortalRpc (332)
[2019.04.25-21.50.24:204][303]LogModuleManager: Shutting down and abandoning module MessagingRpc (330)
[2019.04.25-21.50.24:204][303]LogModuleManager: Shutting down and abandoning module ProfilerService (328)
[2019.04.25-21.50.24:326][303]LogModuleManager: Shutting down and abandoning module TaskGraph (326)
[2019.04.25-21.50.24:326][303]LogModuleManager: Shutting down and abandoning module SteamVRController (324)
[2019.04.25-21.50.24:326][303]LogModuleManager: Shutting down and abandoning module ProceduralMeshComponent (322)
[2019.04.25-21.50.24:326][303]LogModuleManager: Shutting down and abandoning module OculusInput (320)
[2019.04.25-21.50.24:326][303]LogModuleManager: Shutting down and abandoning module MobilePatchingUtils (318)
[2019.04.25-21.50.24:326][303]LogModuleManager: Shutting down and abandoning module EditableMesh (316)
[2019.04.25-21.50.24:326][303]LogModuleManager: Shutting down and abandoning module CustomMeshComponent (314)
[2019.04.25-21.50.24:326][303]LogModuleManager: Shutting down and abandoning module CableComponent (312)
[2019.04.25-21.50.24:326][303]LogModuleManager: Shutting down and abandoning module AudioCapture (310)
[2019.04.25-21.50.24:326][303]LogModuleManager: Shutting down and abandoning module ArchVisCharacter (308)
[2019.04.25-21.50.24:326][303]LogModuleManager: Shutting down and abandoning module AndroidPermission (306)
[2019.04.25-21.50.24:326][303]LogModuleManager: Shutting down and abandoning module NUTUnrealEngine4 (304)
[2019.04.25-21.50.24:326][303]LogModuleManager: Shutting down and abandoning module NetcodeUnitTest (302)
[2019.04.25-21.50.24:326][303]LogModuleManager: Shutting down and abandoning module MediaCompositing (300)
[2019.04.25-21.50.24:326][303]LogModuleManager: Shutting down and abandoning module LinearTimecode (298)
[2019.04.25-21.50.24:326][303]LogModuleManager: Shutting down and abandoning module ImgMedia (296)
[2019.04.25-21.50.24:329][303]LogModuleManager: Shutting down and abandoning module HTML5Networking (294)
[2019.04.25-21.50.24:329][303]LogModuleManager: Shutting down and abandoning module GeometryCacheTracks (292)
[2019.04.25-21.50.24:329][303]LogModuleManager: Shutting down and abandoning module GeometryCacheSequencer (291)
[2019.04.25-21.50.24:329][303]LogModuleManager: Shutting down and abandoning module GeometryCache (288)
[2019.04.25-21.50.24:329][303]LogModuleManager: Shutting down and abandoning module GeometryCacheEd (287)
[2019.04.25-21.50.24:329][303]LogModuleManager: Shutting down and abandoning module BackChannel (284)
[2019.04.25-21.50.24:329][303]LogModuleManager: Shutting down and abandoning module AppleVision (282)
[2019.04.25-21.50.24:329][303]LogModuleManager: Shutting down and abandoning module AppleImageUtils (280)
[2019.04.25-21.50.24:329][303]LogModuleManager: Shutting down and abandoning module DatasmithContent (278)
[2019.04.25-21.50.24:329][303]LogModuleManager: Shutting down and abandoning module CryptoKeysOpenSSL (276)
[2019.04.25-21.50.24:329][303]LogModuleManager: Shutting down and abandoning module CryptoKeys (274)
[2019.04.25-21.50.24:329][303]LogModuleManager: Shutting down and abandoning module VisualStudioSourceCodeAccess (272)
[2019.04.25-21.50.24:329][303]LogModuleManager: Shutting down and abandoning module HotReload (271)
[2019.04.25-21.50.24:329][303]LogModuleManager: Shutting down and abandoning module DirectoryWatcher (270)
[2019.04.25-21.50.24:329][303]LogModuleManager: Shutting down and abandoning module VisualStudioCodeSourceCodeAccess (266)
[2019.04.25-21.50.24:329][303]LogModuleManager: Shutting down and abandoning module UObjectPlugin (264)
[2019.04.25-21.50.24:329][303]LogModuleManager: Shutting down and abandoning module SubversionSourceControl (262)
[2019.04.25-21.50.24:329][303]LogModuleManager: Shutting down and abandoning module PerforceSourceControl (260)
[2019.04.25-21.50.24:329][303]LogModuleManager: Shutting down and abandoning module SourceControl (259)
[2019.04.25-21.50.24:330][303]LogModuleManager: Shutting down and abandoning module CLionSourceCodeAccess (256)
[2019.04.25-21.50.24:330][303]LogModuleManager: Shutting down and abandoning module RuntimePhysXCooking (254)
[2019.04.25-21.50.24:330][303]LogModuleManager: Shutting down and abandoning module PhysXVehiclesEditor (252)
[2019.04.25-21.50.24:330][303]LogModuleManager: Shutting down and abandoning module PhysXVehicles (250)
[2019.04.25-21.50.24:330][303]LogModuleManager: Shutting down and abandoning module LocationServicesBPLibrary (248)
[2019.04.25-21.50.24:330][303]LogModuleManager: Shutting down and abandoning module ImmediatePhysicsEditor (246)
[2019.04.25-21.50.24:330][303]LogModuleManager: Shutting down and abandoning module ImmediatePhysics (244)
[2019.04.25-21.50.24:330][303]LogModuleManager: Shutting down and abandoning module ActorSequence (242)
[2019.04.25-21.50.24:330][303]LogModuleManager: Shutting down and abandoning module UdpMessaging (240)
[2019.04.25-21.50.24:430][303]LogModuleManager: Shutting down and abandoning module TcpMessaging (238)
[2019.04.25-21.50.24:796][303]LogModuleManager: Shutting down and abandoning module MagicLeapAudio (236)
[2019.04.25-21.50.24:796][303]LogModuleManager: Shutting down and abandoning module GameplayTagsEditor (234)
[2019.04.25-21.50.24:796][303]LogModuleManager: Shutting down and abandoning module FacialAnimation (232)
[2019.04.25-21.50.24:796][303]LogModuleManager: Shutting down and abandoning module DataValidation (230)
[2019.04.25-21.50.24:796][303]LogModuleManager: Shutting down and abandoning module AssetManagerEditor (228)
[2019.04.25-21.50.24:796][303]LogModuleManager: Shutting down and abandoning module TreeMap (227)
[2019.04.25-21.50.24:796][303]LogModuleManager: Shutting down and abandoning module LightPropagationVolumeRuntime (224)
[2019.04.25-21.50.24:797][303]LogModuleManager: Shutting down and abandoning module AISupportModule (222)
[2019.04.25-21.50.24:797][303]LogModuleManager: Shutting down and abandoning module Paper2D (220)
[2019.04.25-21.50.24:797][303]LogModuleManager: Shutting down and abandoning module PIEPreviewDeviceProfileSelector (218)
[2019.04.25-21.50.24:797][303]LogModuleManager: Shutting down and abandoning module WindowsMoviePlayer (216)
[2019.04.25-21.50.24:797][303]LogModuleManager: Shutting down and abandoning module WmfMedia (214)
[2019.04.25-21.50.24:798][303]LogModuleManager: Shutting down and abandoning module Media (213)
[2019.04.25-21.50.24:804][303]LogModuleManager: Shutting down and abandoning module PacketHandler (210)
[2019.04.25-21.50.24:804][303]LogModuleManager: Shutting down and abandoning module ClothingSystemEditor (208)
[2019.04.25-21.50.24:804][303]LogModuleManager: Shutting down and abandoning module ClothingSystemRuntime (206)
[2019.04.25-21.50.24:804][303]LogModuleManager: Shutting down and abandoning module MediaAssets (204)
[2019.04.25-21.50.24:804][303]LogModuleManager: Shutting down and abandoning module Overlay (202)
[2019.04.25-21.50.24:804][303]LogModuleManager: Shutting down and abandoning module OverlayEditor (201)
[2019.04.25-21.50.24:804][303]LogModuleManager: Shutting down and abandoning module VREditor (198)
[2019.04.25-21.50.24:804][303]LogModuleManager: Shutting down and abandoning module StringTableEditor (196)
[2019.04.25-21.50.24:804][303]LogModuleManager: Shutting down and abandoning module GameplayTasksEditor (194)
[2019.04.25-21.50.24:804][303]LogModuleManager: Shutting down and abandoning module BehaviorTreeEditor (192)
[2019.04.25-21.50.24:804][303]LogModuleManager: Shutting down and abandoning module FunctionalTesting (190)
[2019.04.25-21.50.24:804][303]LogModuleManager: Shutting down and abandoning module CollisionAnalyzer (188)
[2019.04.25-21.50.24:804][303]LogModuleManager: Shutting down and abandoning module WorkspaceMenuStructure (187)
[2019.04.25-21.50.24:804][303]LogModuleManager: Shutting down and abandoning module UMG (184)
[2019.04.25-21.50.24:804][303]LogModuleManager: Shutting down and abandoning module UMGEditor (183)
[2019.04.25-21.50.24:804][303]LogModuleManager: Shutting down and abandoning module Sequencer (182)
[2019.04.25-21.50.24:804][303]LogModuleManager: Shutting down and abandoning module MessageLog (179)
[2019.04.25-21.50.24:804][303]LogModuleManager: Shutting down and abandoning module SlateReflector (174)
[2019.04.25-21.50.24:804][303]LogModuleManager: Shutting down and abandoning module Slate (172)
[2019.04.25-21.50.24:804][303]LogModuleManager: Shutting down and abandoning module EditorStyle (170)
[2019.04.25-21.50.24:805][303]LogModuleManager: Shutting down and abandoning module MRMesh (168)
[2019.04.25-21.50.24:805][303]LogModuleManager: Shutting down and abandoning module Messaging (166)
[2019.04.25-21.50.24:805][303]LogModuleManager: Shutting down and abandoning module SourceCodeAccess (164)
[2019.04.25-21.50.24:805][303]LogModuleManager: Shutting down and abandoning module HeadMountedDisplay (162)
[2019.04.25-21.50.24:805][303]LogModuleManager: Shutting down and abandoning module XAudio2 (160)
[2019.04.25-21.50.24:805][303]LogModuleManager: Shutting down and abandoning module Networking (158)
[2019.04.25-21.50.24:805][303]LogModuleManager: Shutting down and abandoning module Core (156)
[2019.04.25-21.50.24:805][303]LogModuleManager: Shutting down and abandoning module LevelSequence (154)
[2019.04.25-21.50.24:805][303]LogModuleManager: Shutting down and abandoning module KismetCompiler (152)
[2019.04.25-21.50.24:805][303]LogModuleManager: Shutting down and abandoning module MeshUtilities (150)
[2019.04.25-21.50.24:805][303]LogModuleManager: Shutting down and abandoning module MeshMergeUtilities (149)
[2019.04.25-21.50.24:805][303]LogModuleManager: Shutting down and abandoning module MeshReductionInterface (148)
[2019.04.25-21.50.24:805][303]LogModuleManager: Shutting down and abandoning module SimplygonSwarm (147)
[2019.04.25-21.50.24:805][303]LogModuleManager: Shutting down and abandoning module ProxyLODMeshReduction (145)
[2019.04.25-21.50.24:805][303]LogModuleManager: Shutting down and abandoning module SimplygonMeshReduction (143)
[2019.04.25-21.50.24:805][303]LogModuleManager: Shutting down and abandoning module QuadricMeshReduction (141)
[2019.04.25-21.50.24:805][303]LogModuleManager: Shutting down and abandoning module MaterialBaking (137)
[2019.04.25-21.50.24:806][303]LogModuleManager: Shutting down and abandoning module DerivedDataCache (132)
[2019.04.25-21.50.24:849][303]LogDerivedDataCache: Shutdown
[2019.04.25-21.50.24:849][303]LogModuleManager: Shutting down and abandoning module XGEController (130)
[2019.04.25-21.50.24:849][303]LogModuleManager: Shutting down and abandoning module TargetPlatform (128)
[2019.04.25-21.50.24:849][303]LogModuleManager: Shutting down and abandoning module VulkanShaderFormat (127)
[2019.04.25-21.50.24:849][303]LogModuleManager: Shutting down and abandoning module ShaderFormatVectorVM (125)
[2019.04.25-21.50.24:849][303]LogModuleManager: Shutting down and abandoning module ShaderFormatOpenGL (123)
[2019.04.25-21.50.24:849][303]LogModuleManager: Shutting down and abandoning module ShaderFormatD3D (121)
[2019.04.25-21.50.24:849][303]LogModuleManager: Shutting down and abandoning module MetalShaderFormat (119)
[2019.04.25-21.50.24:849][303]LogModuleManager: Shutting down and abandoning module TextureFormatUncompressed (117)
[2019.04.25-21.50.24:849][303]LogModuleManager: Shutting down and abandoning module TextureFormatPVR (115)
[2019.04.25-21.50.24:849][303]LogModuleManager: Shutting down and abandoning module TextureFormatDXT (113)
[2019.04.25-21.50.24:849][303]LogModuleManager: Shutting down and abandoning module TextureFormatIntelISPCTexComp (111)
[2019.04.25-21.50.24:849][303]LogModuleManager: Shutting down and abandoning module TextureFormatASTC (109)
[2019.04.25-21.50.24:849][303]LogModuleManager: Shutting down and abandoning module ImageWrapper (108)
[2019.04.25-21.50.24:849][303]LogModuleManager: Shutting down and abandoning module TextureFormatAndroid (105)
[2019.04.25-21.50.24:849][303]LogModuleManager: Shutting down and abandoning module AudioFormatOpus (103)
[2019.04.25-21.50.24:849][303]LogModuleManager: Shutting down and abandoning module AudioFormatOgg (101)
[2019.04.25-21.50.24:849][303]LogModuleManager: Shutting down and abandoning module AudioFormatADPCM (99)
[2019.04.25-21.50.24:849][303]LogModuleManager: Shutting down and abandoning module WindowsTargetPlatform (97)
[2019.04.25-21.50.24:849][303]LogModuleManager: Shutting down and abandoning module WindowsServerTargetPlatform (95)
[2019.04.25-21.50.24:849][303]LogModuleManager: Shutting down and abandoning module WindowsNoEditorTargetPlatform (93)
[2019.04.25-21.50.24:849][303]LogModuleManager: Shutting down and abandoning module WindowsClientTargetPlatform (91)
[2019.04.25-21.50.24:849][303]LogModuleManager: Shutting down and abandoning module InputCore (88)
[2019.04.25-21.50.24:849][303]LogModuleManager: Shutting down and abandoning module Settings (86)
[2019.04.25-21.50.24:849][303]LogModuleManager: Shutting down and abandoning module PhysXCooking (84)
[2019.04.25-21.50.24:849][303]LogModuleManager: Shutting down and abandoning module SteamVR (82)
[2019.04.25-21.50.24:849][303]LogModuleManager: Shutting down and abandoning module OculusHMD (80)
[2019.04.25-21.50.24:850][303]LogModuleManager: Shutting down and abandoning module ExampleDeviceProfileSelector (78)
[2019.04.25-21.50.24:850][303]LogModuleManager: Shutting down and abandoning module LauncherChunkInstaller (76)
[2019.04.25-21.50.24:850][303]LogModuleManager: Shutting down and abandoning module OnlineBlueprintSupport (74)
[2019.04.25-21.50.24:850][303]LogModuleManager: Shutting down and abandoning module OnlineSubsystem (70)
[2019.04.25-21.50.24:850][303]LogModuleManager: Shutting down and abandoning module XMPP (65)
[2019.04.25-21.50.24:850][303]LogModuleManager: Shutting down and abandoning module WebSockets (64)
[2019.04.25-21.50.24:875][303]LogModuleManager: Shutting down and abandoning module HTTP (61)
[2019.04.25-21.50.24:885][303]LogModuleManager: Shutting down and abandoning module SSL (60)
[2019.04.25-21.50.24:886][303]LogModuleManager: Shutting down and abandoning module MagicLeapEmulator (56)
[2019.04.25-21.50.24:886][303]LogModuleManager: Shutting down and abandoning module MagicLeapPrivileges (54)
[2019.04.25-21.50.24:886][303]LogModuleManager: Shutting down and abandoning module MagicLeapIdentity (52)
[2019.04.25-21.50.24:886][303]LogModuleManager: Shutting down and abandoning module MagicLeapHelperVulkan (50)
[2019.04.25-21.50.24:886][303]LogModuleManager: Shutting down and abandoning module MagicLeapHelperOpenGL (48)
[2019.04.25-21.50.24:886][303]LogModuleManager: Shutting down and abandoning module MagicLeapSecureStorage (46)
[2019.04.25-21.50.24:886][303]LogModuleManager: Shutting down and abandoning module MagicLeapGestures (44)
[2019.04.25-21.50.24:886][303]LogModuleManager: Shutting down and abandoning module MagicLeapEyeTracker (42)
[2019.04.25-21.50.24:886][303]LogModuleManager: Shutting down and abandoning module MagicLeapController (40)
[2019.04.25-21.50.24:886][303]LogSlate: Slate User Destroyed.  User Index 0, Is Virtual User: 0
[2019.04.25-21.50.24:886][303]LogModuleManager: Shutting down and abandoning module MagicLeap (38)
[2019.04.25-21.50.24:886][303]LogModuleManager: Shutting down and abandoning module AnimationModifiers (36)
[2019.04.25-21.50.24:886][303]LogModuleManager: Shutting down and abandoning module PropertyEditor (35)
[2019.04.25-21.50.24:887][303]LogModuleManager: Shutting down and abandoning module AudioEditor (32)
[2019.04.25-21.50.24:887][303]LogModuleManager: Shutting down and abandoning module TextureCompressor (30)
[2019.04.25-21.50.24:887][303]LogModuleManager: Shutting down and abandoning module ShaderCore (28)
[2019.04.25-21.50.24:887][303]LogModuleManager: Shutting down and abandoning module Landscape (26)
[2019.04.25-21.50.24:887][303]LogModuleManager: Shutting down and abandoning module SlateRHIRenderer (24)
[2019.04.25-21.50.24:887][303]LogModuleManager: Shutting down and abandoning module OpenGLDrv (22)
[2019.04.25-21.50.24:887][303]LogModuleManager: Shutting down and abandoning module D3D11RHI (20)
[2019.04.25-21.50.24:887][303]LogModuleManager: Shutting down and abandoning module AnimGraphRuntime (18)
[2019.04.25-21.50.24:887][303]LogModuleManager: Shutting down and abandoning module Renderer (16)
[2019.04.25-21.50.24:887][303]LogModuleManager: Shutting down and abandoning module Engine (14)
[2019.04.25-21.50.24:887][303]LogModuleManager: Shutting down and abandoning module CoreUObject (12)
[2019.04.25-21.50.24:887][303]LogModuleManager: Shutting down and abandoning module NetworkFile (10)
[2019.04.25-21.50.24:887][303]LogModuleManager: Shutting down and abandoning module CookedIterativeFile (8)
[2019.04.25-21.50.24:887][303]LogModuleManager: Shutting down and abandoning module StreamingFile (6)
[2019.04.25-21.50.24:887][303]LogModuleManager: Shutting down and abandoning module SandboxFile (4)
[2019.04.25-21.50.24:887][303]LogModuleManager: Shutting down and abandoning module PakFile (2)
[2019.04.25-21.50.24:890][303]LogExit: Exiting.
[2019.04.25-21.50.24:899][303]Log file closed, 04/25/19 22:50:24
